Vivado Simulator 2018.1
Copyright 1986-1999, 2001-2017 Xilinx, Inc. All Rights Reserved.
Running: D:/Xilinx/Vivado/2018.1/bin/unwrapped/win64.o/xelab.exe -wto b5319ea4d1204568bed12873f350a247 --incr --debug typical --relax --mt 2 --maxdelay -L xil_defaultlib -L simprims_ver -L secureip --snapshot parallel_ntt_0_butterfly_tb_time_impl -transport_int_delays -pulse_r 0 -pulse_int_r 0 -pulse_e 0 -pulse_int_e 0 xil_defaultlib.parallel_ntt_0_butterfly_tb xil_defaultlib.glbl -log elaborate.log 
Using 2 slave threads.
Starting static elaboration
Completed static elaboration
Starting simulation data flow analysis
Completed simulation data flow analysis
INFO: [XSIM 43-3451] SDF backannotation process started with SDF file "parallel_ntt_0_butterfly_tb_time_impl.sdf", for root module "parallel_ntt_0_butterfly_tb/DUT".
INFO: [XSIM 43-3452] SDF backannotation was successful for SDF file "parallel_ntt_0_butterfly_tb_time_impl.sdf", for root module "parallel_ntt_0_butterfly_tb/DUT".
Time Resolution for simulation is 1ps
Compiling module simprims_ver.OBUF
Compiling module simprims_ver.BUFGCE_default
Compiling module simprims_ver.IBUFCTRL_default
Compiling module simprims_ver.INBUF_default
Compiling module xil_defaultlib.IBUF_UNIQ_BASE_
Compiling module xil_defaultlib.IBUF_HD225
Compiling module xil_defaultlib.IBUF_HD226
Compiling module simprims_ver.VCC
Compiling module simprims_ver.x_lut1_mux2
Compiling module simprims_ver.LUT1
Compiling module simprims_ver.CARRY8
Compiling module simprims_ver.LUT5
Compiling module simprims_ver.x_lut2_mux4
Compiling module simprims_ver.LUT2
Compiling module simprims_ver.LUT6
Compiling module simprims_ver.LUT4
Compiling module simprims_ver.x_lut3_mux8
Compiling module simprims_ver.LUT3
Compiling module simprims_ver.SRL16E_default
Compiling module simprims_ver.FDRE_default
Compiling module simprims_ver.FDRE(IS_R_INVERTED=1'b1)
Compiling module xil_defaultlib.parallel_ntt_0_delay_line__param...
Compiling module simprims_ver.DSP_ALU(ALUMODEREG=0,CARRYINREG=...
Compiling module simprims_ver.DSP_A_B_DATA_default
Compiling module simprims_ver.DSP_C_DATA(CREG=0)
Compiling module simprims_ver.DSP_MULTIPLIER_default
Compiling module simprims_ver.DSP_M_DATA_default
Compiling module simprims_ver.DSP_OUTPUT(MASK=48'b0)
Compiling module simprims_ver.DSP_PREADD_DATA(INMODEREG=0)
Compiling module simprims_ver.DSP_PREADD
Compiling module xil_defaultlib.DSP48E2_UNIQ_BASE_
Compiling module simprims_ver.DSP_ALU(CARRYINREG=0,CARRYINSELR...
Compiling module simprims_ver.DSP_A_B_DATA(A_INPUT="CASCADE",B...
Compiling module xil_defaultlib.DSP48E2_HD227
Compiling module xil_defaultlib.parallel_ntt_0_delay_line__param...
Compiling module simprims_ver.DSP_A_B_DATA(ACASCREG=2,AREG=2,B...
Compiling module simprims_ver.DSP_MULTIPLIER(AMULTSEL="AD")
Compiling module simprims_ver.DSP_PREADD_DATA(AMULTSEL="AD",DR...
Compiling module xil_defaultlib.DSP48E2_HD228
Compiling module simprims_ver.GND
Compiling module xil_defaultlib.parallel_ntt_0_delay_line__param...
Compiling module xil_defaultlib.parallel_ntt_0_dsp_66
Compiling module xil_defaultlib.parallel_ntt_0_mult_gen_v12_0_14...
Compiling module xil_defaultlib.parallel_ntt_0_mult_gen_v12_0_14...
Compiling module xil_defaultlib.parallel_ntt_0_mult_gen_32x32__5
Compiling module xil_defaultlib.DSP48E2_HD229
Compiling module xil_defaultlib.DSP48E2_HD230
Compiling module xil_defaultlib.DSP48E2_HD231
Compiling module xil_defaultlib.DSP48E2_HD232
Compiling module simprims_ver.DSP_A_B_DATA(ACASCREG=2,AREG=2,B...
Compiling module xil_defaultlib.DSP48E2_HD233
Compiling module xil_defaultlib.DSP48E2_HD234
Compiling module xil_defaultlib.parallel_ntt_0_delay_line__param...
Compiling module xil_defaultlib.DSP48E2_HD235
Compiling module xil_defaultlib.DSP48E2_HD236
Compiling module xil_defaultlib.parallel_ntt_0_delay_line__param...
Compiling module xil_defaultlib.parallel_ntt_0_delay_line__param...
Compiling module xil_defaultlib.parallel_ntt_0_delay_line__param...
Compiling module xil_defaultlib.parallel_ntt_0_delay_line__param...
Compiling module xil_defaultlib.parallel_ntt_0_delay_line__param...
Compiling module xil_defaultlib.parallel_ntt_0_delay_line__param...
Compiling module xil_defaultlib.parallel_ntt_0_delay_line__param...
Compiling module xil_defaultlib.parallel_ntt_0_delay_line__param...
Compiling module xil_defaultlib.parallel_ntt_0_dsp__parameterize...
Compiling module xil_defaultlib.parallel_ntt_0_mult_gen_v12_0_14...
Compiling module xil_defaultlib.parallel_ntt_0_mult_gen_v12_0_14...
Compiling module xil_defaultlib.parallel_ntt_0_mult_gen_64x33__4
Compiling module xil_defaultlib.parallel_ntt_0_Barret_reduce__xd...
Compiling module simprims_ver.FDSE(IS_S_INVERTED=1'b1)
Compiling module simprims_ver.SRLC32E_default
Compiling module simprims_ver.RAMB36E2(CLOCK_DOMAINS="COMMON",...
Compiling module xil_defaultlib.parallel_ntt_0_blk_mem_gen_prim_...
Compiling module xil_defaultlib.parallel_ntt_0_blk_mem_gen_prim_...
Compiling module xil_defaultlib.parallel_ntt_0_blk_mem_gen_gener...
Compiling module xil_defaultlib.parallel_ntt_0_blk_mem_gen_top_8...
Compiling module xil_defaultlib.parallel_ntt_0_blk_mem_gen_v8_4_...
Compiling module xil_defaultlib.parallel_ntt_0_blk_mem_gen_v8_4_...
Compiling module xil_defaultlib.parallel_ntt_0_mem_dp__1
Compiling module simprims_ver.FDSE_default
Compiling module xil_defaultlib.parallel_ntt_0_delay_line__param...
Compiling module xil_defaultlib.DSP48E2_HD237
Compiling module xil_defaultlib.DSP48E2_HD238
Compiling module xil_defaultlib.parallel_ntt_0_delay_line__param...
Compiling module xil_defaultlib.DSP48E2_HD239
Compiling module simprims_ver.DSP_A_B_DATA(ACASCREG=2,AREG=2,A...
Compiling module xil_defaultlib.DSP48E2_HD240
Compiling module xil_defaultlib.parallel_ntt_0_delay_line__param...
Compiling module xil_defaultlib.parallel_ntt_0_delay_line__param...
Compiling module xil_defaultlib.parallel_ntt_0_dsp_89
Compiling module xil_defaultlib.parallel_ntt_0_mult_gen_v12_0_14...
Compiling module xil_defaultlib.parallel_ntt_0_mult_gen_v12_0_14...
Compiling module xil_defaultlib.parallel_ntt_0_mult_gen_32x32__4
Compiling module simprims_ver.RAMS32
Compiling module xil_defaultlib.RAM32X1S_UNIQ_BASE_
Compiling module xil_defaultlib.RAM32X1S_HD241
Compiling module xil_defaultlib.RAM32X1S_HD242
Compiling module xil_defaultlib.RAM32X1S_HD243
Compiling module xil_defaultlib.RAM32X1S_HD244
Compiling module xil_defaultlib.RAM32X1S_HD245
Compiling module xil_defaultlib.RAM32X1S_HD246
Compiling module xil_defaultlib.RAM32X1S_HD247
Compiling module xil_defaultlib.RAM32X1S_HD248
Compiling module xil_defaultlib.RAM32X1S_HD249
Compiling module xil_defaultlib.RAM32X1S_HD250
Compiling module xil_defaultlib.RAM32X1S_HD251
Compiling module xil_defaultlib.RAM32X1S_HD252
Compiling module xil_defaultlib.RAM32X1S_HD253
Compiling module xil_defaultlib.RAM32X1S_HD254
Compiling module xil_defaultlib.RAM32X1S_HD255
Compiling module xil_defaultlib.RAM32X1S_HD256
Compiling module xil_defaultlib.RAM32X1S_HD257
Compiling module xil_defaultlib.RAM32X1S_HD258
Compiling module xil_defaultlib.RAM32X1S_HD259
Compiling module xil_defaultlib.RAM32X1S_HD260
Compiling module xil_defaultlib.RAM32X1S_HD261
Compiling module xil_defaultlib.RAM32X1S_HD262
Compiling module xil_defaultlib.RAM32X1S_HD263
Compiling module xil_defaultlib.RAM32X1S_HD264
Compiling module xil_defaultlib.RAM32X1S_HD265
Compiling module xil_defaultlib.RAM32X1S_HD266
Compiling module xil_defaultlib.RAM32X1S_HD267
Compiling module xil_defaultlib.RAM32X1S_HD268
Compiling module xil_defaultlib.RAM32X1S_HD269
Compiling module xil_defaultlib.RAM32X1S_HD270
Compiling module xil_defaultlib.RAM32X1S_HD271
Compiling module xil_defaultlib.parallel_ntt_0_mem_sp
Compiling module xil_defaultlib.parallel_ntt_0_NTT_processor
Compiling module xil_defaultlib.parallel_ntt_0_delay_line__param...
Compiling module xil_defaultlib.DSP48E2_HD272
Compiling module xil_defaultlib.DSP48E2_HD273
Compiling module xil_defaultlib.parallel_ntt_0_delay_line__param...
Compiling module xil_defaultlib.DSP48E2_HD274
Compiling module xil_defaultlib.parallel_ntt_0_delay_line__param...
Compiling module xil_defaultlib.parallel_ntt_0_dsp_38
Compiling module xil_defaultlib.parallel_ntt_0_mult_gen_v12_0_14...
Compiling module xil_defaultlib.parallel_ntt_0_mult_gen_v12_0_14...
Compiling module xil_defaultlib.parallel_ntt_0_mult_gen_32x32__7
Compiling module xil_defaultlib.DSP48E2_HD275
Compiling module xil_defaultlib.DSP48E2_HD276
Compiling module xil_defaultlib.DSP48E2_HD277
Compiling module xil_defaultlib.DSP48E2_HD278
Compiling module xil_defaultlib.DSP48E2_HD279
Compiling module xil_defaultlib.DSP48E2_HD280
Compiling module xil_defaultlib.parallel_ntt_0_delay_line__param...
Compiling module xil_defaultlib.DSP48E2_HD281
Compiling module xil_defaultlib.DSP48E2_HD282
Compiling module xil_defaultlib.parallel_ntt_0_delay_line__param...
Compiling module xil_defaultlib.parallel_ntt_0_delay_line__param...
Compiling module xil_defaultlib.parallel_ntt_0_delay_line__param...
Compiling module xil_defaultlib.parallel_ntt_0_delay_line__param...
Compiling module xil_defaultlib.parallel_ntt_0_delay_line__param...
Compiling module xil_defaultlib.parallel_ntt_0_delay_line__param...
Compiling module xil_defaultlib.parallel_ntt_0_delay_line__param...
Compiling module xil_defaultlib.parallel_ntt_0_delay_line__param...
Compiling module xil_defaultlib.parallel_ntt_0_dsp__parameterize...
Compiling module xil_defaultlib.parallel_ntt_0_mult_gen_v12_0_14...
Compiling module xil_defaultlib.parallel_ntt_0_mult_gen_v12_0_14...
Compiling module xil_defaultlib.parallel_ntt_0_mult_gen_64x33__5
Compiling module xil_defaultlib.parallel_ntt_0_Barret_reduce__xd...
Compiling module xil_defaultlib.parallel_ntt_0_blk_mem_gen_prim_...
Compiling module xil_defaultlib.parallel_ntt_0_blk_mem_gen_prim_...
Compiling module xil_defaultlib.parallel_ntt_0_blk_mem_gen_gener...
Compiling module xil_defaultlib.parallel_ntt_0_blk_mem_gen_top_5...
Compiling module xil_defaultlib.parallel_ntt_0_blk_mem_gen_v8_4_...
Compiling module xil_defaultlib.parallel_ntt_0_blk_mem_gen_v8_4_...
Compiling module xil_defaultlib.parallel_ntt_0_mem_dp__2
Compiling module xil_defaultlib.parallel_ntt_0_delay_line__param...
Compiling module xil_defaultlib.DSP48E2_HD283
Compiling module xil_defaultlib.DSP48E2_HD284
Compiling module xil_defaultlib.parallel_ntt_0_delay_line__param...
Compiling module xil_defaultlib.DSP48E2_HD285
Compiling module xil_defaultlib.DSP48E2_HD286
Compiling module xil_defaultlib.parallel_ntt_0_delay_line__param...
Compiling module xil_defaultlib.parallel_ntt_0_delay_line__param...
Compiling module xil_defaultlib.parallel_ntt_0_dsp_61
Compiling module xil_defaultlib.parallel_ntt_0_mult_gen_v12_0_14...
Compiling module xil_defaultlib.parallel_ntt_0_mult_gen_v12_0_14...
Compiling module xil_defaultlib.parallel_ntt_0_mult_gen_32x32__6
Compiling module xil_defaultlib.RAM32X1S_HD287
Compiling module xil_defaultlib.RAM32X1S_HD288
Compiling module xil_defaultlib.RAM32X1S_HD289
Compiling module xil_defaultlib.RAM32X1S_HD290
Compiling module xil_defaultlib.RAM32X1S_HD291
Compiling module xil_defaultlib.RAM32X1S_HD292
Compiling module xil_defaultlib.RAM32X1S_HD293
Compiling module xil_defaultlib.RAM32X1S_HD294
Compiling module xil_defaultlib.RAM32X1S_HD295
Compiling module xil_defaultlib.RAM32X1S_HD296
Compiling module xil_defaultlib.RAM32X1S_HD297
Compiling module xil_defaultlib.RAM32X1S_HD298
Compiling module xil_defaultlib.RAM32X1S_HD299
Compiling module xil_defaultlib.RAM32X1S_HD300
Compiling module xil_defaultlib.RAM32X1S_HD301
Compiling module xil_defaultlib.RAM32X1S_HD302
Compiling module xil_defaultlib.RAM32X1S_HD303
Compiling module xil_defaultlib.RAM32X1S_HD304
Compiling module xil_defaultlib.RAM32X1S_HD305
Compiling module xil_defaultlib.RAM32X1S_HD306
Compiling module xil_defaultlib.RAM32X1S_HD307
Compiling module xil_defaultlib.RAM32X1S_HD308
Compiling module xil_defaultlib.RAM32X1S_HD309
Compiling module xil_defaultlib.RAM32X1S_HD310
Compiling module xil_defaultlib.RAM32X1S_HD311
Compiling module xil_defaultlib.RAM32X1S_HD312
Compiling module xil_defaultlib.RAM32X1S_HD313
Compiling module xil_defaultlib.RAM32X1S_HD314
Compiling module xil_defaultlib.RAM32X1S_HD315
Compiling module xil_defaultlib.RAM32X1S_HD316
Compiling module xil_defaultlib.RAM32X1S_HD317
Compiling module xil_defaultlib.RAM32X1S_HD318
Compiling module xil_defaultlib.parallel_ntt_0_mem_sp__parameter...
Compiling module xil_defaultlib.parallel_ntt_0_NTT_processor__pa...
Compiling module xil_defaultlib.parallel_ntt_0_delay_line__param...
Compiling module xil_defaultlib.DSP48E2_HD319
Compiling module xil_defaultlib.DSP48E2_HD320
Compiling module xil_defaultlib.parallel_ntt_0_delay_line__param...
Compiling module xil_defaultlib.DSP48E2_HD321
Compiling module xil_defaultlib.parallel_ntt_0_delay_line__param...
Compiling module xil_defaultlib.parallel_ntt_0_dsp_10
Compiling module xil_defaultlib.parallel_ntt_0_mult_gen_v12_0_14...
Compiling module xil_defaultlib.parallel_ntt_0_mult_gen_v12_0_14...
Compiling module xil_defaultlib.parallel_ntt_0_mult_gen_32x32__9
Compiling module xil_defaultlib.DSP48E2_HD322
Compiling module xil_defaultlib.DSP48E2_HD323
Compiling module xil_defaultlib.DSP48E2_HD324
Compiling module xil_defaultlib.DSP48E2_HD325
Compiling module xil_defaultlib.DSP48E2_HD326
Compiling module xil_defaultlib.DSP48E2_HD327
Compiling module xil_defaultlib.parallel_ntt_0_delay_line__param...
Compiling module xil_defaultlib.DSP48E2_HD328
Compiling module xil_defaultlib.DSP48E2_HD329
Compiling module xil_defaultlib.parallel_ntt_0_delay_line__param...
Compiling module xil_defaultlib.parallel_ntt_0_delay_line__param...
Compiling module xil_defaultlib.parallel_ntt_0_delay_line__param...
Compiling module xil_defaultlib.parallel_ntt_0_delay_line__param...
Compiling module xil_defaultlib.parallel_ntt_0_delay_line__param...
Compiling module xil_defaultlib.parallel_ntt_0_delay_line__param...
Compiling module xil_defaultlib.parallel_ntt_0_delay_line__param...
Compiling module xil_defaultlib.parallel_ntt_0_delay_line__param...
Compiling module xil_defaultlib.parallel_ntt_0_dsp__parameterize...
Compiling module xil_defaultlib.parallel_ntt_0_mult_gen_v12_0_14...
Compiling module xil_defaultlib.parallel_ntt_0_mult_gen_v12_0_14...
Compiling module xil_defaultlib.parallel_ntt_0_mult_gen_64x33__6
Compiling module xil_defaultlib.parallel_ntt_0_Barret_reduce__xd...
Compiling module xil_defaultlib.parallel_ntt_0_blk_mem_gen_prim_...
Compiling module xil_defaultlib.parallel_ntt_0_blk_mem_gen_prim_...
Compiling module xil_defaultlib.parallel_ntt_0_blk_mem_gen_gener...
Compiling module xil_defaultlib.parallel_ntt_0_blk_mem_gen_top_2...
Compiling module xil_defaultlib.parallel_ntt_0_blk_mem_gen_v8_4_...
Compiling module xil_defaultlib.parallel_ntt_0_blk_mem_gen_v8_4_...
Compiling module xil_defaultlib.parallel_ntt_0_mem_dp__3
Compiling module xil_defaultlib.parallel_ntt_0_delay_line__param...
Compiling module xil_defaultlib.DSP48E2_HD330
Compiling module xil_defaultlib.DSP48E2_HD331
Compiling module xil_defaultlib.parallel_ntt_0_delay_line__param...
Compiling module xil_defaultlib.DSP48E2_HD332
Compiling module xil_defaultlib.DSP48E2_HD333
Compiling module xil_defaultlib.parallel_ntt_0_delay_line__param...
Compiling module xil_defaultlib.parallel_ntt_0_delay_line__param...
Compiling module xil_defaultlib.parallel_ntt_0_dsp_33
Compiling module xil_defaultlib.parallel_ntt_0_mult_gen_v12_0_14...
Compiling module xil_defaultlib.parallel_ntt_0_mult_gen_v12_0_14...
Compiling module xil_defaultlib.parallel_ntt_0_mult_gen_32x32__8
Compiling module xil_defaultlib.RAM32X1S_HD334
Compiling module xil_defaultlib.RAM32X1S_HD335
Compiling module xil_defaultlib.RAM32X1S_HD336
Compiling module xil_defaultlib.RAM32X1S_HD337
Compiling module xil_defaultlib.RAM32X1S_HD338
Compiling module xil_defaultlib.RAM32X1S_HD339
Compiling module xil_defaultlib.RAM32X1S_HD340
Compiling module xil_defaultlib.RAM32X1S_HD341
Compiling module xil_defaultlib.RAM32X1S_HD342
Compiling module xil_defaultlib.RAM32X1S_HD343
Compiling module xil_defaultlib.RAM32X1S_HD344
Compiling module xil_defaultlib.RAM32X1S_HD345
Compiling module xil_defaultlib.RAM32X1S_HD346
Compiling module xil_defaultlib.RAM32X1S_HD347
Compiling module xil_defaultlib.RAM32X1S_HD348
Compiling module xil_defaultlib.RAM32X1S_HD349
Compiling module xil_defaultlib.RAM32X1S_HD350
Compiling module xil_defaultlib.RAM32X1S_HD351
Compiling module xil_defaultlib.RAM32X1S_HD352
Compiling module xil_defaultlib.RAM32X1S_HD353
Compiling module xil_defaultlib.RAM32X1S_HD354
Compiling module xil_defaultlib.RAM32X1S_HD355
Compiling module xil_defaultlib.RAM32X1S_HD356
Compiling module xil_defaultlib.RAM32X1S_HD357
Compiling module xil_defaultlib.RAM32X1S_HD358
Compiling module xil_defaultlib.RAM32X1S_HD359
Compiling module xil_defaultlib.RAM32X1S_HD360
Compiling module xil_defaultlib.RAM32X1S_HD361
Compiling module xil_defaultlib.RAM32X1S_HD362
Compiling module xil_defaultlib.RAM32X1S_HD363
Compiling module xil_defaultlib.RAM32X1S_HD364
Compiling module xil_defaultlib.RAM32X1S_HD365
Compiling module xil_defaultlib.parallel_ntt_0_mem_sp__parameter...
Compiling module xil_defaultlib.parallel_ntt_0_NTT_processor__pa...
Compiling module xil_defaultlib.parallel_ntt_0_delay_line__param...
Compiling module xil_defaultlib.DSP48E2_HD366
Compiling module xil_defaultlib.DSP48E2_HD367
Compiling module xil_defaultlib.parallel_ntt_0_delay_line__param...
Compiling module xil_defaultlib.DSP48E2_HD368
Compiling module xil_defaultlib.parallel_ntt_0_delay_line__param...
Compiling module xil_defaultlib.parallel_ntt_0_dsp
Compiling module xil_defaultlib.parallel_ntt_0_mult_gen_v12_0_14...
Compiling module xil_defaultlib.parallel_ntt_0_mult_gen_v12_0_14
Compiling module xil_defaultlib.parallel_ntt_0_mult_gen_32x32
Compiling module xil_defaultlib.DSP48E2_HD369
Compiling module xil_defaultlib.DSP48E2_HD370
Compiling module xil_defaultlib.DSP48E2_HD371
Compiling module xil_defaultlib.DSP48E2_HD372
Compiling module xil_defaultlib.DSP48E2_HD373
Compiling module xil_defaultlib.DSP48E2_HD374
Compiling module xil_defaultlib.parallel_ntt_0_delay_line__param...
Compiling module xil_defaultlib.DSP48E2_HD375
Compiling module xil_defaultlib.DSP48E2_HD376
Compiling module xil_defaultlib.parallel_ntt_0_delay_line__param...
Compiling module xil_defaultlib.parallel_ntt_0_delay_line__param...
Compiling module xil_defaultlib.parallel_ntt_0_delay_line__param...
Compiling module xil_defaultlib.parallel_ntt_0_delay_line__param...
Compiling module xil_defaultlib.parallel_ntt_0_delay_line__param...
Compiling module xil_defaultlib.parallel_ntt_0_delay_line__param...
Compiling module xil_defaultlib.parallel_ntt_0_delay_line__param...
Compiling module xil_defaultlib.parallel_ntt_0_delay_line__param...
Compiling module xil_defaultlib.parallel_ntt_0_dsp__parameterize...
Compiling module xil_defaultlib.parallel_ntt_0_mult_gen_v12_0_14...
Compiling module xil_defaultlib.parallel_ntt_0_mult_gen_v12_0_14...
Compiling module xil_defaultlib.parallel_ntt_0_mult_gen_64x33
Compiling module xil_defaultlib.parallel_ntt_0_Barret_reduce
Compiling module xil_defaultlib.parallel_ntt_0_blk_mem_gen_prim_...
Compiling module xil_defaultlib.parallel_ntt_0_blk_mem_gen_prim_...
Compiling module xil_defaultlib.parallel_ntt_0_blk_mem_gen_gener...
Compiling module xil_defaultlib.parallel_ntt_0_blk_mem_gen_top
Compiling module xil_defaultlib.parallel_ntt_0_blk_mem_gen_v8_4_...
Compiling module xil_defaultlib.parallel_ntt_0_blk_mem_gen_v8_4_...
Compiling module xil_defaultlib.parallel_ntt_0_mem_dp
Compiling module xil_defaultlib.parallel_ntt_0_delay_line__param...
Compiling module xil_defaultlib.DSP48E2_HD377
Compiling module xil_defaultlib.DSP48E2_HD378
Compiling module xil_defaultlib.parallel_ntt_0_delay_line__param...
Compiling module xil_defaultlib.DSP48E2_HD379
Compiling module xil_defaultlib.DSP48E2_HD380
Compiling module xil_defaultlib.parallel_ntt_0_delay_line__param...
Compiling module xil_defaultlib.parallel_ntt_0_delay_line__param...
Compiling module xil_defaultlib.parallel_ntt_0_dsp_5
Compiling module xil_defaultlib.parallel_ntt_0_mult_gen_v12_0_14...
Compiling module xil_defaultlib.parallel_ntt_0_mult_gen_v12_0_14...
Compiling module xil_defaultlib.parallel_ntt_0_mult_gen_32x32__1...
Compiling module xil_defaultlib.RAM32X1S_HD381
Compiling module xil_defaultlib.RAM32X1S_HD382
Compiling module xil_defaultlib.RAM32X1S_HD383
Compiling module xil_defaultlib.RAM32X1S_HD384
Compiling module xil_defaultlib.RAM32X1S_HD385
Compiling module xil_defaultlib.RAM32X1S_HD386
Compiling module xil_defaultlib.RAM32X1S_HD387
Compiling module xil_defaultlib.RAM32X1S_HD388
Compiling module xil_defaultlib.RAM32X1S_HD389
Compiling module xil_defaultlib.RAM32X1S_HD390
Compiling module xil_defaultlib.RAM32X1S_HD391
Compiling module xil_defaultlib.RAM32X1S_HD392
Compiling module xil_defaultlib.RAM32X1S_HD393
Compiling module xil_defaultlib.RAM32X1S_HD394
Compiling module xil_defaultlib.RAM32X1S_HD395
Compiling module xil_defaultlib.RAM32X1S_HD396
Compiling module xil_defaultlib.RAM32X1S_HD397
Compiling module xil_defaultlib.RAM32X1S_HD398
Compiling module xil_defaultlib.RAM32X1S_HD399
Compiling module xil_defaultlib.RAM32X1S_HD400
Compiling module xil_defaultlib.RAM32X1S_HD401
Compiling module xil_defaultlib.RAM32X1S_HD402
Compiling module xil_defaultlib.RAM32X1S_HD403
Compiling module xil_defaultlib.RAM32X1S_HD404
Compiling module xil_defaultlib.RAM32X1S_HD405
Compiling module xil_defaultlib.RAM32X1S_HD406
Compiling module xil_defaultlib.RAM32X1S_HD407
Compiling module xil_defaultlib.RAM32X1S_HD408
Compiling module xil_defaultlib.RAM32X1S_HD409
Compiling module xil_defaultlib.RAM32X1S_HD410
Compiling module xil_defaultlib.RAM32X1S_HD411
Compiling module xil_defaultlib.RAM32X1S_HD412
Compiling module xil_defaultlib.parallel_ntt_0_mem_sp__parameter...
Compiling module xil_defaultlib.parallel_ntt_0_NTT_processor__pa...
Compiling module xil_defaultlib.parallel_ntt_0_parallel_NTT_top
Compiling module xil_defaultlib.parallel_ntt_0_parallel_ntt_v1_0...
Compiling module xil_defaultlib.parallel_ntt_0_parallel_ntt_v1_0...
Compiling module xil_defaultlib.parallel_ntt_0_parallel_ntt_v1_0
Compiling module xil_defaultlib.parallel_ntt_0
Compiling module xil_defaultlib.IBUF_HD413
Compiling module xil_defaultlib.IBUF_HD414
Compiling module xil_defaultlib.IBUF_HD415
Compiling module xil_defaultlib.IBUF_HD416
Compiling module xil_defaultlib.IBUF_HD417
Compiling module xil_defaultlib.IBUF_HD418
Compiling module xil_defaultlib.IBUF_HD419
Compiling module xil_defaultlib.IBUF_HD420
Compiling module xil_defaultlib.IBUF_HD421
Compiling module xil_defaultlib.IBUF_HD422
Compiling module xil_defaultlib.IBUF_HD423
Compiling module xil_defaultlib.IBUF_HD424
Compiling module xil_defaultlib.IBUF_HD425
Compiling module xil_defaultlib.IBUF_HD426
Compiling module xil_defaultlib.IBUF_HD427
Compiling module xil_defaultlib.IBUF_HD428
Compiling module xil_defaultlib.IBUF_HD429
Compiling module xil_defaultlib.IBUF_HD430
Compiling module xil_defaultlib.IBUF_HD431
Compiling module xil_defaultlib.IBUF_HD432
Compiling module xil_defaultlib.IBUF_HD433
Compiling module xil_defaultlib.IBUF_HD434
Compiling module xil_defaultlib.IBUF_HD435
Compiling module xil_defaultlib.IBUF_HD436
Compiling module xil_defaultlib.IBUF_HD437
Compiling module xil_defaultlib.IBUF_HD438
Compiling module xil_defaultlib.IBUF_HD439
Compiling module xil_defaultlib.IBUF_HD440
Compiling module xil_defaultlib.IBUF_HD441
Compiling module xil_defaultlib.IBUF_HD442
Compiling module xil_defaultlib.IBUF_HD443
Compiling module xil_defaultlib.IBUF_HD444
Compiling module xil_defaultlib.IBUF_HD445
Compiling module xil_defaultlib.IBUF_HD446
Compiling module xil_defaultlib.IBUF_HD447
Compiling module xil_defaultlib.IBUF_HD448
Compiling module xil_defaultlib.parallel_ntt_0_wrapper
Compiling module xil_defaultlib.parallel_ntt_0_butterfly_tb
Compiling module xil_defaultlib.glbl
Built simulation snapshot parallel_ntt_0_butterfly_tb_time_impl
