INFO: [VRFC 10-2263] Analyzing Verilog file "E:/Dropbox/FHE/my project/Parallel NTT/hardware/parallel_NTT/parallel_NTT.sim/sim_ntt/impl/timing/xsim/parallel_ntt_0_butterfly_tb_time_impl.v" into library xil_defaultlib
INFO: [VRFC 10-311] analyzing module IBUF_UNIQ_BASE_
INFO: [VRFC 10-311] analyzing module IBUF_HD225
INFO: [VRFC 10-311] analyzing module IBUF_HD226
INFO: [VRFC 10-311] analyzing module IBUF_HD413
INFO: [VRFC 10-311] analyzing module IBUF_HD414
INFO: [VRFC 10-311] analyzing module IBUF_HD415
INFO: [VRFC 10-311] analyzing module IBUF_HD416
INFO: [VRFC 10-311] analyzing module IBUF_HD417
INFO: [VRFC 10-311] analyzing module IBUF_HD418
INFO: [VRFC 10-311] analyzing module IBUF_HD419
INFO: [VRFC 10-311] analyzing module IBUF_HD420
INFO: [VRFC 10-311] analyzing module IBUF_HD421
INFO: [VRFC 10-311] analyzing module IBUF_HD422
INFO: [VRFC 10-311] analyzing module IBUF_HD423
INFO: [VRFC 10-311] analyzing module IBUF_HD424
INFO: [VRFC 10-311] analyzing module IBUF_HD425
INFO: [VRFC 10-311] analyzing module IBUF_HD426
INFO: [VRFC 10-311] analyzing module IBUF_HD427
INFO: [VRFC 10-311] analyzing module IBUF_HD428
INFO: [VRFC 10-311] analyzing module IBUF_HD429
INFO: [VRFC 10-311] analyzing module IBUF_HD430
INFO: [VRFC 10-311] analyzing module IBUF_HD431
INFO: [VRFC 10-311] analyzing module IBUF_HD432
INFO: [VRFC 10-311] analyzing module IBUF_HD433
INFO: [VRFC 10-311] analyzing module IBUF_HD434
INFO: [VRFC 10-311] analyzing module IBUF_HD435
INFO: [VRFC 10-311] analyzing module IBUF_HD436
INFO: [VRFC 10-311] analyzing module IBUF_HD437
INFO: [VRFC 10-311] analyzing module IBUF_HD438
INFO: [VRFC 10-311] analyzing module IBUF_HD439
INFO: [VRFC 10-311] analyzing module IBUF_HD440
INFO: [VRFC 10-311] analyzing module IBUF_HD441
INFO: [VRFC 10-311] analyzing module IBUF_HD442
INFO: [VRFC 10-311] analyzing module IBUF_HD443
INFO: [VRFC 10-311] analyzing module IBUF_HD444
INFO: [VRFC 10-311] analyzing module IBUF_HD445
INFO: [VRFC 10-311] analyzing module IBUF_HD446
INFO: [VRFC 10-311] analyzing module IBUF_HD447
INFO: [VRFC 10-311] analyzing module IBUF_HD448
INFO: [VRFC 10-311] analyzing module RAM32X1S_UNIQ_BASE_
INFO: [VRFC 10-311] analyzing module RAM32X1S_HD241
INFO: [VRFC 10-311] analyzing module RAM32X1S_HD242
INFO: [VRFC 10-311] analyzing module RAM32X1S_HD243
INFO: [VRFC 10-311] analyzing module RAM32X1S_HD244
INFO: [VRFC 10-311] analyzing module RAM32X1S_HD245
INFO: [VRFC 10-311] analyzing module RAM32X1S_HD246
INFO: [VRFC 10-311] analyzing module RAM32X1S_HD247
INFO: [VRFC 10-311] analyzing module RAM32X1S_HD248
INFO: [VRFC 10-311] analyzing module RAM32X1S_HD249
INFO: [VRFC 10-311] analyzing module RAM32X1S_HD250
INFO: [VRFC 10-311] analyzing module RAM32X1S_HD251
INFO: [VRFC 10-311] analyzing module RAM32X1S_HD252
INFO: [VRFC 10-311] analyzing module RAM32X1S_HD253
INFO: [VRFC 10-311] analyzing module RAM32X1S_HD254
INFO: [VRFC 10-311] analyzing module RAM32X1S_HD255
INFO: [VRFC 10-311] analyzing module RAM32X1S_HD256
INFO: [VRFC 10-311] analyzing module RAM32X1S_HD257
INFO: [VRFC 10-311] analyzing module RAM32X1S_HD258
INFO: [VRFC 10-311] analyzing module RAM32X1S_HD259
INFO: [VRFC 10-311] analyzing module RAM32X1S_HD260
INFO: [VRFC 10-311] analyzing module RAM32X1S_HD261
INFO: [VRFC 10-311] analyzing module RAM32X1S_HD262
INFO: [VRFC 10-311] analyzing module RAM32X1S_HD263
INFO: [VRFC 10-311] analyzing module RAM32X1S_HD264
INFO: [VRFC 10-311] analyzing module RAM32X1S_HD265
INFO: [VRFC 10-311] analyzing module RAM32X1S_HD266
INFO: [VRFC 10-311] analyzing module RAM32X1S_HD267
INFO: [VRFC 10-311] analyzing module RAM32X1S_HD268
INFO: [VRFC 10-311] analyzing module RAM32X1S_HD269
INFO: [VRFC 10-311] analyzing module RAM32X1S_HD270
INFO: [VRFC 10-311] analyzing module RAM32X1S_HD271
INFO: [VRFC 10-311] analyzing module RAM32X1S_HD287
INFO: [VRFC 10-311] analyzing module RAM32X1S_HD288
INFO: [VRFC 10-311] analyzing module RAM32X1S_HD289
INFO: [VRFC 10-311] analyzing module RAM32X1S_HD290
INFO: [VRFC 10-311] analyzing module RAM32X1S_HD291
INFO: [VRFC 10-311] analyzing module RAM32X1S_HD292
INFO: [VRFC 10-311] analyzing module RAM32X1S_HD293
INFO: [VRFC 10-311] analyzing module RAM32X1S_HD294
INFO: [VRFC 10-311] analyzing module RAM32X1S_HD295
INFO: [VRFC 10-311] analyzing module RAM32X1S_HD296
INFO: [VRFC 10-311] analyzing module RAM32X1S_HD297
INFO: [VRFC 10-311] analyzing module RAM32X1S_HD298
INFO: [VRFC 10-311] analyzing module RAM32X1S_HD299
INFO: [VRFC 10-311] analyzing module RAM32X1S_HD300
INFO: [VRFC 10-311] analyzing module RAM32X1S_HD301
INFO: [VRFC 10-311] analyzing module RAM32X1S_HD302
INFO: [VRFC 10-311] analyzing module RAM32X1S_HD303
INFO: [VRFC 10-311] analyzing module RAM32X1S_HD304
INFO: [VRFC 10-311] analyzing module RAM32X1S_HD305
INFO: [VRFC 10-311] analyzing module RAM32X1S_HD306
INFO: [VRFC 10-311] analyzing module RAM32X1S_HD307
INFO: [VRFC 10-311] analyzing module RAM32X1S_HD308
INFO: [VRFC 10-311] analyzing module RAM32X1S_HD309
INFO: [VRFC 10-311] analyzing module RAM32X1S_HD310
INFO: [VRFC 10-311] analyzing module RAM32X1S_HD311
INFO: [VRFC 10-311] analyzing module RAM32X1S_HD312
INFO: [VRFC 10-311] analyzing module RAM32X1S_HD313
INFO: [VRFC 10-311] analyzing module RAM32X1S_HD314
INFO: [VRFC 10-311] analyzing module RAM32X1S_HD315
INFO: [VRFC 10-311] analyzing module RAM32X1S_HD316
INFO: [VRFC 10-311] analyzing module RAM32X1S_HD317
INFO: [VRFC 10-311] analyzing module RAM32X1S_HD318
INFO: [VRFC 10-311] analyzing module RAM32X1S_HD334
INFO: [VRFC 10-311] analyzing module RAM32X1S_HD335
INFO: [VRFC 10-311] analyzing module RAM32X1S_HD336
INFO: [VRFC 10-311] analyzing module RAM32X1S_HD337
INFO: [VRFC 10-311] analyzing module RAM32X1S_HD338
INFO: [VRFC 10-311] analyzing module RAM32X1S_HD339
INFO: [VRFC 10-311] analyzing module RAM32X1S_HD340
INFO: [VRFC 10-311] analyzing module RAM32X1S_HD341
INFO: [VRFC 10-311] analyzing module RAM32X1S_HD342
INFO: [VRFC 10-311] analyzing module RAM32X1S_HD343
INFO: [VRFC 10-311] analyzing module RAM32X1S_HD344
INFO: [VRFC 10-311] analyzing module RAM32X1S_HD345
INFO: [VRFC 10-311] analyzing module RAM32X1S_HD346
INFO: [VRFC 10-311] analyzing module RAM32X1S_HD347
INFO: [VRFC 10-311] analyzing module RAM32X1S_HD348
INFO: [VRFC 10-311] analyzing module RAM32X1S_HD349
INFO: [VRFC 10-311] analyzing module RAM32X1S_HD350
INFO: [VRFC 10-311] analyzing module RAM32X1S_HD351
INFO: [VRFC 10-311] analyzing module RAM32X1S_HD352
INFO: [VRFC 10-311] analyzing module RAM32X1S_HD353
INFO: [VRFC 10-311] analyzing module RAM32X1S_HD354
INFO: [VRFC 10-311] analyzing module RAM32X1S_HD355
INFO: [VRFC 10-311] analyzing module RAM32X1S_HD356
INFO: [VRFC 10-311] analyzing module RAM32X1S_HD357
INFO: [VRFC 10-311] analyzing module RAM32X1S_HD358
INFO: [VRFC 10-311] analyzing module RAM32X1S_HD359
INFO: [VRFC 10-311] analyzing module RAM32X1S_HD360
INFO: [VRFC 10-311] analyzing module RAM32X1S_HD361
INFO: [VRFC 10-311] analyzing module RAM32X1S_HD362
INFO: [VRFC 10-311] analyzing module RAM32X1S_HD363
INFO: [VRFC 10-311] analyzing module RAM32X1S_HD364
INFO: [VRFC 10-311] analyzing module RAM32X1S_HD365
INFO: [VRFC 10-311] analyzing module RAM32X1S_HD381
INFO: [VRFC 10-311] analyzing module RAM32X1S_HD382
INFO: [VRFC 10-311] analyzing module RAM32X1S_HD383
INFO: [VRFC 10-311] analyzing module RAM32X1S_HD384
INFO: [VRFC 10-311] analyzing module RAM32X1S_HD385
INFO: [VRFC 10-311] analyzing module RAM32X1S_HD386
INFO: [VRFC 10-311] analyzing module RAM32X1S_HD387
INFO: [VRFC 10-311] analyzing module RAM32X1S_HD388
INFO: [VRFC 10-311] analyzing module RAM32X1S_HD389
INFO: [VRFC 10-311] analyzing module RAM32X1S_HD390
INFO: [VRFC 10-311] analyzing module RAM32X1S_HD391
INFO: [VRFC 10-311] analyzing module RAM32X1S_HD392
INFO: [VRFC 10-311] analyzing module RAM32X1S_HD393
INFO: [VRFC 10-311] analyzing module RAM32X1S_HD394
INFO: [VRFC 10-311] analyzing module RAM32X1S_HD395
INFO: [VRFC 10-311] analyzing module RAM32X1S_HD396
INFO: [VRFC 10-311] analyzing module RAM32X1S_HD397
INFO: [VRFC 10-311] analyzing module RAM32X1S_HD398
INFO: [VRFC 10-311] analyzing module RAM32X1S_HD399
INFO: [VRFC 10-311] analyzing module RAM32X1S_HD400
INFO: [VRFC 10-311] analyzing module RAM32X1S_HD401
INFO: [VRFC 10-311] analyzing module RAM32X1S_HD402
INFO: [VRFC 10-311] analyzing module RAM32X1S_HD403
INFO: [VRFC 10-311] analyzing module RAM32X1S_HD404
INFO: [VRFC 10-311] analyzing module RAM32X1S_HD405
INFO: [VRFC 10-311] analyzing module RAM32X1S_HD406
INFO: [VRFC 10-311] analyzing module RAM32X1S_HD407
INFO: [VRFC 10-311] analyzing module RAM32X1S_HD408
INFO: [VRFC 10-311] analyzing module RAM32X1S_HD409
INFO: [VRFC 10-311] analyzing module RAM32X1S_HD410
INFO: [VRFC 10-311] analyzing module RAM32X1S_HD411
INFO: [VRFC 10-311] analyzing module RAM32X1S_HD412
INFO: [VRFC 10-311] analyzing module parallel_ntt_0
INFO: [VRFC 10-311] analyzing module parallel_ntt_0_Barret_reduce
INFO: [VRFC 10-311] analyzing module parallel_ntt_0_Barret_reduce__xdcDup__1
INFO: [VRFC 10-311] analyzing module parallel_ntt_0_Barret_reduce__xdcDup__2
INFO: [VRFC 10-311] analyzing module parallel_ntt_0_Barret_reduce__xdcDup__3
INFO: [VRFC 10-311] analyzing module parallel_ntt_0_NTT_processor
INFO: [VRFC 10-311] analyzing module parallel_ntt_0_NTT_processor__parameterized0
INFO: [VRFC 10-311] analyzing module parallel_ntt_0_NTT_processor__parameterized1
INFO: [VRFC 10-311] analyzing module parallel_ntt_0_NTT_processor__parameterized2
INFO: [VRFC 10-311] analyzing module parallel_ntt_0_mem_dp
INFO: [VRFC 10-311] analyzing module parallel_ntt_0_mem_dp__1
INFO: [VRFC 10-311] analyzing module parallel_ntt_0_mem_dp__2
INFO: [VRFC 10-311] analyzing module parallel_ntt_0_mem_dp__3
INFO: [VRFC 10-311] analyzing module parallel_ntt_0_mem_sp
INFO: [VRFC 10-311] analyzing module parallel_ntt_0_mem_sp__parameterized0
INFO: [VRFC 10-311] analyzing module parallel_ntt_0_mem_sp__parameterized1
INFO: [VRFC 10-311] analyzing module parallel_ntt_0_mem_sp__parameterized2
INFO: [VRFC 10-311] analyzing module parallel_ntt_0_mult_gen_32x32
INFO: [VRFC 10-311] analyzing module parallel_ntt_0_mult_gen_32x32__10
INFO: [VRFC 10-311] analyzing module parallel_ntt_0_mult_gen_32x32__4
INFO: [VRFC 10-311] analyzing module parallel_ntt_0_mult_gen_32x32__5
INFO: [VRFC 10-311] analyzing module parallel_ntt_0_mult_gen_32x32__6
INFO: [VRFC 10-311] analyzing module parallel_ntt_0_mult_gen_32x32__7
INFO: [VRFC 10-311] analyzing module parallel_ntt_0_mult_gen_32x32__8
INFO: [VRFC 10-311] analyzing module parallel_ntt_0_mult_gen_32x32__9
INFO: [VRFC 10-311] analyzing module parallel_ntt_0_mult_gen_64x33
INFO: [VRFC 10-311] analyzing module parallel_ntt_0_mult_gen_64x33__4
INFO: [VRFC 10-311] analyzing module parallel_ntt_0_mult_gen_64x33__5
INFO: [VRFC 10-311] analyzing module parallel_ntt_0_mult_gen_64x33__6
INFO: [VRFC 10-311] analyzing module parallel_ntt_0_parallel_NTT_top
INFO: [VRFC 10-311] analyzing module parallel_ntt_0_parallel_ntt_v1_0
INFO: [VRFC 10-311] analyzing module parallel_ntt_0_parallel_ntt_v1_0_M_AXIS
INFO: [VRFC 10-311] analyzing module parallel_ntt_0_parallel_ntt_v1_0_S_AXIS
INFO: [VRFC 10-311] analyzing module parallel_ntt_0_wrapper
INFO: [VRFC 10-311] analyzing module parallel_ntt_0_blk_mem_gen_generic_cstr
INFO: [VRFC 10-311] analyzing module parallel_ntt_0_blk_mem_gen_generic_cstr_30
INFO: [VRFC 10-311] analyzing module parallel_ntt_0_blk_mem_gen_generic_cstr_58
INFO: [VRFC 10-311] analyzing module parallel_ntt_0_blk_mem_gen_generic_cstr_86
INFO: [VRFC 10-311] analyzing module parallel_ntt_0_blk_mem_gen_prim_width
INFO: [VRFC 10-311] analyzing module parallel_ntt_0_blk_mem_gen_prim_width_31
INFO: [VRFC 10-311] analyzing module parallel_ntt_0_blk_mem_gen_prim_width_59
INFO: [VRFC 10-311] analyzing module parallel_ntt_0_blk_mem_gen_prim_width_87
INFO: [VRFC 10-311] analyzing module parallel_ntt_0_blk_mem_gen_prim_wrapper_init
INFO: [VRFC 10-311] analyzing module parallel_ntt_0_blk_mem_gen_prim_wrapper_init_32
INFO: [VRFC 10-311] analyzing module parallel_ntt_0_blk_mem_gen_prim_wrapper_init_60
INFO: [VRFC 10-311] analyzing module parallel_ntt_0_blk_mem_gen_prim_wrapper_init_88
INFO: [VRFC 10-311] analyzing module parallel_ntt_0_blk_mem_gen_top
INFO: [VRFC 10-311] analyzing module parallel_ntt_0_blk_mem_gen_top_29
INFO: [VRFC 10-311] analyzing module parallel_ntt_0_blk_mem_gen_top_57
INFO: [VRFC 10-311] analyzing module parallel_ntt_0_blk_mem_gen_top_85
INFO: [VRFC 10-311] analyzing module parallel_ntt_0_blk_mem_gen_v8_4_1
INFO: [VRFC 10-311] analyzing module parallel_ntt_0_blk_mem_gen_v8_4_1__1
INFO: [VRFC 10-311] analyzing module parallel_ntt_0_blk_mem_gen_v8_4_1__2
INFO: [VRFC 10-311] analyzing module parallel_ntt_0_blk_mem_gen_v8_4_1__3
INFO: [VRFC 10-311] analyzing module parallel_ntt_0_blk_mem_gen_v8_4_1_synth
INFO: [VRFC 10-311] analyzing module parallel_ntt_0_blk_mem_gen_v8_4_1_synth_28
INFO: [VRFC 10-311] analyzing module parallel_ntt_0_blk_mem_gen_v8_4_1_synth_56
INFO: [VRFC 10-311] analyzing module parallel_ntt_0_blk_mem_gen_v8_4_1_synth_84
INFO: [VRFC 10-311] analyzing module parallel_ntt_0_mult_gen_v12_0_14
INFO: [VRFC 10-311] analyzing module parallel_ntt_0_mult_gen_v12_0_14__10
INFO: [VRFC 10-311] analyzing module parallel_ntt_0_mult_gen_v12_0_14__4
INFO: [VRFC 10-311] analyzing module parallel_ntt_0_mult_gen_v12_0_14__5
INFO: [VRFC 10-311] analyzing module parallel_ntt_0_mult_gen_v12_0_14__6
INFO: [VRFC 10-311] analyzing module parallel_ntt_0_mult_gen_v12_0_14__7
INFO: [VRFC 10-311] analyzing module parallel_ntt_0_mult_gen_v12_0_14__8
INFO: [VRFC 10-311] analyzing module parallel_ntt_0_mult_gen_v12_0_14__9
INFO: [VRFC 10-311] analyzing module parallel_ntt_0_mult_gen_v12_0_14__parameterized1
INFO: [VRFC 10-311] analyzing module parallel_ntt_0_mult_gen_v12_0_14__parameterized1__4
INFO: [VRFC 10-311] analyzing module parallel_ntt_0_mult_gen_v12_0_14__parameterized1__5
INFO: [VRFC 10-311] analyzing module parallel_ntt_0_mult_gen_v12_0_14__parameterized1__6
INFO: [VRFC 10-311] analyzing module DSP48E2_UNIQ_BASE_
INFO: [VRFC 10-311] analyzing module DSP48E2_HD227
INFO: [VRFC 10-311] analyzing module DSP48E2_HD228
INFO: [VRFC 10-311] analyzing module DSP48E2_HD229
INFO: [VRFC 10-311] analyzing module DSP48E2_HD230
INFO: [VRFC 10-311] analyzing module DSP48E2_HD231
INFO: [VRFC 10-311] analyzing module DSP48E2_HD232
INFO: [VRFC 10-311] analyzing module DSP48E2_HD233
INFO: [VRFC 10-311] analyzing module DSP48E2_HD234
INFO: [VRFC 10-311] analyzing module DSP48E2_HD235
INFO: [VRFC 10-311] analyzing module DSP48E2_HD236
INFO: [VRFC 10-311] analyzing module DSP48E2_HD237
INFO: [VRFC 10-311] analyzing module DSP48E2_HD238
INFO: [VRFC 10-311] analyzing module DSP48E2_HD239
INFO: [VRFC 10-311] analyzing module DSP48E2_HD240
INFO: [VRFC 10-311] analyzing module DSP48E2_HD272
INFO: [VRFC 10-311] analyzing module DSP48E2_HD273
INFO: [VRFC 10-311] analyzing module DSP48E2_HD274
INFO: [VRFC 10-311] analyzing module DSP48E2_HD275
INFO: [VRFC 10-311] analyzing module DSP48E2_HD276
INFO: [VRFC 10-311] analyzing module DSP48E2_HD277
INFO: [VRFC 10-311] analyzing module DSP48E2_HD278
INFO: [VRFC 10-311] analyzing module DSP48E2_HD279
INFO: [VRFC 10-311] analyzing module DSP48E2_HD280
INFO: [VRFC 10-311] analyzing module DSP48E2_HD281
INFO: [VRFC 10-311] analyzing module DSP48E2_HD282
INFO: [VRFC 10-311] analyzing module DSP48E2_HD283
INFO: [VRFC 10-311] analyzing module DSP48E2_HD284
INFO: [VRFC 10-311] analyzing module DSP48E2_HD285
INFO: [VRFC 10-311] analyzing module DSP48E2_HD286
INFO: [VRFC 10-311] analyzing module DSP48E2_HD319
INFO: [VRFC 10-311] analyzing module DSP48E2_HD320
INFO: [VRFC 10-311] analyzing module DSP48E2_HD321
INFO: [VRFC 10-311] analyzing module DSP48E2_HD322
INFO: [VRFC 10-311] analyzing module DSP48E2_HD323
INFO: [VRFC 10-311] analyzing module DSP48E2_HD324
INFO: [VRFC 10-311] analyzing module DSP48E2_HD325
INFO: [VRFC 10-311] analyzing module DSP48E2_HD326
INFO: [VRFC 10-311] analyzing module DSP48E2_HD327
INFO: [VRFC 10-311] analyzing module DSP48E2_HD328
INFO: [VRFC 10-311] analyzing module DSP48E2_HD329
INFO: [VRFC 10-311] analyzing module DSP48E2_HD330
INFO: [VRFC 10-311] analyzing module DSP48E2_HD331
INFO: [VRFC 10-311] analyzing module DSP48E2_HD332
INFO: [VRFC 10-311] analyzing module DSP48E2_HD333
INFO: [VRFC 10-311] analyzing module DSP48E2_HD366
INFO: [VRFC 10-311] analyzing module DSP48E2_HD367
INFO: [VRFC 10-311] analyzing module DSP48E2_HD368
INFO: [VRFC 10-311] analyzing module DSP48E2_HD369
INFO: [VRFC 10-311] analyzing module DSP48E2_HD370
INFO: [VRFC 10-311] analyzing module DSP48E2_HD371
INFO: [VRFC 10-311] analyzing module DSP48E2_HD372
INFO: [VRFC 10-311] analyzing module DSP48E2_HD373
INFO: [VRFC 10-311] analyzing module DSP48E2_HD374
INFO: [VRFC 10-311] analyzing module DSP48E2_HD375
INFO: [VRFC 10-311] analyzing module DSP48E2_HD376
INFO: [VRFC 10-311] analyzing module DSP48E2_HD377
INFO: [VRFC 10-311] analyzing module DSP48E2_HD378
INFO: [VRFC 10-311] analyzing module DSP48E2_HD379
INFO: [VRFC 10-311] analyzing module DSP48E2_HD380
INFO: [VRFC 10-311] analyzing module parallel_ntt_0_delay_line__parameterized1
INFO: [VRFC 10-311] analyzing module parallel_ntt_0_delay_line__parameterized10
INFO: [VRFC 10-311] analyzing module parallel_ntt_0_delay_line__parameterized10_23
INFO: [VRFC 10-311] analyzing module parallel_ntt_0_delay_line__parameterized10_51
INFO: [VRFC 10-311] analyzing module parallel_ntt_0_delay_line__parameterized10_79
INFO: [VRFC 10-311] analyzing module parallel_ntt_0_delay_line__parameterized11
INFO: [VRFC 10-311] analyzing module parallel_ntt_0_delay_line__parameterized11_26
INFO: [VRFC 10-311] analyzing module parallel_ntt_0_delay_line__parameterized11_54
INFO: [VRFC 10-311] analyzing module parallel_ntt_0_delay_line__parameterized11_82
INFO: [VRFC 10-311] analyzing module parallel_ntt_0_delay_line__parameterized12
INFO: [VRFC 10-311] analyzing module parallel_ntt_0_delay_line__parameterized12_27
INFO: [VRFC 10-311] analyzing module parallel_ntt_0_delay_line__parameterized12_55
INFO: [VRFC 10-311] analyzing module parallel_ntt_0_delay_line__parameterized12_83
INFO: [VRFC 10-311] analyzing module parallel_ntt_0_delay_line__parameterized1_13
INFO: [VRFC 10-311] analyzing module parallel_ntt_0_delay_line__parameterized1_2
INFO: [VRFC 10-311] analyzing module parallel_ntt_0_delay_line__parameterized1_21
INFO: [VRFC 10-311] analyzing module parallel_ntt_0_delay_line__parameterized1_24
INFO: [VRFC 10-311] analyzing module parallel_ntt_0_delay_line__parameterized1_3
INFO: [VRFC 10-311] analyzing module parallel_ntt_0_delay_line__parameterized1_36
INFO: [VRFC 10-311] analyzing module parallel_ntt_0_delay_line__parameterized1_41
INFO: [VRFC 10-311] analyzing module parallel_ntt_0_delay_line__parameterized1_49
INFO: [VRFC 10-311] analyzing module parallel_ntt_0_delay_line__parameterized1_52
INFO: [VRFC 10-311] analyzing module parallel_ntt_0_delay_line__parameterized1_64
INFO: [VRFC 10-311] analyzing module parallel_ntt_0_delay_line__parameterized1_69
INFO: [VRFC 10-311] analyzing module parallel_ntt_0_delay_line__parameterized1_77
INFO: [VRFC 10-311] analyzing module parallel_ntt_0_delay_line__parameterized1_8
INFO: [VRFC 10-311] analyzing module parallel_ntt_0_delay_line__parameterized1_80
INFO: [VRFC 10-311] analyzing module parallel_ntt_0_delay_line__parameterized1_92
INFO: [VRFC 10-311] analyzing module parallel_ntt_0_delay_line__parameterized2_37
INFO: [VRFC 10-311] analyzing module parallel_ntt_0_delay_line__parameterized2_65
INFO: [VRFC 10-311] analyzing module parallel_ntt_0_delay_line__parameterized2_9
INFO: [VRFC 10-311] analyzing module parallel_ntt_0_delay_line__parameterized2_93
INFO: [VRFC 10-311] analyzing module parallel_ntt_0_delay_line__parameterized4
INFO: [VRFC 10-311] analyzing module parallel_ntt_0_delay_line__parameterized4_11
INFO: [VRFC 10-311] analyzing module parallel_ntt_0_delay_line__parameterized4_34
INFO: [VRFC 10-311] analyzing module parallel_ntt_0_delay_line__parameterized4_39
INFO: [VRFC 10-311] analyzing module parallel_ntt_0_delay_line__parameterized4_6
INFO: [VRFC 10-311] analyzing module parallel_ntt_0_delay_line__parameterized4_62
INFO: [VRFC 10-311] analyzing module parallel_ntt_0_delay_line__parameterized4_67
INFO: [VRFC 10-311] analyzing module parallel_ntt_0_delay_line__parameterized4_90
INFO: [VRFC 10-311] analyzing module parallel_ntt_0_delay_line__parameterized6
INFO: [VRFC 10-311] analyzing module parallel_ntt_0_delay_line__parameterized6_1
INFO: [VRFC 10-311] analyzing module parallel_ntt_0_delay_line__parameterized6_12
INFO: [VRFC 10-311] analyzing module parallel_ntt_0_delay_line__parameterized6_19
INFO: [VRFC 10-311] analyzing module parallel_ntt_0_delay_line__parameterized6_35
INFO: [VRFC 10-311] analyzing module parallel_ntt_0_delay_line__parameterized6_40
INFO: [VRFC 10-311] analyzing module parallel_ntt_0_delay_line__parameterized6_47
INFO: [VRFC 10-311] analyzing module parallel_ntt_0_delay_line__parameterized6_63
INFO: [VRFC 10-311] analyzing module parallel_ntt_0_delay_line__parameterized6_68
INFO: [VRFC 10-311] analyzing module parallel_ntt_0_delay_line__parameterized6_7
INFO: [VRFC 10-311] analyzing module parallel_ntt_0_delay_line__parameterized6_75
INFO: [VRFC 10-311] analyzing module parallel_ntt_0_delay_line__parameterized6_91
INFO: [VRFC 10-311] analyzing module parallel_ntt_0_delay_line__parameterized8
INFO: [VRFC 10-311] analyzing module parallel_ntt_0_delay_line__parameterized8_20
INFO: [VRFC 10-311] analyzing module parallel_ntt_0_delay_line__parameterized8_25
INFO: [VRFC 10-311] analyzing module parallel_ntt_0_delay_line__parameterized8_4
INFO: [VRFC 10-311] analyzing module parallel_ntt_0_delay_line__parameterized8_48
INFO: [VRFC 10-311] analyzing module parallel_ntt_0_delay_line__parameterized8_53
INFO: [VRFC 10-311] analyzing module parallel_ntt_0_delay_line__parameterized8_76
INFO: [VRFC 10-311] analyzing module parallel_ntt_0_delay_line__parameterized8_81
INFO: [VRFC 10-311] analyzing module parallel_ntt_0_delay_line__parameterized9
INFO: [VRFC 10-311] analyzing module parallel_ntt_0_delay_line__parameterized9_22
INFO: [VRFC 10-311] analyzing module parallel_ntt_0_delay_line__parameterized9_50
INFO: [VRFC 10-311] analyzing module parallel_ntt_0_delay_line__parameterized9_78
INFO: [VRFC 10-311] analyzing module parallel_ntt_0_dsp
INFO: [VRFC 10-311] analyzing module parallel_ntt_0_dsp_10
INFO: [VRFC 10-311] analyzing module parallel_ntt_0_dsp_33
INFO: [VRFC 10-311] analyzing module parallel_ntt_0_dsp_38
INFO: [VRFC 10-311] analyzing module parallel_ntt_0_dsp_5
INFO: [VRFC 10-311] analyzing module parallel_ntt_0_dsp_61
INFO: [VRFC 10-311] analyzing module parallel_ntt_0_dsp_66
INFO: [VRFC 10-311] analyzing module parallel_ntt_0_dsp_89
INFO: [VRFC 10-311] analyzing module parallel_ntt_0_dsp__parameterized0
INFO: [VRFC 10-311] analyzing module parallel_ntt_0_dsp__parameterized0_15
INFO: [VRFC 10-311] analyzing module parallel_ntt_0_dsp__parameterized0_43
INFO: [VRFC 10-311] analyzing module parallel_ntt_0_dsp__parameterized0_71
INFO: [VRFC 10-311] analyzing module parallel_ntt_0_mult_gen_v12_0_14_viv
INFO: [VRFC 10-311] analyzing module parallel_ntt_0_mult_gen_v12_0_14_viv__10
INFO: [VRFC 10-311] analyzing module parallel_ntt_0_mult_gen_v12_0_14_viv__4
INFO: [VRFC 10-311] analyzing module parallel_ntt_0_mult_gen_v12_0_14_viv__5
INFO: [VRFC 10-311] analyzing module parallel_ntt_0_mult_gen_v12_0_14_viv__6
INFO: [VRFC 10-311] analyzing module parallel_ntt_0_mult_gen_v12_0_14_viv__7
INFO: [VRFC 10-311] analyzing module parallel_ntt_0_mult_gen_v12_0_14_viv__8
INFO: [VRFC 10-311] analyzing module parallel_ntt_0_mult_gen_v12_0_14_viv__9
INFO: [VRFC 10-311] analyzing module parallel_ntt_0_mult_gen_v12_0_14_viv__parameterized1
INFO: [VRFC 10-311] analyzing module parallel_ntt_0_mult_gen_v12_0_14_viv__parameterized1__4
INFO: [VRFC 10-311] analyzing module parallel_ntt_0_mult_gen_v12_0_14_viv__parameterized1__5
INFO: [VRFC 10-311] analyzing module parallel_ntt_0_mult_gen_v12_0_14_viv__parameterized1__6
INFO: [VRFC 10-311] analyzing module glbl
INFO: [VRFC 10-2263] Analyzing Verilog file "E:/Dropbox/FHE/my project/Parallel NTT/hardware/parallel_NTT/user_rtl/parallel_ntt_0_butterfly_tb.v" into library xil_defaultlib
INFO: [VRFC 10-311] analyzing module parallel_ntt_0_butterfly_tb
