# do {parallel_ntt_0_butterfly_tb_compile.do}
# ** Warning: (vlib-34) Library already exists at "modelsim_lib/work".
# ** Warning: (vlib-34) Library already exists at "modelsim_lib/msim".
# ** Warning: (vlib-34) Library already exists at "modelsim_lib/msim/xil_defaultlib".
# Model Technology ModelSim SE-64 vmap 10.5 Lib Mapping Utility 2016.02 Feb 13 2016
# vmap xil_defaultlib modelsim_lib/msim/xil_defaultlib 
# Modifying modelsim.ini
# ** Warning: (vlog-159) Mode option -64 is not supported in this context and will be ignored.
# Model Technology ModelSim SE-64 vlog 10.5 Compiler 2016.02 Feb 13 2016
# Start time: 17:27:24 on Nov 18,2021
# vlog -64 -incr -work xil_defaultlib "+incdir+../../../../../user_rtl" parallel_ntt_0_butterfly_tb_time_impl.v ../../../../../user_rtl/parallel_ntt_0_butterfly_tb.v 
# -- Skipping module IBUF_UNIQ_BASE_
# -- Skipping module IBUF_HD449
# -- Skipping module IBUF_HD450
# -- Skipping module IBUF_HD637
# -- Skipping module IBUF_HD638
# -- Skipping module IBUF_HD639
# -- Skipping module IBUF_HD640
# -- Skipping module IBUF_HD641
# -- Skipping module IBUF_HD642
# -- Skipping module IBUF_HD643
# -- Skipping module IBUF_HD644
# -- Skipping module IBUF_HD645
# -- Skipping module IBUF_HD646
# -- Skipping module IBUF_HD647
# -- Skipping module IBUF_HD648
# -- Skipping module IBUF_HD649
# -- Skipping module IBUF_HD650
# -- Skipping module IBUF_HD651
# -- Skipping module IBUF_HD652
# -- Skipping module IBUF_HD653
# -- Skipping module IBUF_HD654
# -- Skipping module IBUF_HD655
# -- Skipping module IBUF_HD656
# -- Skipping module IBUF_HD657
# -- Skipping module IBUF_HD658
# -- Skipping module IBUF_HD659
# -- Skipping module IBUF_HD660
# -- Skipping module IBUF_HD661
# -- Skipping module IBUF_HD662
# -- Skipping module IBUF_HD663
# -- Skipping module IBUF_HD664
# -- Skipping module IBUF_HD665
# -- Skipping module IBUF_HD666
# -- Skipping module IBUF_HD667
# -- Skipping module IBUF_HD668
# -- Skipping module IBUF_HD669
# -- Skipping module IBUF_HD670
# -- Skipping module IBUF_HD671
# -- Skipping module IBUF_HD672
# -- Skipping module RAM32X1S_UNIQ_BASE_
# -- Skipping module RAM32X1S_HD465
# -- Skipping module RAM32X1S_HD466
# -- Skipping module RAM32X1S_HD467
# -- Skipping module RAM32X1S_HD468
# -- Skipping module RAM32X1S_HD469
# -- Skipping module RAM32X1S_HD470
# -- Skipping module RAM32X1S_HD471
# -- Skipping module RAM32X1S_HD472
# -- Skipping module RAM32X1S_HD473
# -- Skipping module RAM32X1S_HD474
# -- Skipping module RAM32X1S_HD475
# -- Skipping module RAM32X1S_HD476
# -- Skipping module RAM32X1S_HD477
# -- Skipping module RAM32X1S_HD478
# -- Skipping module RAM32X1S_HD479
# -- Skipping module RAM32X1S_HD480
# -- Skipping module RAM32X1S_HD481
# -- Skipping module RAM32X1S_HD482
# -- Skipping module RAM32X1S_HD483
# -- Skipping module RAM32X1S_HD484
# -- Skipping module RAM32X1S_HD485
# -- Skipping module RAM32X1S_HD486
# -- Skipping module RAM32X1S_HD487
# -- Skipping module RAM32X1S_HD488
# -- Skipping module RAM32X1S_HD489
# -- Skipping module RAM32X1S_HD490
# -- Skipping module RAM32X1S_HD491
# -- Skipping module RAM32X1S_HD492
# -- Skipping module RAM32X1S_HD493
# -- Skipping module RAM32X1S_HD494
# -- Skipping module RAM32X1S_HD495
# -- Skipping module RAM32X1S_HD511
# -- Skipping module RAM32X1S_HD512
# -- Skipping module RAM32X1S_HD513
# -- Skipping module RAM32X1S_HD514
# -- Skipping module RAM32X1S_HD515
# -- Skipping module RAM32X1S_HD516
# -- Skipping module RAM32X1S_HD517
# -- Skipping module RAM32X1S_HD518
# -- Skipping module RAM32X1S_HD519
# -- Skipping module RAM32X1S_HD520
# -- Skipping module RAM32X1S_HD521
# -- Skipping module RAM32X1S_HD522
# -- Skipping module RAM32X1S_HD523
# -- Skipping module RAM32X1S_HD524
# -- Skipping module RAM32X1S_HD525
# -- Skipping module RAM32X1S_HD526
# -- Skipping module RAM32X1S_HD527
# -- Skipping module RAM32X1S_HD528
# -- Skipping module RAM32X1S_HD529
# -- Skipping module RAM32X1S_HD530
# -- Skipping module RAM32X1S_HD531
# -- Skipping module RAM32X1S_HD532
# -- Skipping module RAM32X1S_HD533
# -- Skipping module RAM32X1S_HD534
# -- Skipping module RAM32X1S_HD535
# -- Skipping module RAM32X1S_HD536
# -- Skipping module RAM32X1S_HD537
# -- Skipping module RAM32X1S_HD538
# -- Skipping module RAM32X1S_HD539
# -- Skipping module RAM32X1S_HD540
# -- Skipping module RAM32X1S_HD541
# -- Skipping module RAM32X1S_HD542
# -- Skipping module RAM32X1S_HD558
# -- Skipping module RAM32X1S_HD559
# -- Skipping module RAM32X1S_HD560
# -- Skipping module RAM32X1S_HD561
# -- Skipping module RAM32X1S_HD562
# -- Skipping module RAM32X1S_HD563
# -- Skipping module RAM32X1S_HD564
# -- Skipping module RAM32X1S_HD565
# -- Skipping module RAM32X1S_HD566
# -- Skipping module RAM32X1S_HD567
# -- Skipping module RAM32X1S_HD568
# -- Skipping module RAM32X1S_HD569
# -- Skipping module RAM32X1S_HD570
# -- Skipping module RAM32X1S_HD571
# -- Skipping module RAM32X1S_HD572
# -- Skipping module RAM32X1S_HD573
# -- Skipping module RAM32X1S_HD574
# -- Skipping module RAM32X1S_HD575
# -- Skipping module RAM32X1S_HD576
# -- Skipping module RAM32X1S_HD577
# -- Skipping module RAM32X1S_HD578
# -- Skipping module RAM32X1S_HD579
# -- Skipping module RAM32X1S_HD580
# -- Skipping module RAM32X1S_HD581
# -- Skipping module RAM32X1S_HD582
# -- Skipping module RAM32X1S_HD583
# -- Skipping module RAM32X1S_HD584
# -- Skipping module RAM32X1S_HD585
# -- Skipping module RAM32X1S_HD586
# -- Skipping module RAM32X1S_HD587
# -- Skipping module RAM32X1S_HD588
# -- Skipping module RAM32X1S_HD589
# -- Skipping module RAM32X1S_HD605
# -- Skipping module RAM32X1S_HD606
# -- Skipping module RAM32X1S_HD607
# -- Skipping module RAM32X1S_HD608
# -- Skipping module RAM32X1S_HD609
# -- Skipping module RAM32X1S_HD610
# -- Skipping module RAM32X1S_HD611
# -- Skipping module RAM32X1S_HD612
# -- Skipping module RAM32X1S_HD613
# -- Skipping module RAM32X1S_HD614
# -- Skipping module RAM32X1S_HD615
# -- Skipping module RAM32X1S_HD616
# -- Skipping module RAM32X1S_HD617
# -- Skipping module RAM32X1S_HD618
# -- Skipping module RAM32X1S_HD619
# -- Skipping module RAM32X1S_HD620
# -- Skipping module RAM32X1S_HD621
# -- Skipping module RAM32X1S_HD622
# -- Skipping module RAM32X1S_HD623
# -- Skipping module RAM32X1S_HD624
# -- Skipping module RAM32X1S_HD625
# -- Skipping module RAM32X1S_HD626
# -- Skipping module RAM32X1S_HD627
# -- Skipping module RAM32X1S_HD628
# -- Skipping module RAM32X1S_HD629
# -- Skipping module RAM32X1S_HD630
# -- Skipping module RAM32X1S_HD631
# -- Skipping module RAM32X1S_HD632
# -- Skipping module RAM32X1S_HD633
# -- Skipping module RAM32X1S_HD634
# -- Skipping module RAM32X1S_HD635
# -- Skipping module RAM32X1S_HD636
# -- Skipping module parallel_ntt_0
# -- Skipping module parallel_ntt_0_Barret_reduce
# -- Skipping module parallel_ntt_0_Barret_reduce__xdcDup__1
# -- Skipping module parallel_ntt_0_Barret_reduce__xdcDup__2
# -- Skipping module parallel_ntt_0_Barret_reduce__xdcDup__3
# -- Skipping module parallel_ntt_0_NTT_processor
# -- Skipping module parallel_ntt_0_NTT_processor__parameterized0
# -- Skipping module parallel_ntt_0_NTT_processor__parameterized1
# -- Skipping module parallel_ntt_0_NTT_processor__parameterized2
# -- Skipping module parallel_ntt_0_mem_dp
# -- Skipping module parallel_ntt_0_mem_dp__1
# -- Skipping module parallel_ntt_0_mem_dp__2
# -- Skipping module parallel_ntt_0_mem_dp__3
# -- Compiling module parallel_ntt_0_mem_sp
# -- Compiling module parallel_ntt_0_mem_sp__parameterized0
# -- Compiling module parallel_ntt_0_mem_sp__parameterized1
# -- Compiling module parallel_ntt_0_mem_sp__parameterized2
# -- Compiling module parallel_ntt_0_mult_gen_32x32
# -- Compiling module parallel_ntt_0_mult_gen_32x32__10
# -- Compiling module parallel_ntt_0_mult_gen_32x32__4
# -- Compiling module parallel_ntt_0_mult_gen_32x32__5
# -- Compiling module parallel_ntt_0_mult_gen_32x32__6
# -- Compiling module parallel_ntt_0_mult_gen_32x32__7
# -- Compiling module parallel_ntt_0_mult_gen_32x32__8
# -- Compiling module parallel_ntt_0_mult_gen_32x32__9
# -- Compiling module parallel_ntt_0_mult_gen_64x33
# -- Compiling module parallel_ntt_0_mult_gen_64x33__4
# -- Compiling module parallel_ntt_0_mult_gen_64x33__5
# -- Compiling module parallel_ntt_0_mult_gen_64x33__6
# -- Compiling module parallel_ntt_0_parallel_NTT_top
# -- Compiling module parallel_ntt_0_parallel_ntt_v1_0
# -- Compiling module parallel_ntt_0_parallel_ntt_v1_0_M_AXIS
# -- Compiling module parallel_ntt_0_parallel_ntt_v1_0_S_AXIS
# -- Compiling module parallel_ntt_0_wrapper
# -- Compiling module parallel_ntt_0_blk_mem_gen_generic_cstr
# -- Compiling module parallel_ntt_0_blk_mem_gen_generic_cstr_30
# -- Compiling module parallel_ntt_0_blk_mem_gen_generic_cstr_58
# -- Compiling module parallel_ntt_0_blk_mem_gen_generic_cstr_86
# -- Compiling module parallel_ntt_0_blk_mem_gen_prim_width
# -- Compiling module parallel_ntt_0_blk_mem_gen_prim_width_31
# -- Compiling module parallel_ntt_0_blk_mem_gen_prim_width_59
# -- Compiling module parallel_ntt_0_blk_mem_gen_prim_width_87
# -- Compiling module parallel_ntt_0_blk_mem_gen_prim_wrapper_init
# -- Compiling module parallel_ntt_0_blk_mem_gen_prim_wrapper_init_32
# -- Compiling module parallel_ntt_0_blk_mem_gen_prim_wrapper_init_60
# -- Compiling module parallel_ntt_0_blk_mem_gen_prim_wrapper_init_88
# -- Compiling module parallel_ntt_0_blk_mem_gen_top
# -- Compiling module parallel_ntt_0_blk_mem_gen_top_29
# -- Compiling module parallel_ntt_0_blk_mem_gen_top_57
# -- Compiling module parallel_ntt_0_blk_mem_gen_top_85
# -- Compiling module parallel_ntt_0_blk_mem_gen_v8_4_1
# -- Compiling module parallel_ntt_0_blk_mem_gen_v8_4_1__1
# -- Compiling module parallel_ntt_0_blk_mem_gen_v8_4_1__2
# -- Compiling module parallel_ntt_0_blk_mem_gen_v8_4_1__3
# -- Compiling module parallel_ntt_0_blk_mem_gen_v8_4_1_synth
# -- Compiling module parallel_ntt_0_blk_mem_gen_v8_4_1_synth_28
# -- Compiling module parallel_ntt_0_blk_mem_gen_v8_4_1_synth_56
# -- Compiling module parallel_ntt_0_blk_mem_gen_v8_4_1_synth_84
# -- Compiling module parallel_ntt_0_mult_gen_v12_0_14
# -- Compiling module parallel_ntt_0_mult_gen_v12_0_14__10
# -- Compiling module parallel_ntt_0_mult_gen_v12_0_14__4
# -- Compiling module parallel_ntt_0_mult_gen_v12_0_14__5
# -- Compiling module parallel_ntt_0_mult_gen_v12_0_14__6
# -- Compiling module parallel_ntt_0_mult_gen_v12_0_14__7
# -- Compiling module parallel_ntt_0_mult_gen_v12_0_14__8
# -- Compiling module parallel_ntt_0_mult_gen_v12_0_14__9
# -- Compiling module parallel_ntt_0_mult_gen_v12_0_14__parameterized1
# -- Compiling module parallel_ntt_0_mult_gen_v12_0_14__parameterized1__4
# -- Compiling module parallel_ntt_0_mult_gen_v12_0_14__parameterized1__5
# -- Compiling module parallel_ntt_0_mult_gen_v12_0_14__parameterized1__6
# -- Compiling module glbl
# -- Compiling module parallel_ntt_0_butterfly_tb
# 
# Top level modules:
# 	glbl
# 	parallel_ntt_0_butterfly_tb
# End time: 17:27:29 on Nov 18,2021, Elapsed time: 0:00:05
# Errors: 0, Warnings: 1
