Copyright 1986-2018 Xilinx, Inc. All Rights Reserved.
------------------------------------------------------------------------------------------------------------------------------------------------------------
| Tool Version : Vivado v.2018.1 (win64) Build 2188600 Wed Apr  4 18:40:38 MDT 2018
| Date         : Sat Dec  4 11:55:02 2021
| Host         : DESKTOP-AN42RLU running 64-bit major release  (build 9200)
| Command      : report_drc -file parallel_ntt_0_wrapper_drc_routed.rpt -pb parallel_ntt_0_wrapper_drc_routed.pb -rpx parallel_ntt_0_wrapper_drc_routed.rpx
| Design       : parallel_ntt_0_wrapper
| Device       : xczu7ev-ffvc1156-2-e
| Speed File   : -2
| Design State : Routed
------------------------------------------------------------------------------------------------------------------------------------------------------------

Report DRC

Table of Contents
-----------------
1. REPORT SUMMARY
2. REPORT DETAILS

1. REPORT SUMMARY
-----------------
            Netlist: netlist
          Floorplan: design_1
      Design limits: <entire design considered>
           Ruledeck: default
             Max violations: <unlimited>
             Violations found: 2
+--------+------------------+----------------------------+------------+
| Rule   | Severity         | Description                | Violations |
+--------+------------------+----------------------------+------------+
| NSTD-1 | Critical Warning | Unspecified I/O Standard   | 1          |
| UCIO-1 | Critical Warning | Unconstrained Logical Port | 1          |
+--------+------------------+----------------------------+------------+

2. REPORT DETAILS
-----------------
NSTD-1#1 Critical Warning
Unspecified I/O Standard  
79 out of 79 logical ports use I/O standard (IOSTANDARD) value 'DEFAULT', instead of a user assigned specific value. This may cause I/O contention or incompatibility with the board power or connectivity affecting performance, signal integrity or in extreme cases cause damage to the device or the components to which it is connected. To correct this violation, specify all I/O standards. This design will fail to generate a bitstream unless all logical ports have a user specified I/O standard value defined. To allow bitstream creation with unspecified I/O standard values (not recommended), use this command: set_property SEVERITY {Warning} [get_drc_checks NSTD-1].  NOTE: When using the Vivado Runs infrastructure (e.g. launch_runs Tcl command), add this command to a .tcl file and add that file as a pre-hook for write_bitstream step for the implementation run. Problem ports: finish, start, s_axis_tdata[31:0], s_axis_tready, s_axis_tvalid, s_axis_aresetn, s_axis_aclk, m_axis_tdata[31:0], m_axis_tstrb[3:0], m_axis_tlast, m_axis_tready, m_axis_tvalid, m_axis_aresetn, m_axis_aclk.
Related violations: <none>

UCIO-1#1 Critical Warning
Unconstrained Logical Port  
79 out of 79 logical ports have no user assigned specific location constraint (LOC). This may cause I/O contention or incompatibility with the board power or connectivity affecting performance, signal integrity or in extreme cases cause damage to the device or the components to which it is connected. To correct this violation, specify all pin locations. This design will fail to generate a bitstream unless all logical ports have a user specified site LOC constraint defined.  To allow bitstream creation with unspecified pin locations (not recommended), use this command: set_property SEVERITY {Warning} [get_drc_checks UCIO-1].  NOTE: When using the Vivado Runs infrastructure (e.g. launch_runs Tcl command), add this command to a .tcl file and add that file as a pre-hook for write_bitstream step for the implementation run.  Problem ports: finish, start, s_axis_tdata[31:0], s_axis_tready, s_axis_tvalid, s_axis_aresetn, s_axis_aclk, m_axis_tdata[31:0], m_axis_tstrb[3:0], m_axis_tlast, m_axis_tready, m_axis_tvalid, m_axis_aresetn, m_axis_aclk.
Related violations: <none>


