INFO: [VRFC 10-2263] Analyzing Verilog file "E:/Dropbox/FHE/my project/Parallel NTT/hardware/parallel_NTT/parallel_NTT.sim/sim_ntt/impl/func/xsim/parallel_ntt_0_butterfly_tb_func_impl.v" into library xil_defaultlib
INFO: [VRFC 10-311] analyzing module parallel_ntt_0
INFO: [VRFC 10-311] analyzing module parallel_ntt_0_Barret_reduce
INFO: [VRFC 10-311] analyzing module parallel_ntt_0_Barret_reduce__xdcDup__1
INFO: [VRFC 10-311] analyzing module parallel_ntt_0_Barret_reduce__xdcDup__2
INFO: [VRFC 10-311] analyzing module parallel_ntt_0_Barret_reduce__xdcDup__3
INFO: [VRFC 10-311] analyzing module parallel_ntt_0_NTT_processor
INFO: [VRFC 10-311] analyzing module parallel_ntt_0_NTT_processor__parameterized0
INFO: [VRFC 10-311] analyzing module parallel_ntt_0_NTT_processor__parameterized1
INFO: [VRFC 10-311] analyzing module parallel_ntt_0_NTT_processor__parameterized2
INFO: [VRFC 10-311] analyzing module parallel_ntt_0_mem_dp
INFO: [VRFC 10-311] analyzing module parallel_ntt_0_mem_dp__1
INFO: [VRFC 10-311] analyzing module parallel_ntt_0_mem_dp__2
INFO: [VRFC 10-311] analyzing module parallel_ntt_0_mem_dp__3
INFO: [VRFC 10-311] analyzing module parallel_ntt_0_mem_sp
INFO: [VRFC 10-311] analyzing module parallel_ntt_0_mem_sp__parameterized0
INFO: [VRFC 10-311] analyzing module parallel_ntt_0_mem_sp__parameterized1
INFO: [VRFC 10-311] analyzing module parallel_ntt_0_mem_sp__parameterized2
INFO: [VRFC 10-311] analyzing module parallel_ntt_0_mult_gen_32x32
INFO: [VRFC 10-311] analyzing module parallel_ntt_0_mult_gen_32x32__10
INFO: [VRFC 10-311] analyzing module parallel_ntt_0_mult_gen_32x32__4
INFO: [VRFC 10-311] analyzing module parallel_ntt_0_mult_gen_32x32__5
INFO: [VRFC 10-311] analyzing module parallel_ntt_0_mult_gen_32x32__6
INFO: [VRFC 10-311] analyzing module parallel_ntt_0_mult_gen_32x32__7
INFO: [VRFC 10-311] analyzing module parallel_ntt_0_mult_gen_32x32__8
INFO: [VRFC 10-311] analyzing module parallel_ntt_0_mult_gen_32x32__9
INFO: [VRFC 10-311] analyzing module parallel_ntt_0_mult_gen_64x33
INFO: [VRFC 10-311] analyzing module parallel_ntt_0_mult_gen_64x33__4
INFO: [VRFC 10-311] analyzing module parallel_ntt_0_mult_gen_64x33__5
INFO: [VRFC 10-311] analyzing module parallel_ntt_0_mult_gen_64x33__6
INFO: [VRFC 10-311] analyzing module parallel_ntt_0_parallel_NTT_top
INFO: [VRFC 10-311] analyzing module parallel_ntt_0_parallel_ntt_v1_0
INFO: [VRFC 10-311] analyzing module parallel_ntt_0_parallel_ntt_v1_0_M_AXIS
INFO: [VRFC 10-311] analyzing module parallel_ntt_0_parallel_ntt_v1_0_S_AXIS
INFO: [VRFC 10-311] analyzing module parallel_ntt_0_wrapper
INFO: [VRFC 10-311] analyzing module parallel_ntt_0_blk_mem_gen_generic_cstr
INFO: [VRFC 10-311] analyzing module parallel_ntt_0_blk_mem_gen_generic_cstr_30
INFO: [VRFC 10-311] analyzing module parallel_ntt_0_blk_mem_gen_generic_cstr_58
INFO: [VRFC 10-311] analyzing module parallel_ntt_0_blk_mem_gen_generic_cstr_86
INFO: [VRFC 10-311] analyzing module parallel_ntt_0_blk_mem_gen_prim_width
INFO: [VRFC 10-311] analyzing module parallel_ntt_0_blk_mem_gen_prim_width_31
INFO: [VRFC 10-311] analyzing module parallel_ntt_0_blk_mem_gen_prim_width_59
INFO: [VRFC 10-311] analyzing module parallel_ntt_0_blk_mem_gen_prim_width_87
INFO: [VRFC 10-311] analyzing module parallel_ntt_0_blk_mem_gen_prim_wrapper_init
INFO: [VRFC 10-311] analyzing module parallel_ntt_0_blk_mem_gen_prim_wrapper_init_32
INFO: [VRFC 10-311] analyzing module parallel_ntt_0_blk_mem_gen_prim_wrapper_init_60
INFO: [VRFC 10-311] analyzing module parallel_ntt_0_blk_mem_gen_prim_wrapper_init_88
INFO: [VRFC 10-311] analyzing module parallel_ntt_0_blk_mem_gen_top
INFO: [VRFC 10-311] analyzing module parallel_ntt_0_blk_mem_gen_top_29
INFO: [VRFC 10-311] analyzing module parallel_ntt_0_blk_mem_gen_top_57
INFO: [VRFC 10-311] analyzing module parallel_ntt_0_blk_mem_gen_top_85
INFO: [VRFC 10-311] analyzing module parallel_ntt_0_blk_mem_gen_v8_4_1
INFO: [VRFC 10-311] analyzing module parallel_ntt_0_blk_mem_gen_v8_4_1__1
INFO: [VRFC 10-311] analyzing module parallel_ntt_0_blk_mem_gen_v8_4_1__2
INFO: [VRFC 10-311] analyzing module parallel_ntt_0_blk_mem_gen_v8_4_1__3
INFO: [VRFC 10-311] analyzing module parallel_ntt_0_blk_mem_gen_v8_4_1_synth
INFO: [VRFC 10-311] analyzing module parallel_ntt_0_blk_mem_gen_v8_4_1_synth_28
INFO: [VRFC 10-311] analyzing module parallel_ntt_0_blk_mem_gen_v8_4_1_synth_56
INFO: [VRFC 10-311] analyzing module parallel_ntt_0_blk_mem_gen_v8_4_1_synth_84
INFO: [VRFC 10-311] analyzing module parallel_ntt_0_mult_gen_v12_0_14
INFO: [VRFC 10-311] analyzing module parallel_ntt_0_mult_gen_v12_0_14__10
INFO: [VRFC 10-311] analyzing module parallel_ntt_0_mult_gen_v12_0_14__4
INFO: [VRFC 10-311] analyzing module parallel_ntt_0_mult_gen_v12_0_14__5
INFO: [VRFC 10-311] analyzing module parallel_ntt_0_mult_gen_v12_0_14__6
INFO: [VRFC 10-311] analyzing module parallel_ntt_0_mult_gen_v12_0_14__7
INFO: [VRFC 10-311] analyzing module parallel_ntt_0_mult_gen_v12_0_14__8
INFO: [VRFC 10-311] analyzing module parallel_ntt_0_mult_gen_v12_0_14__9
INFO: [VRFC 10-311] analyzing module parallel_ntt_0_mult_gen_v12_0_14__parameterized1
INFO: [VRFC 10-311] analyzing module parallel_ntt_0_mult_gen_v12_0_14__parameterized1__4
INFO: [VRFC 10-311] analyzing module parallel_ntt_0_mult_gen_v12_0_14__parameterized1__5
INFO: [VRFC 10-311] analyzing module parallel_ntt_0_mult_gen_v12_0_14__parameterized1__6
INFO: [VRFC 10-311] analyzing module parallel_ntt_0_delay_line__parameterized1
INFO: [VRFC 10-311] analyzing module parallel_ntt_0_delay_line__parameterized10
INFO: [VRFC 10-311] analyzing module parallel_ntt_0_delay_line__parameterized10_23
INFO: [VRFC 10-311] analyzing module parallel_ntt_0_delay_line__parameterized10_51
INFO: [VRFC 10-311] analyzing module parallel_ntt_0_delay_line__parameterized10_79
INFO: [VRFC 10-311] analyzing module parallel_ntt_0_delay_line__parameterized11
INFO: [VRFC 10-311] analyzing module parallel_ntt_0_delay_line__parameterized11_26
INFO: [VRFC 10-311] analyzing module parallel_ntt_0_delay_line__parameterized11_54
INFO: [VRFC 10-311] analyzing module parallel_ntt_0_delay_line__parameterized11_82
INFO: [VRFC 10-311] analyzing module parallel_ntt_0_delay_line__parameterized12
INFO: [VRFC 10-311] analyzing module parallel_ntt_0_delay_line__parameterized12_27
INFO: [VRFC 10-311] analyzing module parallel_ntt_0_delay_line__parameterized12_55
INFO: [VRFC 10-311] analyzing module parallel_ntt_0_delay_line__parameterized12_83
INFO: [VRFC 10-311] analyzing module parallel_ntt_0_delay_line__parameterized1_13
INFO: [VRFC 10-311] analyzing module parallel_ntt_0_delay_line__parameterized1_2
INFO: [VRFC 10-311] analyzing module parallel_ntt_0_delay_line__parameterized1_21
INFO: [VRFC 10-311] analyzing module parallel_ntt_0_delay_line__parameterized1_24
INFO: [VRFC 10-311] analyzing module parallel_ntt_0_delay_line__parameterized1_3
INFO: [VRFC 10-311] analyzing module parallel_ntt_0_delay_line__parameterized1_36
INFO: [VRFC 10-311] analyzing module parallel_ntt_0_delay_line__parameterized1_41
INFO: [VRFC 10-311] analyzing module parallel_ntt_0_delay_line__parameterized1_49
INFO: [VRFC 10-311] analyzing module parallel_ntt_0_delay_line__parameterized1_52
INFO: [VRFC 10-311] analyzing module parallel_ntt_0_delay_line__parameterized1_64
INFO: [VRFC 10-311] analyzing module parallel_ntt_0_delay_line__parameterized1_69
INFO: [VRFC 10-311] analyzing module parallel_ntt_0_delay_line__parameterized1_77
INFO: [VRFC 10-311] analyzing module parallel_ntt_0_delay_line__parameterized1_8
INFO: [VRFC 10-311] analyzing module parallel_ntt_0_delay_line__parameterized1_80
INFO: [VRFC 10-311] analyzing module parallel_ntt_0_delay_line__parameterized1_92
INFO: [VRFC 10-311] analyzing module parallel_ntt_0_delay_line__parameterized2_37
INFO: [VRFC 10-311] analyzing module parallel_ntt_0_delay_line__parameterized2_65
INFO: [VRFC 10-311] analyzing module parallel_ntt_0_delay_line__parameterized2_9
INFO: [VRFC 10-311] analyzing module parallel_ntt_0_delay_line__parameterized2_93
INFO: [VRFC 10-311] analyzing module parallel_ntt_0_delay_line__parameterized4
INFO: [VRFC 10-311] analyzing module parallel_ntt_0_delay_line__parameterized4_11
INFO: [VRFC 10-311] analyzing module parallel_ntt_0_delay_line__parameterized4_34
INFO: [VRFC 10-311] analyzing module parallel_ntt_0_delay_line__parameterized4_39
INFO: [VRFC 10-311] analyzing module parallel_ntt_0_delay_line__parameterized4_6
INFO: [VRFC 10-311] analyzing module parallel_ntt_0_delay_line__parameterized4_62
INFO: [VRFC 10-311] analyzing module parallel_ntt_0_delay_line__parameterized4_67
INFO: [VRFC 10-311] analyzing module parallel_ntt_0_delay_line__parameterized4_90
INFO: [VRFC 10-311] analyzing module parallel_ntt_0_delay_line__parameterized6
INFO: [VRFC 10-311] analyzing module parallel_ntt_0_delay_line__parameterized6_1
INFO: [VRFC 10-311] analyzing module parallel_ntt_0_delay_line__parameterized6_12
INFO: [VRFC 10-311] analyzing module parallel_ntt_0_delay_line__parameterized6_19
INFO: [VRFC 10-311] analyzing module parallel_ntt_0_delay_line__parameterized6_35
INFO: [VRFC 10-311] analyzing module parallel_ntt_0_delay_line__parameterized6_40
INFO: [VRFC 10-311] analyzing module parallel_ntt_0_delay_line__parameterized6_47
INFO: [VRFC 10-311] analyzing module parallel_ntt_0_delay_line__parameterized6_63
INFO: [VRFC 10-311] analyzing module parallel_ntt_0_delay_line__parameterized6_68
INFO: [VRFC 10-311] analyzing module parallel_ntt_0_delay_line__parameterized6_7
INFO: [VRFC 10-311] analyzing module parallel_ntt_0_delay_line__parameterized6_75
INFO: [VRFC 10-311] analyzing module parallel_ntt_0_delay_line__parameterized6_91
INFO: [VRFC 10-311] analyzing module parallel_ntt_0_delay_line__parameterized8
INFO: [VRFC 10-311] analyzing module parallel_ntt_0_delay_line__parameterized8_20
INFO: [VRFC 10-311] analyzing module parallel_ntt_0_delay_line__parameterized8_25
INFO: [VRFC 10-311] analyzing module parallel_ntt_0_delay_line__parameterized8_4
INFO: [VRFC 10-311] analyzing module parallel_ntt_0_delay_line__parameterized8_48
INFO: [VRFC 10-311] analyzing module parallel_ntt_0_delay_line__parameterized8_53
INFO: [VRFC 10-311] analyzing module parallel_ntt_0_delay_line__parameterized8_76
INFO: [VRFC 10-311] analyzing module parallel_ntt_0_delay_line__parameterized8_81
INFO: [VRFC 10-311] analyzing module parallel_ntt_0_delay_line__parameterized9
INFO: [VRFC 10-311] analyzing module parallel_ntt_0_delay_line__parameterized9_22
INFO: [VRFC 10-311] analyzing module parallel_ntt_0_delay_line__parameterized9_50
INFO: [VRFC 10-311] analyzing module parallel_ntt_0_delay_line__parameterized9_78
INFO: [VRFC 10-311] analyzing module parallel_ntt_0_dsp
INFO: [VRFC 10-311] analyzing module parallel_ntt_0_dsp_10
INFO: [VRFC 10-311] analyzing module parallel_ntt_0_dsp_33
INFO: [VRFC 10-311] analyzing module parallel_ntt_0_dsp_38
INFO: [VRFC 10-311] analyzing module parallel_ntt_0_dsp_5
INFO: [VRFC 10-311] analyzing module parallel_ntt_0_dsp_61
INFO: [VRFC 10-311] analyzing module parallel_ntt_0_dsp_66
INFO: [VRFC 10-311] analyzing module parallel_ntt_0_dsp_89
INFO: [VRFC 10-311] analyzing module parallel_ntt_0_dsp__parameterized0
INFO: [VRFC 10-311] analyzing module parallel_ntt_0_dsp__parameterized0_15
INFO: [VRFC 10-311] analyzing module parallel_ntt_0_dsp__parameterized0_43
INFO: [VRFC 10-311] analyzing module parallel_ntt_0_dsp__parameterized0_71
INFO: [VRFC 10-311] analyzing module parallel_ntt_0_mult_gen_v12_0_14_viv
INFO: [VRFC 10-311] analyzing module parallel_ntt_0_mult_gen_v12_0_14_viv__10
INFO: [VRFC 10-311] analyzing module parallel_ntt_0_mult_gen_v12_0_14_viv__4
INFO: [VRFC 10-311] analyzing module parallel_ntt_0_mult_gen_v12_0_14_viv__5
INFO: [VRFC 10-311] analyzing module parallel_ntt_0_mult_gen_v12_0_14_viv__6
INFO: [VRFC 10-311] analyzing module parallel_ntt_0_mult_gen_v12_0_14_viv__7
INFO: [VRFC 10-311] analyzing module parallel_ntt_0_mult_gen_v12_0_14_viv__8
INFO: [VRFC 10-311] analyzing module parallel_ntt_0_mult_gen_v12_0_14_viv__9
INFO: [VRFC 10-311] analyzing module parallel_ntt_0_mult_gen_v12_0_14_viv__parameterized1
INFO: [VRFC 10-311] analyzing module parallel_ntt_0_mult_gen_v12_0_14_viv__parameterized1__4
INFO: [VRFC 10-311] analyzing module parallel_ntt_0_mult_gen_v12_0_14_viv__parameterized1__5
INFO: [VRFC 10-311] analyzing module parallel_ntt_0_mult_gen_v12_0_14_viv__parameterized1__6
INFO: [VRFC 10-311] analyzing module glbl
INFO: [VRFC 10-2263] Analyzing Verilog file "E:/Dropbox/FHE/my project/Parallel NTT/hardware/parallel_NTT/user_rtl/parallel_ntt_0_butterfly_tb.v" into library xil_defaultlib
INFO: [VRFC 10-311] analyzing module parallel_ntt_0_butterfly_tb
