Vivado Simulator 2018.1
Copyright 1986-1999, 2001-2017 Xilinx, Inc. All Rights Reserved.
Running: D:/Xilinx/Vivado/2018.1/bin/unwrapped/win64.o/xelab.exe -wto b5319ea4d1204568bed12873f350a247 --incr --debug typical --relax --mt 2 --maxdelay -L xil_defaultlib -L simprims_ver -L secureip --snapshot parallel_ntt_0_butterfly_tb_time_synth -transport_int_delays -pulse_r 0 -pulse_int_r 0 -pulse_e 0 -pulse_int_e 0 xil_defaultlib.parallel_ntt_0_butterfly_tb xil_defaultlib.glbl -log elaborate.log 
Using 2 slave threads.
Starting static elaboration
Completed static elaboration
Starting simulation data flow analysis
Completed simulation data flow analysis
INFO: [XSIM 43-3451] SDF backannotation process started with SDF file "parallel_ntt_0_butterfly_tb_time_synth.sdf", for root module "parallel_ntt_0_butterfly_tb/DUT".
INFO: [XSIM 43-3452] SDF backannotation was successful for SDF file "parallel_ntt_0_butterfly_tb_time_synth.sdf", for root module "parallel_ntt_0_butterfly_tb/DUT".
Time Resolution for simulation is 1ps
Compiling module simprims_ver.OBUF
Compiling module simprims_ver.IBUFCTRL_default
Compiling module simprims_ver.INBUF_default
Compiling module xil_defaultlib.IBUF_UNIQ_BASE_
Compiling module xil_defaultlib.IBUF_HD311
Compiling module xil_defaultlib.IBUF_HD312
Compiling module simprims_ver.VCC
Compiling module simprims_ver.x_lut1_mux2
Compiling module simprims_ver.LUT1
Compiling module simprims_ver.CARRY8
Compiling module simprims_ver.LUT5
Compiling module simprims_ver.x_lut2_mux4
Compiling module simprims_ver.LUT2
Compiling module simprims_ver.LUT6
Compiling module simprims_ver.LUT4
Compiling module simprims_ver.x_lut3_mux8
Compiling module simprims_ver.LUT3
Compiling module simprims_ver.SRL16E_default
Compiling module simprims_ver.FDRE_default
Compiling module simprims_ver.GND
Compiling module xil_defaultlib.parallel_ntt_0_delay_line__param...
Compiling module simprims_ver.DSP_ALU(ALUMODEREG=0,CARRYINREG=...
Compiling module simprims_ver.DSP_A_B_DATA_default
Compiling module simprims_ver.DSP_C_DATA(CREG=0)
Compiling module simprims_ver.DSP_MULTIPLIER_default
Compiling module simprims_ver.DSP_M_DATA_default
Compiling module simprims_ver.DSP_OUTPUT(MASK=48'b0)
Compiling module simprims_ver.DSP_PREADD_DATA(INMODEREG=0)
Compiling module simprims_ver.DSP_PREADD
Compiling module xil_defaultlib.DSP48E2_UNIQ_BASE_
Compiling module simprims_ver.DSP_ALU(CARRYINREG=0,CARRYINSELR...
Compiling module simprims_ver.DSP_A_B_DATA(A_INPUT="CASCADE",B...
Compiling module xil_defaultlib.DSP48E2_HD313
Compiling module xil_defaultlib.parallel_ntt_0_delay_line__param...
Compiling module simprims_ver.DSP_A_B_DATA(ACASCREG=2,AREG=2,B...
Compiling module simprims_ver.DSP_MULTIPLIER(AMULTSEL="AD")
Compiling module simprims_ver.DSP_PREADD_DATA(AMULTSEL="AD",DR...
Compiling module xil_defaultlib.DSP48E2_HD314
Compiling module simprims_ver.DSP_A_B_DATA(ACASCREG=2,AREG=2,A...
Compiling module xil_defaultlib.DSP48E2_HD315
Compiling module xil_defaultlib.parallel_ntt_0_delay_line__param...
Compiling module xil_defaultlib.parallel_ntt_0_delay_line__param...
Compiling module xil_defaultlib.parallel_ntt_0_dsp_59
Compiling module xil_defaultlib.parallel_ntt_0_mult_gen_v12_0_14...
Compiling module xil_defaultlib.parallel_ntt_0_mult_gen_v12_0_14...
Compiling module xil_defaultlib.parallel_ntt_0_mult_gen_32x32__5
Compiling module xil_defaultlib.parallel_ntt_0_delay_line__param...
Compiling module xil_defaultlib.DSP48E2_HD316
Compiling module xil_defaultlib.DSP48E2_HD317
Compiling module xil_defaultlib.parallel_ntt_0_delay_line__param...
Compiling module xil_defaultlib.DSP48E2_HD318
Compiling module xil_defaultlib.parallel_ntt_0_delay_line__param...
Compiling module xil_defaultlib.DSP48E2_HD319
Compiling module simprims_ver.DSP_A_B_DATA(ACASCREG=2,AREG=2,B...
Compiling module xil_defaultlib.DSP48E2_HD320
Compiling module xil_defaultlib.DSP48E2_HD321
Compiling module xil_defaultlib.parallel_ntt_0_delay_line__param...
Compiling module xil_defaultlib.DSP48E2_HD322
Compiling module xil_defaultlib.DSP48E2_HD323
Compiling module xil_defaultlib.parallel_ntt_0_delay_line__param...
Compiling module xil_defaultlib.parallel_ntt_0_delay_line__param...
Compiling module xil_defaultlib.parallel_ntt_0_delay_line__param...
Compiling module xil_defaultlib.parallel_ntt_0_delay_line__param...
Compiling module xil_defaultlib.parallel_ntt_0_delay_line__param...
Compiling module xil_defaultlib.parallel_ntt_0_delay_line__param...
Compiling module xil_defaultlib.parallel_ntt_0_delay_line__param...
Compiling module xil_defaultlib.parallel_ntt_0_delay_line__param...
Compiling module xil_defaultlib.parallel_ntt_0_dsp__parameterize...
Compiling module xil_defaultlib.parallel_ntt_0_mult_gen_v12_0_14...
Compiling module xil_defaultlib.parallel_ntt_0_mult_gen_v12_0_14...
Compiling module xil_defaultlib.parallel_ntt_0_mult_gen_64x33__4
Compiling module xil_defaultlib.parallel_ntt_0_Barret_reduce__xd...
Compiling module simprims_ver.FDSE_default
Compiling module simprims_ver.SRLC32E_default
Compiling module simprims_ver.RAMB36E2(CLOCK_DOMAINS="COMMON",...
Compiling module xil_defaultlib.parallel_ntt_0_mem_dp_58
Compiling module xil_defaultlib.parallel_ntt_0_delay_line__param...
Compiling module xil_defaultlib.DSP48E2_HD324
Compiling module xil_defaultlib.DSP48E2_HD325
Compiling module xil_defaultlib.parallel_ntt_0_delay_line__param...
Compiling module xil_defaultlib.DSP48E2_HD326
Compiling module xil_defaultlib.DSP48E2_HD327
Compiling module xil_defaultlib.parallel_ntt_0_delay_line__param...
Compiling module xil_defaultlib.parallel_ntt_0_delay_line__param...
Compiling module xil_defaultlib.parallel_ntt_0_dsp_77
Compiling module xil_defaultlib.parallel_ntt_0_mult_gen_v12_0_14...
Compiling module xil_defaultlib.parallel_ntt_0_mult_gen_v12_0_14...
Compiling module xil_defaultlib.parallel_ntt_0_mult_gen_32x32__4
Compiling module simprims_ver.RAMB18E2(CLOCK_DOMAINS="COMMON",...
Compiling module xil_defaultlib.parallel_ntt_0_mem_sp
Compiling module xil_defaultlib.parallel_ntt_0_NTT_processor
Compiling module xil_defaultlib.parallel_ntt_0_delay_line__param...
Compiling module xil_defaultlib.DSP48E2_HD328
Compiling module xil_defaultlib.DSP48E2_HD329
Compiling module xil_defaultlib.parallel_ntt_0_delay_line__param...
Compiling module xil_defaultlib.DSP48E2_HD330
Compiling module xil_defaultlib.DSP48E2_HD331
Compiling module xil_defaultlib.parallel_ntt_0_delay_line__param...
Compiling module xil_defaultlib.parallel_ntt_0_delay_line__param...
Compiling module xil_defaultlib.parallel_ntt_0_dsp_35
Compiling module xil_defaultlib.parallel_ntt_0_mult_gen_v12_0_14...
Compiling module xil_defaultlib.parallel_ntt_0_mult_gen_v12_0_14...
Compiling module xil_defaultlib.parallel_ntt_0_mult_gen_32x32__7
Compiling module xil_defaultlib.parallel_ntt_0_delay_line__param...
Compiling module xil_defaultlib.DSP48E2_HD332
Compiling module xil_defaultlib.DSP48E2_HD333
Compiling module xil_defaultlib.parallel_ntt_0_delay_line__param...
Compiling module xil_defaultlib.DSP48E2_HD334
Compiling module xil_defaultlib.parallel_ntt_0_delay_line__param...
Compiling module xil_defaultlib.DSP48E2_HD335
Compiling module xil_defaultlib.DSP48E2_HD336
Compiling module xil_defaultlib.DSP48E2_HD337
Compiling module xil_defaultlib.parallel_ntt_0_delay_line__param...
Compiling module xil_defaultlib.DSP48E2_HD338
Compiling module xil_defaultlib.DSP48E2_HD339
Compiling module xil_defaultlib.parallel_ntt_0_delay_line__param...
Compiling module xil_defaultlib.parallel_ntt_0_delay_line__param...
Compiling module xil_defaultlib.parallel_ntt_0_delay_line__param...
Compiling module xil_defaultlib.parallel_ntt_0_delay_line__param...
Compiling module xil_defaultlib.parallel_ntt_0_delay_line__param...
Compiling module xil_defaultlib.parallel_ntt_0_delay_line__param...
Compiling module xil_defaultlib.parallel_ntt_0_delay_line__param...
Compiling module xil_defaultlib.parallel_ntt_0_delay_line__param...
Compiling module xil_defaultlib.parallel_ntt_0_dsp__parameterize...
Compiling module xil_defaultlib.parallel_ntt_0_mult_gen_v12_0_14...
Compiling module xil_defaultlib.parallel_ntt_0_mult_gen_v12_0_14...
Compiling module xil_defaultlib.parallel_ntt_0_mult_gen_64x33__5
Compiling module xil_defaultlib.parallel_ntt_0_Barret_reduce__xd...
Compiling module xil_defaultlib.parallel_ntt_0_mem_dp_34
Compiling module xil_defaultlib.parallel_ntt_0_delay_line__param...
Compiling module xil_defaultlib.DSP48E2_HD340
Compiling module xil_defaultlib.DSP48E2_HD341
Compiling module xil_defaultlib.parallel_ntt_0_delay_line__param...
Compiling module xil_defaultlib.DSP48E2_HD342
Compiling module xil_defaultlib.DSP48E2_HD343
Compiling module xil_defaultlib.parallel_ntt_0_delay_line__param...
Compiling module xil_defaultlib.parallel_ntt_0_delay_line__param...
Compiling module xil_defaultlib.parallel_ntt_0_dsp_53
Compiling module xil_defaultlib.parallel_ntt_0_mult_gen_v12_0_14...
Compiling module xil_defaultlib.parallel_ntt_0_mult_gen_v12_0_14...
Compiling module xil_defaultlib.parallel_ntt_0_mult_gen_32x32__6
Compiling module simprims_ver.RAMB18E2(CLOCK_DOMAINS="COMMON",...
Compiling module xil_defaultlib.parallel_ntt_0_mem_sp__parameter...
Compiling module xil_defaultlib.parallel_ntt_0_NTT_processor__pa...
Compiling module xil_defaultlib.parallel_ntt_0_delay_line__param...
Compiling module xil_defaultlib.DSP48E2_HD344
Compiling module xil_defaultlib.DSP48E2_HD345
Compiling module xil_defaultlib.parallel_ntt_0_delay_line__param...
Compiling module xil_defaultlib.DSP48E2_HD346
Compiling module xil_defaultlib.DSP48E2_HD347
Compiling module xil_defaultlib.parallel_ntt_0_delay_line__param...
Compiling module xil_defaultlib.parallel_ntt_0_delay_line__param...
Compiling module xil_defaultlib.parallel_ntt_0_dsp_11
Compiling module xil_defaultlib.parallel_ntt_0_mult_gen_v12_0_14...
Compiling module xil_defaultlib.parallel_ntt_0_mult_gen_v12_0_14...
Compiling module xil_defaultlib.parallel_ntt_0_mult_gen_32x32__9
Compiling module xil_defaultlib.parallel_ntt_0_delay_line__param...
Compiling module xil_defaultlib.DSP48E2_HD348
Compiling module xil_defaultlib.DSP48E2_HD349
Compiling module xil_defaultlib.parallel_ntt_0_delay_line__param...
Compiling module xil_defaultlib.DSP48E2_HD350
Compiling module xil_defaultlib.parallel_ntt_0_delay_line__param...
Compiling module xil_defaultlib.DSP48E2_HD351
Compiling module xil_defaultlib.DSP48E2_HD352
Compiling module xil_defaultlib.DSP48E2_HD353
Compiling module xil_defaultlib.parallel_ntt_0_delay_line__param...
Compiling module xil_defaultlib.DSP48E2_HD354
Compiling module xil_defaultlib.DSP48E2_HD355
Compiling module xil_defaultlib.parallel_ntt_0_delay_line__param...
Compiling module xil_defaultlib.parallel_ntt_0_delay_line__param...
Compiling module xil_defaultlib.parallel_ntt_0_delay_line__param...
Compiling module xil_defaultlib.parallel_ntt_0_delay_line__param...
Compiling module xil_defaultlib.parallel_ntt_0_delay_line__param...
Compiling module xil_defaultlib.parallel_ntt_0_delay_line__param...
Compiling module xil_defaultlib.parallel_ntt_0_delay_line__param...
Compiling module xil_defaultlib.parallel_ntt_0_delay_line__param...
Compiling module xil_defaultlib.parallel_ntt_0_dsp__parameterize...
Compiling module xil_defaultlib.parallel_ntt_0_mult_gen_v12_0_14...
Compiling module xil_defaultlib.parallel_ntt_0_mult_gen_v12_0_14...
Compiling module xil_defaultlib.parallel_ntt_0_mult_gen_64x33__6
Compiling module xil_defaultlib.parallel_ntt_0_Barret_reduce__xd...
Compiling module xil_defaultlib.parallel_ntt_0_mem_dp_10
Compiling module xil_defaultlib.parallel_ntt_0_delay_line__param...
Compiling module xil_defaultlib.DSP48E2_HD356
Compiling module xil_defaultlib.DSP48E2_HD357
Compiling module xil_defaultlib.parallel_ntt_0_delay_line__param...
Compiling module xil_defaultlib.DSP48E2_HD358
Compiling module xil_defaultlib.DSP48E2_HD359
Compiling module xil_defaultlib.parallel_ntt_0_delay_line__param...
Compiling module xil_defaultlib.parallel_ntt_0_delay_line__param...
Compiling module xil_defaultlib.parallel_ntt_0_dsp_29
Compiling module xil_defaultlib.parallel_ntt_0_mult_gen_v12_0_14...
Compiling module xil_defaultlib.parallel_ntt_0_mult_gen_v12_0_14...
Compiling module xil_defaultlib.parallel_ntt_0_mult_gen_32x32__8
Compiling module simprims_ver.RAMB18E2(CLOCK_DOMAINS="COMMON",...
Compiling module xil_defaultlib.parallel_ntt_0_mem_sp__parameter...
Compiling module xil_defaultlib.parallel_ntt_0_NTT_processor__pa...
Compiling module xil_defaultlib.parallel_ntt_0_delay_line__param...
Compiling module xil_defaultlib.DSP48E2_HD360
Compiling module xil_defaultlib.DSP48E2_HD361
Compiling module xil_defaultlib.parallel_ntt_0_delay_line__param...
Compiling module xil_defaultlib.DSP48E2_HD362
Compiling module xil_defaultlib.DSP48E2_HD363
Compiling module xil_defaultlib.parallel_ntt_0_delay_line__param...
Compiling module xil_defaultlib.parallel_ntt_0_delay_line__param...
Compiling module xil_defaultlib.parallel_ntt_0_dsp
Compiling module xil_defaultlib.parallel_ntt_0_mult_gen_v12_0_14...
Compiling module xil_defaultlib.parallel_ntt_0_mult_gen_v12_0_14
Compiling module xil_defaultlib.parallel_ntt_0_mult_gen_32x32
Compiling module xil_defaultlib.parallel_ntt_0_delay_line__param...
Compiling module xil_defaultlib.DSP48E2_HD364
Compiling module xil_defaultlib.DSP48E2_HD365
Compiling module xil_defaultlib.parallel_ntt_0_delay_line__param...
Compiling module xil_defaultlib.DSP48E2_HD366
Compiling module xil_defaultlib.parallel_ntt_0_delay_line__param...
Compiling module xil_defaultlib.DSP48E2_HD367
Compiling module xil_defaultlib.DSP48E2_HD368
Compiling module xil_defaultlib.DSP48E2_HD369
Compiling module xil_defaultlib.parallel_ntt_0_delay_line__param...
Compiling module xil_defaultlib.DSP48E2_HD370
Compiling module xil_defaultlib.DSP48E2_HD371
Compiling module xil_defaultlib.parallel_ntt_0_delay_line__param...
Compiling module xil_defaultlib.parallel_ntt_0_delay_line__param...
Compiling module xil_defaultlib.parallel_ntt_0_delay_line__param...
Compiling module xil_defaultlib.parallel_ntt_0_delay_line__param...
Compiling module xil_defaultlib.parallel_ntt_0_delay_line__param...
Compiling module xil_defaultlib.parallel_ntt_0_delay_line__param...
Compiling module xil_defaultlib.parallel_ntt_0_delay_line__param...
Compiling module xil_defaultlib.parallel_ntt_0_delay_line__param...
Compiling module xil_defaultlib.parallel_ntt_0_dsp__parameterize...
Compiling module xil_defaultlib.parallel_ntt_0_mult_gen_v12_0_14...
Compiling module xil_defaultlib.parallel_ntt_0_mult_gen_v12_0_14...
Compiling module xil_defaultlib.parallel_ntt_0_mult_gen_64x33
Compiling module xil_defaultlib.parallel_ntt_0_Barret_reduce
Compiling module xil_defaultlib.parallel_ntt_0_mem_dp
Compiling module xil_defaultlib.parallel_ntt_0_delay_line__param...
Compiling module xil_defaultlib.DSP48E2_HD372
Compiling module xil_defaultlib.DSP48E2_HD373
Compiling module xil_defaultlib.parallel_ntt_0_delay_line__param...
Compiling module xil_defaultlib.DSP48E2_HD374
Compiling module xil_defaultlib.DSP48E2_HD375
Compiling module xil_defaultlib.parallel_ntt_0_delay_line__param...
Compiling module xil_defaultlib.parallel_ntt_0_delay_line__param...
Compiling module xil_defaultlib.parallel_ntt_0_dsp_5
Compiling module xil_defaultlib.parallel_ntt_0_mult_gen_v12_0_14...
Compiling module xil_defaultlib.parallel_ntt_0_mult_gen_v12_0_14...
Compiling module xil_defaultlib.parallel_ntt_0_mult_gen_32x32__1...
Compiling module simprims_ver.RAMB18E2(CLOCK_DOMAINS="COMMON",...
Compiling module xil_defaultlib.parallel_ntt_0_mem_sp__parameter...
Compiling module xil_defaultlib.parallel_ntt_0_NTT_processor__pa...
Compiling module xil_defaultlib.parallel_ntt_0_parallel_NTT_top
Compiling module xil_defaultlib.parallel_ntt_0_parallel_ntt_v1_0...
Compiling module xil_defaultlib.parallel_ntt_0_parallel_ntt_v1_0...
Compiling module xil_defaultlib.parallel_ntt_0_parallel_ntt_v1_0
Compiling module xil_defaultlib.parallel_ntt_0
Compiling module xil_defaultlib.IBUF_HD376
Compiling module xil_defaultlib.IBUF_HD377
Compiling module xil_defaultlib.IBUF_HD378
Compiling module xil_defaultlib.IBUF_HD379
Compiling module xil_defaultlib.IBUF_HD380
Compiling module xil_defaultlib.IBUF_HD381
Compiling module xil_defaultlib.IBUF_HD382
Compiling module xil_defaultlib.IBUF_HD383
Compiling module xil_defaultlib.IBUF_HD384
Compiling module xil_defaultlib.IBUF_HD385
Compiling module xil_defaultlib.IBUF_HD386
Compiling module xil_defaultlib.IBUF_HD387
Compiling module xil_defaultlib.IBUF_HD388
Compiling module xil_defaultlib.IBUF_HD389
Compiling module xil_defaultlib.IBUF_HD390
Compiling module xil_defaultlib.IBUF_HD391
Compiling module xil_defaultlib.IBUF_HD392
Compiling module xil_defaultlib.IBUF_HD393
Compiling module xil_defaultlib.IBUF_HD394
Compiling module xil_defaultlib.IBUF_HD395
Compiling module xil_defaultlib.IBUF_HD396
Compiling module xil_defaultlib.IBUF_HD397
Compiling module xil_defaultlib.IBUF_HD398
Compiling module xil_defaultlib.IBUF_HD399
Compiling module xil_defaultlib.IBUF_HD400
Compiling module xil_defaultlib.IBUF_HD401
Compiling module xil_defaultlib.IBUF_HD402
Compiling module xil_defaultlib.IBUF_HD403
Compiling module xil_defaultlib.IBUF_HD404
Compiling module xil_defaultlib.IBUF_HD405
Compiling module xil_defaultlib.IBUF_HD406
Compiling module xil_defaultlib.IBUF_HD407
Compiling module xil_defaultlib.IBUF_HD408
Compiling module xil_defaultlib.IBUF_HD409
Compiling module xil_defaultlib.IBUF_HD410
Compiling module xil_defaultlib.IBUF_HD411
Compiling module xil_defaultlib.IBUF_HD412
Compiling module xil_defaultlib.IBUF_HD413
Compiling module xil_defaultlib.IBUF_HD414
Compiling module xil_defaultlib.IBUF_HD415
Compiling module xil_defaultlib.IBUF_HD416
Compiling module xil_defaultlib.parallel_ntt_0_wrapper
Compiling module xil_defaultlib.parallel_ntt_0_butterfly_tb
Compiling module xil_defaultlib.glbl
Built simulation snapshot parallel_ntt_0_butterfly_tb_time_synth
