# //  ModelSim SE-64 10.5 Feb 13 2016 
# //
# //  Copyright 1991-2016 Mentor Graphics Corporation
# //  All Rights Reserved.
# //
# //  ModelSim SE-64 and its associated documentation contain trade
# //  secrets and commercial or financial information that are the property of
# //  Mentor Graphics Corporation and are privileged, confidential,
# //  and exempt from disclosure under the Freedom of Information Act,
# //  5 U.S.C. Section 552. Furthermore, this information
# //  is prohibited from disclosure under the Trade Secrets Act,
# //  18 U.S.C. Section 1905.
# //
# do {parallel_ntt_0_butterfly_tb_simulate.do}
# vsim -voptargs=""+acc"" -L xil_defaultlib -L unisims_ver -L secureip -lib xil_defaultlib xil_defaultlib.parallel_ntt_0_butterfly_tb xil_defaultlib.glbl 
# Start time: 15:38:57 on Nov 19,2021
# ** Note: (vsim-3813) Design is being optimized due to module recompilation...
# Loading work.parallel_ntt_0_butterfly_tb(fast)
# Loading work.parallel_ntt_0_wrapper(fast)
# Loading unisims_ver.OBUF(fast)
# Loading unisims_ver.BUFGCE(fast)
# Loading unisims_ver.IBUF(fast)
# Loading work.parallel_ntt_0(fast)
# Loading work.parallel_ntt_0_parallel_ntt_v1_0(fast)
# Loading unisims_ver.VCC(fast)
# Loading unisims_ver.LUT1(fast)
# Loading unisims_ver.CARRY8(fast)
# Loading work.parallel_ntt_0_parallel_NTT_top(fast)
# Loading work.parallel_ntt_0_NTT_processor(fast)
# Loading work.parallel_ntt_0_Barret_reduce__xdcDup__1(fast)
# Loading unisims_ver.LUT5(fast)
# Loading unisims_ver.LUT5(fast__1)
# Loading unisims_ver.LUT2(fast)
# Loading unisims_ver.LUT6(fast)
# Loading unisims_ver.LUT6(fast__1)
# Loading unisims_ver.LUT6(fast__2)
# Loading unisims_ver.LUT6(fast__3)
# Loading unisims_ver.LUT6(fast__4)
# Loading unisims_ver.LUT4(fast)
# Loading unisims_ver.LUT2(fast__1)
# Loading unisims_ver.LUT4(fast__1)
# Loading unisims_ver.LUT4(fast__2)
# Loading unisims_ver.LUT4(fast__3)
# Loading unisims_ver.LUT6(fast__5)
# Loading unisims_ver.LUT6(fast__6)
# Loading unisims_ver.LUT6(fast__7)
# Loading unisims_ver.LUT5(fast__2)
# Loading unisims_ver.LUT5(fast__3)
# Loading unisims_ver.LUT4(fast__4)
# Loading unisims_ver.LUT6(fast__8)
# Loading unisims_ver.LUT5(fast__4)
# Loading unisims_ver.LUT4(fast__5)
# Loading unisims_ver.LUT3(fast)
# Loading unisims_ver.LUT2(fast__2)
# Loading unisims_ver.LUT4(fast__6)
# Loading unisims_ver.LUT4(fast__7)
# Loading unisims_ver.LUT6(fast__9)
# Loading unisims_ver.SRL16E(fast)
# Loading unisims_ver.FDRE(fast)
# Loading unisims_ver.LUT2(fast__3)
# Loading unisims_ver.FDRE(fast__1)
# Loading unisims_ver.LUT5(fast__5)
# Loading unisims_ver.LUT6(fast__10)
# Loading unisims_ver.LUT6(fast__11)
# Loading unisims_ver.LUT6(fast__12)
# Loading unisims_ver.LUT5(fast__6)
# Loading unisims_ver.LUT4(fast__8)
# Loading unisims_ver.LUT6(fast__13)
# Loading unisims_ver.LUT6(fast__14)
# Loading unisims_ver.LUT4(fast__9)
# Loading work.parallel_ntt_0_mult_gen_32x32__5(fast)
# Loading work.parallel_ntt_0_mult_gen_v12_0_14__5(fast)
# Loading unisims_ver.DSP48E2(fast)
# Loading unisims_ver.DSP48E2(fast__1)
# Loading unisims_ver.DSP48E2(fast__2)
# Loading unisims_ver.GND(fast)
# Loading work.parallel_ntt_0_mult_gen_64x33__4(fast)
# Loading work.parallel_ntt_0_mult_gen_v12_0_14__parameterized1__4(fast)
# Loading unisims_ver.DSP48E2(fast__3)
# Loading unisims_ver.DSP48E2(fast__4)
# Loading unisims_ver.DSP48E2(fast__5)
# Loading unisims_ver.LUT2(fast__4)
# Loading unisims_ver.LUT6(fast__15)
# Loading unisims_ver.LUT3(fast__1)
# Loading unisims_ver.LUT6(fast__16)
# Loading unisims_ver.FDSE(fast)
# Loading unisims_ver.LUT5(fast__7)
# Loading unisims_ver.LUT5(fast__8)
# Loading unisims_ver.LUT4(fast__10)
# Loading unisims_ver.LUT6(fast__17)
# Loading unisims_ver.SRLC32E(fast)
# Loading unisims_ver.LUT3(fast__2)
# Loading unisims_ver.LUT6(fast__18)
# Loading unisims_ver.LUT3(fast__3)
# Loading work.parallel_ntt_0_mem_dp__1(fast)
# Loading work.parallel_ntt_0_blk_mem_gen_v8_4_1__1(fast)
# Loading work.parallel_ntt_0_blk_mem_gen_v8_4_1_synth_84(fast)
# Loading work.parallel_ntt_0_blk_mem_gen_top_85(fast)
# Loading work.parallel_ntt_0_blk_mem_gen_generic_cstr_86(fast)
# Loading work.parallel_ntt_0_blk_mem_gen_prim_width_87(fast)
# Loading work.parallel_ntt_0_blk_mem_gen_prim_wrapper_init_88(fast)
# Loading unisims_ver.RAMB36E2(fast)
# Loading unisims_ver.LUT3(fast__4)
# Loading unisims_ver.LUT5(fast__9)
# Loading unisims_ver.LUT5(fast__10)
# Loading unisims_ver.LUT6(fast__19)
# Loading unisims_ver.LUT2(fast__5)
# Loading unisims_ver.FDSE(fast__1)
# Loading unisims_ver.LUT6(fast__20)
# Loading unisims_ver.LUT6(fast__21)
# Loading unisims_ver.LUT5(fast__11)
# Loading unisims_ver.LUT6(fast__22)
# Loading unisims_ver.LUT6(fast__23)
# Loading unisims_ver.LUT6(fast__24)
# Loading unisims_ver.LUT5(fast__12)
# Loading unisims_ver.LUT5(fast__13)
# Loading unisims_ver.LUT2(fast__6)
# Loading unisims_ver.LUT3(fast__5)
# Loading unisims_ver.LUT5(fast__14)
# Loading unisims_ver.LUT3(fast__6)
# Loading unisims_ver.LUT6(fast__25)
# Loading unisims_ver.LUT6(fast__26)
# Loading unisims_ver.LUT3(fast__7)
# Loading work.parallel_ntt_0_mult_gen_32x32__4(fast)
# Loading work.parallel_ntt_0_mult_gen_v12_0_14__4(fast)
# Loading unisims_ver.DSP48E2(fast__6)
# Loading unisims_ver.LUT5(fast__15)
# Loading unisims_ver.LUT4(fast__11)
# Loading unisims_ver.LUT6(fast__27)
# Loading unisims_ver.LUT3(fast__8)
# Loading unisims_ver.LUT6(fast__28)
# Loading unisims_ver.LUT6(fast__29)
# Loading unisims_ver.LUT6(fast__30)
# Loading unisims_ver.LUT2(fast__7)
# Loading work.parallel_ntt_0_mem_sp(fast)
# Loading unisims_ver.RAM32X1S(fast)
# Loading unisims_ver.LUT3(fast__9)
# Loading unisims_ver.LUT6(fast__31)
# Loading unisims_ver.LUT4(fast__12)
# Loading work.parallel_ntt_0_NTT_processor__parameterized0(fast)
# Loading work.parallel_ntt_0_Barret_reduce__xdcDup__2(fast)
# Loading work.parallel_ntt_0_mult_gen_32x32__7(fast)
# Loading work.parallel_ntt_0_mult_gen_v12_0_14__7(fast)
# Loading work.parallel_ntt_0_mult_gen_64x33__5(fast)
# Loading work.parallel_ntt_0_mult_gen_v12_0_14__parameterized1__5(fast)
# Loading unisims_ver.LUT4(fast__13)
# Loading work.parallel_ntt_0_mem_dp__2(fast)
# Loading work.parallel_ntt_0_blk_mem_gen_v8_4_1__2(fast)
# Loading work.parallel_ntt_0_blk_mem_gen_v8_4_1_synth_56(fast)
# Loading work.parallel_ntt_0_blk_mem_gen_top_57(fast)
# Loading work.parallel_ntt_0_blk_mem_gen_generic_cstr_58(fast)
# Loading work.parallel_ntt_0_blk_mem_gen_prim_width_59(fast)
# Loading work.parallel_ntt_0_blk_mem_gen_prim_wrapper_init_60(fast)
# Loading unisims_ver.LUT6(fast__32)
# Loading work.parallel_ntt_0_mult_gen_32x32__6(fast)
# Loading work.parallel_ntt_0_mult_gen_v12_0_14__6(fast)
# Loading work.parallel_ntt_0_mem_sp__parameterized0(fast)
# Loading work.parallel_ntt_0_NTT_processor__parameterized1(fast)
# Loading work.parallel_ntt_0_Barret_reduce__xdcDup__3(fast)
# Loading work.parallel_ntt_0_mult_gen_32x32__9(fast)
# Loading work.parallel_ntt_0_mult_gen_v12_0_14__9(fast)
# Loading work.parallel_ntt_0_mult_gen_64x33__6(fast)
# Loading work.parallel_ntt_0_mult_gen_v12_0_14__parameterized1__6(fast)
# Loading work.parallel_ntt_0_mem_dp__3(fast)
# Loading work.parallel_ntt_0_blk_mem_gen_v8_4_1__3(fast)
# Loading work.parallel_ntt_0_blk_mem_gen_v8_4_1_synth_28(fast)
# Loading work.parallel_ntt_0_blk_mem_gen_top_29(fast)
# Loading work.parallel_ntt_0_blk_mem_gen_generic_cstr_30(fast)
# Loading work.parallel_ntt_0_blk_mem_gen_prim_width_31(fast)
# Loading work.parallel_ntt_0_blk_mem_gen_prim_wrapper_init_32(fast)
# Loading unisims_ver.LUT5(fast__16)
# Loading work.parallel_ntt_0_mult_gen_32x32__8(fast)
# Loading work.parallel_ntt_0_mult_gen_v12_0_14__8(fast)
# Loading work.parallel_ntt_0_mem_sp__parameterized1(fast)
# Loading work.parallel_ntt_0_NTT_processor__parameterized2(fast)
# Loading work.parallel_ntt_0_Barret_reduce(fast)
# Loading work.parallel_ntt_0_mult_gen_32x32(fast)
# Loading work.parallel_ntt_0_mult_gen_v12_0_14(fast)
# Loading work.parallel_ntt_0_mult_gen_64x33(fast)
# Loading work.parallel_ntt_0_mult_gen_v12_0_14__parameterized1(fast)
# Loading work.parallel_ntt_0_mem_dp(fast)
# Loading work.parallel_ntt_0_blk_mem_gen_v8_4_1(fast)
# Loading work.parallel_ntt_0_blk_mem_gen_v8_4_1_synth(fast)
# Loading work.parallel_ntt_0_blk_mem_gen_top(fast)
# Loading work.parallel_ntt_0_blk_mem_gen_generic_cstr(fast)
# Loading work.parallel_ntt_0_blk_mem_gen_prim_width(fast)
# Loading work.parallel_ntt_0_blk_mem_gen_prim_wrapper_init(fast)
# Loading unisims_ver.LUT4(fast__14)
# Loading work.parallel_ntt_0_mult_gen_32x32__10(fast)
# Loading work.parallel_ntt_0_mult_gen_v12_0_14__10(fast)
# Loading work.parallel_ntt_0_mem_sp__parameterized2(fast)
# Loading work.parallel_ntt_0_parallel_ntt_v1_0_M_AXIS(fast)
# Loading unisims_ver.LUT6(fast__33)
# Loading unisims_ver.LUT4(fast__15)
# Loading unisims_ver.LUT2(fast__8)
# Loading unisims_ver.LUT5(fast__17)
# Loading work.parallel_ntt_0_parallel_ntt_v1_0_S_AXIS(fast)
# Loading work.glbl(fast)
# 1
# 1
# .main_pane.wave.interior.cs.body.pw.wf
# .main_pane.structure.interior.cs.body.struct
# .main_pane.objects.interior.cs.body.tree
#  Time Clk Rstb Valid Ready Last Data
#        0.0ns 0 0 0 1 0 00000000000000000000000000000000
#       50.0ns 1 0 0 1 0 00000000000000000000000000000000
#      100.0ns 0 0 0 1 0 00000000000000000000000000000000
#      150.0ns 1 0 0 1 0 00000000000000000000000000000000
#      200.0ns 0 0 0 1 0 00000000000000000000000000000000
#      250.0ns 1 0 0 1 0 00000000000000000000000000000000
#      300.0ns 0 0 0 1 0 00000000000000000000000000000000
#      350.0ns 1 0 0 1 0 00000000000000000000000000000000
#      400.0ns 0 0 0 1 0 00000000000000000000000000000000
#      450.0ns 1 0 0 1 0 00000000000000000000000000000000
#      500.0ns 0 0 0 1 0 00000000000000000000000000000000
#      550.0ns 1 0 0 1 0 00000000000000000000000000000000
#      600.0ns 0 0 0 1 0 00000000000000000000000000000000
#      650.0ns 1 0 0 1 0 00000000000000000000000000000000
#      700.0ns 0 0 0 1 0 00000000000000000000000000000000
#      750.0ns 1 0 0 1 0 00000000000000000000000000000000
#      800.0ns 0 0 0 1 0 00000000000000000000000000000000
#      850.0ns 1 0 0 1 0 00000000000000000000000000000000
#      900.0ns 0 0 0 1 0 00000000000000000000000000000000
#      950.0ns 1 0 0 1 0 00000000000000000000000000000000
run 100us
#     1000.0ns 0 0 0 1 0 00000000000000000000000000000000
#     1050.0ns 1 0 0 1 0 00000000000000000000000000000000
#     1100.0ns 0 0 0 1 0 00000000000000000000000000000000
#     1150.0ns 1 0 0 1 0 00000000000000000000000000000000
#     1200.0ns 0 0 0 1 0 00000000000000000000000000000000
#     1250.0ns 1 0 0 1 0 00000000000000000000000000000000
#     1300.0ns 0 0 0 1 0 00000000000000000000000000000000
#     1350.0ns 1 0 0 1 0 00000000000000000000000000000000
#     1400.0ns 0 0 0 1 0 00000000000000000000000000000000
#     1450.0ns 1 0 0 1 0 00000000000000000000000000000000
#     1500.0ns 0 0 0 1 0 00000000000000000000000000000000
#     1550.0ns 1 0 0 1 0 00000000000000000000000000000000
#     1600.0ns 0 0 0 1 0 00000000000000000000000000000000
#     1650.0ns 1 0 0 1 0 00000000000000000000000000000000
#     1700.0ns 0 0 0 1 0 00000000000000000000000000000000
#     1750.0ns 1 0 0 1 0 00000000000000000000000000000000
#     1800.0ns 0 0 0 1 0 00000000000000000000000000000000
#     1850.0ns 1 0 0 1 0 00000000000000000000000000000000
#     1900.0ns 0 0 0 1 0 00000000000000000000000000000000
#     1950.0ns 1 0 0 1 0 00000000000000000000000000000000
#     2000.0ns 0 1 0 1 0 00000000000000000000000000000000
#     2050.0ns 1 1 0 1 0 00000000000000000000000000000000
#     2100.0ns 0 1 0 1 0 00000000000000000000000000000000
#     2150.0ns 1 1 0 1 0 00000000000000000000000000000000
#     2200.0ns 0 1 0 1 0 00000000000000000000000000000000
#     2250.0ns 1 1 0 1 0 00000000000000000000000000000000
#     2300.0ns 0 1 0 1 0 00000000000000000000000000000000
#     2350.0ns 1 1 0 1 0 00000000000000000000000000000000
#     2400.0ns 0 1 0 1 0 00000000000000000000000000000000
#     2450.0ns 1 1 0 1 0 00000000000000000000000000000000
#     2500.0ns 0 1 0 1 0 00000000000000000000000000000000
#     2550.0ns 1 1 0 1 0 00000000000000000000000000000000
#     2600.0ns 0 1 0 1 0 00000000000000000000000000000000
#     2650.0ns 1 1 0 1 0 00000000000000000000000000000000
#     2700.0ns 0 1 0 1 0 00000000000000000000000000000000
#     2750.0ns 1 1 0 1 0 00000000000000000000000000000000
#     2800.0ns 0 1 0 1 0 00000000000000000000000000000000
#     2850.0ns 1 1 0 1 0 00000000000000000000000000000000
#     2900.0ns 0 1 0 1 0 00000000000000000000000000000000
#     2950.0ns 1 1 0 1 0 00000000000000000000000000000000
#     3000.0ns 0 1 0 1 0 00000000000000000000000000000000
#     3050.0ns 1 1 0 1 0 00000000000000000000000000000000
#     3100.0ns 0 1 0 1 0 00000000000000000000000000000000
#     3150.0ns 1 1 0 1 0 00000000000000000000000000000000
#     3200.0ns 0 1 0 1 0 00000000000000000000000000000000
#     3250.0ns 1 1 0 1 0 00000000000000000000000000000000
#     3300.0ns 0 1 0 1 0 00000000000000000000000000000000
#     3350.0ns 1 1 0 1 0 00000000000000000000000000000000
#     3400.0ns 0 1 0 1 0 00000000000000000000000000000000
#     3450.0ns 1 1 0 1 0 00000000000000000000000000000000
#     3500.0ns 0 1 0 1 0 00000000000000000000000000000000
#     3550.0ns 1 1 0 1 0 00000000000000000000000000000000
#     3600.0ns 0 1 0 1 0 00000000000000000000000000000000
#     3650.0ns 1 1 0 1 0 00000000000000000000000000000000
#     3700.0ns 0 1 0 1 0 00000000000000000000000000000000
#     3750.0ns 1 1 0 1 0 00000000000000000000000000000000
#     3800.0ns 0 1 0 1 0 00000000000000000000000000000000
#     3850.0ns 1 1 0 1 0 00000000000000000000000000000000
#     3900.0ns 0 1 0 1 0 00000000000000000000000000000000
#     3950.0ns 1 1 0 1 0 00000000000000000000000000000000
#     4000.0ns 0 1 0 1 0 10010010010001110110111101010011
#     4025.0ns 0 1 1 1 0 10010010010001110110111101010011
#     4050.0ns 1 1 1 1 0 10010010010001110110111101010011
#     4100.0ns 0 1 1 1 0 01101101110010111010101100111101
#     4150.0ns 1 1 1 1 0 01101101110010111010101100111101
#     4200.0ns 0 1 1 1 0 10010011111111011100100100101111
#     4250.0ns 1 1 1 1 0 10010011111111011100100100101111
#     4300.0ns 0 1 1 1 0 00110100110000101101101000001011
#     4350.0ns 1 1 1 1 0 00110100110000101101101000001011
#     4400.0ns 0 1 1 1 0 11010000001101011101000001001000
#     4450.0ns 1 1 1 1 0 11010000001101011101000001001000
#     4500.0ns 0 1 1 1 0 11010010110101101011011001011010
#     4550.0ns 1 1 1 1 0 11010010110101101011011001011010
#     4600.0ns 0 1 1 1 0 10100111010010011111100000111000
#     4650.0ns 1 1 1 1 0 10100111010010011111100000111000
#     4700.0ns 0 1 1 1 0 00101001000001001100110101111010
#     4750.0ns 1 1 1 1 0 00101001000001001100110101111010
#     4800.0ns 0 1 1 1 0 10000101010010101001010100000010
#     4850.0ns 1 1 1 1 0 10000101010010101001010100000010
#     4900.0ns 0 1 1 1 0 01010011111010001110101001110000
#     4950.0ns 1 1 1 1 0 01010011111010001110101001110000
#     5000.0ns 0 1 1 1 0 00111111111111111100011110011110
#     5050.0ns 1 1 1 1 0 00111111111111111100011110011110
#     5100.0ns 0 1 1 1 0 11110011111010111100110010110111
#     5150.0ns 1 1 1 1 0 11110011111010111100110010110111
#     5200.0ns 0 1 1 1 0 11111111000111100101100101101110
#     5250.0ns 1 1 1 1 0 11111111000111100101100101101110
#     5300.0ns 0 1 1 1 0 00001011011010000000101111110000
#     5350.0ns 1 1 1 1 0 00001011011010000000101111110000
#     5400.0ns 0 1 1 1 0 11011100001100111000000101011110
#     5450.0ns 1 1 1 1 0 11011100001100111000000101011110
#     5500.0ns 0 1 1 1 0 10011010011010101011000110101001
#     5550.0ns 1 1 1 1 0 10011010011010101011000110101001
#     5600.0ns 0 1 1 1 0 01100001101100001110110100011001
#     5650.0ns 1 1 1 1 0 01100001101100001110110100011001
#     5700.0ns 0 1 1 1 0 01001000100110110011001101100101
#     5750.0ns 1 1 1 1 0 01001000100110110011001101100101
#     5800.0ns 0 1 1 1 0 10101100110010100111110101011001
#     5850.0ns 1 1 1 1 0 10101100110010100111110101011001
#     5900.0ns 0 1 1 1 0 01110100111100101110000111000001
#     5950.0ns 1 1 1 1 0 01110100111100101110000111000001
#     6000.0ns 0 1 1 1 0 10101111100101001001110010010011
#     6050.0ns 1 1 1 1 0 10101111100101001001110010010011
#     6100.0ns 0 1 1 1 0 10101001011011101100000100000100
#     6150.0ns 1 1 1 1 0 10101001011011101100000100000100
#     6200.0ns 0 1 1 1 0 00100010000010101101101010111001
#     6250.0ns 1 1 1 1 0 00100010000010101101101010111001
#     6300.0ns 0 1 1 1 0 11000100100100010000001011110000
#     6350.0ns 1 1 1 1 0 11000100100100010000001011110000
#     6400.0ns 0 1 1 1 0 11111011011111110110110011010011
#     6450.0ns 1 1 1 1 0 11111011011111110110110011010011
#     6500.0ns 0 1 1 1 0 11111000001010011101000000100010
#     6550.0ns 1 1 1 1 0 11111000001010011101000000100010
#     6600.0ns 0 1 1 1 0 10011101000000101111101100000100
#     6650.0ns 1 1 1 1 0 10011101000000101111101100000100
#     6700.0ns 0 1 1 1 0 00001011010101001010101000010110
#     6750.0ns 1 1 1 1 0 00001011010101001010101000010110
#     6800.0ns 0 1 1 1 0 00000001000010011100001000000100
#     6850.0ns 1 1 1 1 0 00000001000010011100001000000100
#     6900.0ns 0 1 1 1 0 00100010010011000000010110110000
#     6950.0ns 1 1 1 1 0 00100010010011000000010110110000
#     7000.0ns 0 1 1 1 0 11110000111001011000010000000011
#     7050.0ns 1 1 1 1 0 11110000111001011000010000000011
#     7100.0ns 0 1 1 1 0 01001101100010000100010001001111
#     7125.0ns 0 1 1 1 1 01001101100010000100010001001111
#     7150.0ns 1 1 1 1 1 01001101100010000100010001001111
#     7200.0ns 0 1 0 1 0 01001101100010000100010001001111
#     7250.0ns 1 1 0 1 0 01001101100010000100010001001111
#     7300.0ns 0 1 0 1 0 01001101100010000100010001001111
#     7350.0ns 1 1 0 1 0 01001101100010000100010001001111
#     7400.0ns 0 1 0 1 0 01001101100010000100010001001111
#     7450.0ns 1 1 0 1 0 01001101100010000100010001001111
#     7500.0ns 0 1 0 1 0 01001101100010000100010001001111
#     7550.0ns 1 1 0 1 0 01001101100010000100010001001111
#     7600.0ns 0 1 0 1 0 01001101100010000100010001001111
#     7650.0ns 1 1 0 1 0 01001101100010000100010001001111
#     7700.0ns 0 0 0 1 0 01001101100010000100010001001111
#     7750.0ns 1 0 0 1 0 01001101100010000100010001001111
#     7800.0ns 0 0 0 1 0 01001101100010000100010001001111
#     7850.0ns 1 0 0 1 0 01001101100010000100010001001111
#     7900.0ns 0 0 0 1 0 01001101100010000100010001001111
#     7950.0ns 1 0 0 1 0 01001101100010000100010001001111
#     8000.0ns 0 0 0 1 0 01001101100010000100010001001111
#     8050.0ns 1 0 0 1 0 01001101100010000100010001001111
#     8100.0ns 0 0 0 1 0 01001101100010000100010001001111
#     8150.0ns 1 0 0 1 0 01001101100010000100010001001111
#     8200.0ns 0 0 0 1 0 01001101100010000100010001001111
#     8250.0ns 1 0 0 1 0 01001101100010000100010001001111
#     8300.0ns 0 0 0 1 0 01001101100010000100010001001111
#     8350.0ns 1 0 0 1 0 01001101100010000100010001001111
#     8400.0ns 0 0 0 1 0 01001101100010000100010001001111
#     8450.0ns 1 0 0 1 0 01001101100010000100010001001111
#     8500.0ns 0 0 0 1 0 01001101100010000100010001001111
#     8550.0ns 1 0 0 1 0 01001101100010000100010001001111
#     8600.0ns 0 0 0 1 0 01001101100010000100010001001111
#     8650.0ns 1 0 0 1 0 01001101100010000100010001001111
#     8700.0ns 0 0 0 1 0 01001101100010000100010001001111
#     8750.0ns 1 0 0 1 0 01001101100010000100010001001111
#     8800.0ns 0 0 0 1 0 01001101100010000100010001001111
#     8850.0ns 1 0 0 1 0 01001101100010000100010001001111
#     8900.0ns 0 0 0 1 0 01001101100010000100010001001111
#     8950.0ns 1 0 0 1 0 01001101100010000100010001001111
#     9000.0ns 0 0 0 1 0 01001101100010000100010001001111
#     9050.0ns 1 0 0 1 0 01001101100010000100010001001111
#     9100.0ns 0 0 0 1 0 01001101100010000100010001001111
#     9150.0ns 1 0 0 1 0 01001101100010000100010001001111
#     9200.0ns 0 0 0 1 0 01001101100010000100010001001111
#     9250.0ns 1 0 0 1 0 01001101100010000100010001001111
#     9300.0ns 0 0 0 1 0 01001101100010000100010001001111
#     9350.0ns 1 0 0 1 0 01001101100010000100010001001111
#     9400.0ns 0 0 0 1 0 01001101100010000100010001001111
#     9450.0ns 1 0 0 1 0 01001101100010000100010001001111
#     9500.0ns 0 0 0 1 0 01001101100010000100010001001111
#     9550.0ns 1 0 0 1 0 01001101100010000100010001001111
#     9600.0ns 0 0 0 1 0 01001101100010000100010001001111
#     9650.0ns 1 0 0 1 0 01001101100010000100010001001111
#     9700.0ns 0 1 0 1 0 01001101100010000100010001001111
#     9750.0ns 1 1 0 1 0 01001101100010000100010001001111
#     9800.0ns 0 1 0 1 0 01001101100010000100010001001111
#     9850.0ns 1 1 0 1 0 01001101100010000100010001001111
#     9900.0ns 0 1 0 1 0 01001101100010000100010001001111
#     9950.0ns 1 1 0 1 0 01001101100010000100010001001111
#    10000.0ns 0 1 0 1 0 01001101100010000100010001001111
#    10050.0ns 1 1 0 1 0 01001101100010000100010001001111
#    10100.0ns 0 1 0 1 0 01001101100010000100010001001111
#    10150.0ns 1 1 0 1 0 01001101100010000100010001001111
#    10200.0ns 0 1 0 1 0 01001101100010000100010001001111
#    10250.0ns 1 1 0 1 0 01001101100010000100010001001111
#    10300.0ns 0 1 0 1 0 01001101100010000100010001001111
#    10350.0ns 1 1 0 1 0 01001101100010000100010001001111
#    10400.0ns 0 1 0 1 0 01001101100010000100010001001111
#    10450.0ns 1 1 0 1 0 01001101100010000100010001001111
#    10500.0ns 0 1 0 1 0 01001101100010000100010001001111
#    10550.0ns 1 1 0 1 0 01001101100010000100010001001111
#    10600.0ns 0 1 0 1 0 01001101100010000100010001001111
#    10650.0ns 1 1 0 1 0 01001101100010000100010001001111
#    10700.0ns 0 1 0 1 0 01001101100010000100010001001111
#    10750.0ns 1 1 0 1 0 01001101100010000100010001001111
#    10800.0ns 0 1 0 1 0 01001101100010000100010001001111
#    10850.0ns 1 1 0 1 0 01001101100010000100010001001111
#    10900.0ns 0 1 0 1 0 01001101100010000100010001001111
#    10950.0ns 1 1 0 1 0 01001101100010000100010001001111
#    11000.0ns 0 1 0 1 0 01001101100010000100010001001111
#    11050.0ns 1 1 0 1 0 01001101100010000100010001001111
#    11100.0ns 0 1 0 1 0 01001101100010000100010001001111
#    11150.0ns 1 1 0 1 0 01001101100010000100010001001111
#    11200.0ns 0 1 0 1 0 01001101100010000100010001001111
#    11250.0ns 1 1 0 1 0 01001101100010000100010001001111
#    11300.0ns 0 1 0 1 0 01001101100010000100010001001111
#    11350.0ns 1 1 0 1 0 01001101100010000100010001001111
#    11400.0ns 0 1 0 1 0 01001101100010000100010001001111
#    11450.0ns 1 1 0 1 0 01001101100010000100010001001111
#    11500.0ns 0 1 0 1 0 01001101100010000100010001001111
#    11550.0ns 1 1 0 1 0 01001101100010000100010001001111
#    11600.0ns 0 1 0 1 0 01001101100010000100010001001111
#    11650.0ns 1 1 0 1 0 01001101100010000100010001001111
#    11700.0ns 0 1 0 1 0 01001101100010000100010001001111
#    11750.0ns 1 1 0 1 0 01001101100010000100010001001111
#    11800.0ns 0 1 0 1 0 01001101100010000100010001001111
#    11850.0ns 1 1 0 1 0 01001101100010000100010001001111
#    11900.0ns 0 1 0 1 0 01001101100010000100010001001111
#    11950.0ns 1 1 0 1 0 01001101100010000100010001001111
#    12000.0ns 0 1 0 1 0 01001101100010000100010001001111
#    12050.0ns 1 1 0 1 0 01001101100010000100010001001111
#    12100.0ns 0 1 0 1 0 01001101100010000100010001001111
#    12150.0ns 1 1 0 1 0 01001101100010000100010001001111
#    12200.0ns 0 1 0 1 0 01001101100010000100010001001111
#    12250.0ns 1 1 0 1 0 01001101100010000100010001001111
#    12300.0ns 0 1 0 1 0 01001101100010000100010001001111
#    12350.0ns 1 1 0 1 0 01001101100010000100010001001111
#    12400.0ns 0 1 0 1 0 01001101100010000100010001001111
#    12450.0ns 1 1 0 1 0 01001101100010000100010001001111
#    12500.0ns 0 1 0 1 0 01001101100010000100010001001111
#    12550.0ns 1 1 0 1 0 01001101100010000100010001001111
#    12600.0ns 0 1 0 1 0 01001101100010000100010001001111
#    12650.0ns 1 1 0 1 0 01001101100010000100010001001111
#    12700.0ns 0 1 0 1 0 01001101100010000100010001001111
#    12750.0ns 1 1 0 1 0 01001101100010000100010001001111
#    12800.0ns 0 1 0 1 0 01001101100010000100010001001111
#    12850.0ns 1 1 0 1 0 01001101100010000100010001001111
#    12900.0ns 0 1 0 1 0 01001101100010000100010001001111
#    12950.0ns 1 1 0 1 0 01001101100010000100010001001111
#    13000.0ns 0 1 0 1 0 01001101100010000100010001001111
#    13050.0ns 1 1 0 1 0 01001101100010000100010001001111
#    13100.0ns 0 1 0 1 0 01001101100010000100010001001111
#    13150.0ns 1 1 0 1 0 01001101100010000100010001001111
#    13200.0ns 0 1 0 1 0 01001101100010000100010001001111
#    13250.0ns 1 1 0 1 0 01001101100010000100010001001111
#    13300.0ns 0 1 0 1 0 01001101100010000100010001001111
#    13350.0ns 1 1 0 1 0 01001101100010000100010001001111
#    13400.0ns 0 1 0 1 0 01001101100010000100010001001111
#    13450.0ns 1 1 0 1 0 01001101100010000100010001001111
#    13500.0ns 0 1 0 1 0 01001101100010000100010001001111
#    13550.0ns 1 1 0 1 0 01001101100010000100010001001111
#    13600.0ns 0 1 0 1 0 01001101100010000100010001001111
#    13650.0ns 1 1 0 1 0 01001101100010000100010001001111
#    13700.0ns 0 1 0 1 0 01001101100010000100010001001111
#    13750.0ns 1 1 0 1 0 01001101100010000100010001001111
#    13800.0ns 0 1 0 1 0 01001101100010000100010001001111
#    13850.0ns 1 1 0 1 0 01001101100010000100010001001111
#    13900.0ns 0 1 0 1 0 01001101100010000100010001001111
#    13950.0ns 1 1 0 1 0 01001101100010000100010001001111
#    14000.0ns 0 1 0 1 0 01001101100010000100010001001111
#    14050.0ns 1 1 0 1 0 01001101100010000100010001001111
#    14100.0ns 0 1 0 1 0 01001101100010000100010001001111
#    14150.0ns 1 1 0 1 0 01001101100010000100010001001111
#    14200.0ns 0 1 0 1 0 01001101100010000100010001001111
#    14250.0ns 1 1 0 1 0 01001101100010000100010001001111
#    14300.0ns 0 1 0 1 0 01001101100010000100010001001111
#    14350.0ns 1 1 0 1 0 01001101100010000100010001001111
#    14400.0ns 0 1 0 1 0 01001101100010000100010001001111
#    14450.0ns 1 1 0 1 0 01001101100010000100010001001111
#    14500.0ns 0 1 0 1 0 01001101100010000100010001001111
#    14550.0ns 1 1 0 1 0 01001101100010000100010001001111
#    14600.0ns 0 1 0 1 0 01001101100010000100010001001111
#    14650.0ns 1 1 0 1 0 01001101100010000100010001001111
#    14700.0ns 0 1 0 1 0 01001101100010000100010001001111
#    14750.0ns 1 1 0 1 0 01001101100010000100010001001111
#    14800.0ns 0 1 0 1 0 01001101100010000100010001001111
#    14850.0ns 1 1 0 1 0 01001101100010000100010001001111
#    14900.0ns 0 1 0 1 0 01001101100010000100010001001111
#    14950.0ns 1 1 0 1 0 01001101100010000100010001001111
#    15000.0ns 0 1 0 1 0 01001101100010000100010001001111
#    15050.0ns 1 1 0 1 0 01001101100010000100010001001111
#    15100.0ns 0 1 0 1 0 01001101100010000100010001001111
#    15150.0ns 1 1 0 1 0 01001101100010000100010001001111
#    15200.0ns 0 1 0 1 0 01001101100010000100010001001111
#    15250.0ns 1 1 0 1 0 01001101100010000100010001001111
#    15300.0ns 0 1 0 1 0 01001101100010000100010001001111
#    15350.0ns 1 1 0 1 0 01001101100010000100010001001111
#    15400.0ns 0 1 0 1 0 01001101100010000100010001001111
#    15450.0ns 1 1 0 1 0 01001101100010000100010001001111
#    15500.0ns 0 1 0 1 0 01001101100010000100010001001111
#    15550.0ns 1 1 0 1 0 01001101100010000100010001001111
#    15600.0ns 0 1 0 1 0 01001101100010000100010001001111
#    15650.0ns 1 1 0 1 0 01001101100010000100010001001111
#    15700.0ns 0 1 0 1 0 01001101100010000100010001001111
#    15750.0ns 1 1 0 1 0 01001101100010000100010001001111
#    15800.0ns 0 1 0 1 0 01001101100010000100010001001111
#    15850.0ns 1 1 0 1 0 01001101100010000100010001001111
#    15900.0ns 0 1 0 1 0 01001101100010000100010001001111
#    15950.0ns 1 1 0 1 0 01001101100010000100010001001111
#    16000.0ns 0 1 0 1 0 01001101100010000100010001001111
#    16050.0ns 1 1 0 1 0 01001101100010000100010001001111
#    16100.0ns 0 1 0 1 0 01001101100010000100010001001111
#    16150.0ns 1 1 0 1 0 01001101100010000100010001001111
#    16200.0ns 0 1 0 1 0 01001101100010000100010001001111
#    16250.0ns 1 1 0 1 0 01001101100010000100010001001111
#    16300.0ns 0 1 0 1 0 01001101100010000100010001001111
#    16350.0ns 1 1 0 1 0 01001101100010000100010001001111
#    16400.0ns 0 1 0 1 0 01001101100010000100010001001111
#    16450.0ns 1 1 0 1 0 01001101100010000100010001001111
#    16500.0ns 0 1 0 1 0 01001101100010000100010001001111
#    16550.0ns 1 1 0 1 0 01001101100010000100010001001111
#    16600.0ns 0 1 0 1 0 01001101100010000100010001001111
#    16650.0ns 1 1 0 1 0 01001101100010000100010001001111
#    16700.0ns 0 1 0 1 0 01001101100010000100010001001111
#    16750.0ns 1 1 0 1 0 01001101100010000100010001001111
#    16800.0ns 0 1 0 1 0 01001101100010000100010001001111
#    16850.0ns 1 1 0 1 0 01001101100010000100010001001111
#    16900.0ns 0 1 0 1 0 01001101100010000100010001001111
#    16950.0ns 1 1 0 1 0 01001101100010000100010001001111
#    17000.0ns 0 1 0 1 0 01001101100010000100010001001111
#    17050.0ns 1 1 0 1 0 01001101100010000100010001001111
#    17100.0ns 0 1 0 1 0 01001101100010000100010001001111
#    17150.0ns 1 1 0 1 0 01001101100010000100010001001111
#    17200.0ns 0 1 0 1 0 01001101100010000100010001001111
#    17250.0ns 1 1 0 1 0 01001101100010000100010001001111
#    17300.0ns 0 1 0 1 0 01001101100010000100010001001111
#    17350.0ns 1 1 0 1 0 01001101100010000100010001001111
#    17400.0ns 0 1 0 1 0 01001101100010000100010001001111
#    17450.0ns 1 1 0 1 0 01001101100010000100010001001111
#    17500.0ns 0 1 0 1 0 01001101100010000100010001001111
#    17550.0ns 1 1 0 1 0 01001101100010000100010001001111
#    17600.0ns 0 1 0 1 0 01001101100010000100010001001111
#    17650.0ns 1 1 0 1 0 01001101100010000100010001001111
#    17700.0ns 0 1 0 1 0 01001101100010000100010001001111
#    17750.0ns 1 1 0 1 0 01001101100010000100010001001111
#    17800.0ns 0 1 0 1 0 01001101100010000100010001001111
#    17850.0ns 1 1 0 1 0 01001101100010000100010001001111
#    17900.0ns 0 1 0 1 0 01001101100010000100010001001111
#    17950.0ns 1 1 0 1 0 01001101100010000100010001001111
#    18000.0ns 0 1 0 1 0 01001101100010000100010001001111
#    18050.0ns 1 1 0 1 0 01001101100010000100010001001111
#    18100.0ns 0 1 0 1 0 01001101100010000100010001001111
#    18150.0ns 1 1 0 1 0 01001101100010000100010001001111
#    18200.0ns 0 1 0 1 0 01001101100010000100010001001111
#    18250.0ns 1 1 0 1 0 01001101100010000100010001001111
#    18300.0ns 0 1 0 1 0 01001101100010000100010001001111
#    18350.0ns 1 1 0 1 0 01001101100010000100010001001111
#    18400.0ns 0 1 0 1 0 01001101100010000100010001001111
#    18450.0ns 1 1 0 1 0 01001101100010000100010001001111
#    18500.0ns 0 1 0 1 0 01001101100010000100010001001111
#    18550.0ns 1 1 0 1 0 01001101100010000100010001001111
#    18600.0ns 0 1 0 1 0 01001101100010000100010001001111
#    18650.0ns 1 1 0 1 0 01001101100010000100010001001111
#    18700.0ns 0 1 0 1 0 01001101100010000100010001001111
#    18750.0ns 1 1 0 1 0 01001101100010000100010001001111
#    18800.0ns 0 1 0 1 0 01001101100010000100010001001111
#    18850.0ns 1 1 0 1 0 01001101100010000100010001001111
#    18900.0ns 0 1 0 1 0 01001101100010000100010001001111
#    18950.0ns 1 1 0 1 0 01001101100010000100010001001111
#    19000.0ns 0 1 0 1 0 01001101100010000100010001001111
#    19050.0ns 1 1 0 1 0 01001101100010000100010001001111
#    19100.0ns 0 1 0 1 0 01001101100010000100010001001111
#    19150.0ns 1 1 0 1 0 01001101100010000100010001001111
#    19200.0ns 0 1 0 1 0 01001101100010000100010001001111
#    19250.0ns 1 1 0 1 0 01001101100010000100010001001111
#    19300.0ns 0 1 0 1 0 01001101100010000100010001001111
#    19350.0ns 1 1 0 1 0 01001101100010000100010001001111
#    19400.0ns 0 1 0 1 0 01001101100010000100010001001111
#    19450.0ns 1 1 0 1 0 01001101100010000100010001001111
#    19500.0ns 0 1 0 1 0 01001101100010000100010001001111
#    19550.0ns 1 1 0 1 0 01001101100010000100010001001111
#    19600.0ns 0 1 0 1 0 01001101100010000100010001001111
#    19650.0ns 1 1 0 1 0 01001101100010000100010001001111
#    19700.0ns 0 1 0 1 0 01001101100010000100010001001111
#    19750.0ns 1 1 0 1 0 01001101100010000100010001001111
#    19800.0ns 0 1 0 1 0 01001101100010000100010001001111
#    19850.0ns 1 1 0 1 0 01001101100010000100010001001111
#    19900.0ns 0 1 0 1 0 01001101100010000100010001001111
#    19950.0ns 1 1 0 1 0 01001101100010000100010001001111
#    20000.0ns 0 1 0 1 0 01001101100010000100010001001111
#    20050.0ns 1 1 0 1 0 01001101100010000100010001001111
#    20100.0ns 0 1 0 1 0 01001101100010000100010001001111
#    20150.0ns 1 1 0 1 0 01001101100010000100010001001111
#    20200.0ns 0 1 0 1 0 01001101100010000100010001001111
#    20250.0ns 1 1 0 1 0 01001101100010000100010001001111
#    20300.0ns 0 1 0 1 0 01001101100010000100010001001111
#    20350.0ns 1 1 0 1 0 01001101100010000100010001001111
#    20400.0ns 0 1 0 1 0 01001101100010000100010001001111
#    20450.0ns 1 1 0 1 0 01001101100010000100010001001111
#    20500.0ns 0 1 0 1 0 01001101100010000100010001001111
#    20550.0ns 1 1 0 1 0 01001101100010000100010001001111
#    20600.0ns 0 1 0 1 0 01001101100010000100010001001111
#    20650.0ns 1 1 0 1 0 01001101100010000100010001001111
#    20700.0ns 0 1 0 1 0 01001101100010000100010001001111
#    20750.0ns 1 1 0 1 0 01001101100010000100010001001111
#    20800.0ns 0 1 0 1 0 01001101100010000100010001001111
#    20850.0ns 1 1 0 1 0 01001101100010000100010001001111
#    20900.0ns 0 1 0 1 0 01001101100010000100010001001111
#    20950.0ns 1 1 0 1 0 01001101100010000100010001001111
#    21000.0ns 0 1 0 1 0 01001101100010000100010001001111
#    21050.0ns 1 1 0 1 0 01001101100010000100010001001111
#    21100.0ns 0 1 0 1 0 01001101100010000100010001001111
#    21150.0ns 1 1 0 1 0 01001101100010000100010001001111
#    21200.0ns 0 1 0 1 0 01001101100010000100010001001111
#    21250.0ns 1 1 0 1 0 01001101100010000100010001001111
#    21300.0ns 0 1 0 1 0 01001101100010000100010001001111
#    21350.0ns 1 1 0 1 0 01001101100010000100010001001111
#    21400.0ns 0 1 0 1 0 01001101100010000100010001001111
#    21450.0ns 1 1 0 1 0 01001101100010000100010001001111
#    21500.0ns 0 1 0 1 0 01001101100010000100010001001111
#    21550.0ns 1 1 0 1 0 01001101100010000100010001001111
#    21600.0ns 0 1 0 1 0 01001101100010000100010001001111
#    21650.0ns 1 1 0 1 0 01001101100010000100010001001111
#    21700.0ns 0 1 0 1 0 01001101100010000100010001001111
#    21750.0ns 1 1 0 1 0 01001101100010000100010001001111
#    21800.0ns 0 1 0 1 0 01001101100010000100010001001111
#    21850.0ns 1 1 0 1 0 01001101100010000100010001001111
#    21900.0ns 0 1 0 1 0 01001101100010000100010001001111
#    21950.0ns 1 1 0 1 0 01001101100010000100010001001111
#    22000.0ns 0 1 0 1 0 01001101100010000100010001001111
#    22050.0ns 1 1 0 1 0 01001101100010000100010001001111
#    22100.0ns 0 1 0 1 0 01001101100010000100010001001111
#    22150.0ns 1 1 0 1 0 01001101100010000100010001001111
#    22200.0ns 0 1 0 1 0 01001101100010000100010001001111
#    22250.0ns 1 1 0 1 0 01001101100010000100010001001111
#    22300.0ns 0 1 0 1 0 01001101100010000100010001001111
#    22350.0ns 1 1 0 1 0 01001101100010000100010001001111
#    22400.0ns 0 1 0 1 0 01001101100010000100010001001111
#    22450.0ns 1 1 0 1 0 01001101100010000100010001001111
#    22500.0ns 0 1 0 1 0 01001101100010000100010001001111
#    22550.0ns 1 1 0 1 0 01001101100010000100010001001111
#    22600.0ns 0 1 0 1 0 01001101100010000100010001001111
#    22650.0ns 1 1 0 1 0 01001101100010000100010001001111
#    22700.0ns 0 1 0 1 0 01001101100010000100010001001111
#    22750.0ns 1 1 0 1 0 01001101100010000100010001001111
#    22800.0ns 0 1 0 1 0 01001101100010000100010001001111
#    22850.0ns 1 1 0 1 0 01001101100010000100010001001111
#    22900.0ns 0 1 0 1 0 01001101100010000100010001001111
#    22950.0ns 1 1 0 1 0 01001101100010000100010001001111
#    23000.0ns 0 1 0 1 0 01001101100010000100010001001111
#    23050.0ns 1 1 0 1 0 01001101100010000100010001001111
#    23100.0ns 0 1 0 1 0 01001101100010000100010001001111
#    23150.0ns 1 1 0 1 0 01001101100010000100010001001111
#    23200.0ns 0 1 0 1 0 01001101100010000100010001001111
#    23250.0ns 1 1 0 1 0 01001101100010000100010001001111
#    23300.0ns 0 1 0 1 0 01001101100010000100010001001111
#    23350.0ns 1 1 0 1 0 01001101100010000100010001001111
#    23400.0ns 0 1 0 1 0 01001101100010000100010001001111
#    23450.0ns 1 1 0 1 0 01001101100010000100010001001111
#    23500.0ns 0 1 0 1 0 01001101100010000100010001001111
#    23550.0ns 1 1 0 1 0 01001101100010000100010001001111
#    23600.0ns 0 1 0 1 0 01001101100010000100010001001111
#    23650.0ns 1 1 0 1 0 01001101100010000100010001001111
#    23700.0ns 0 1 0 1 0 01001101100010000100010001001111
#    23750.0ns 1 1 0 1 0 01001101100010000100010001001111
#    23800.0ns 0 1 0 1 0 01001101100010000100010001001111
#    23850.0ns 1 1 0 1 0 01001101100010000100010001001111
#    23900.0ns 0 1 0 1 0 01001101100010000100010001001111
#    23950.0ns 1 1 0 1 0 01001101100010000100010001001111
#    24000.0ns 0 1 0 1 0 01001101100010000100010001001111
#    24050.0ns 1 1 0 1 0 01001101100010000100010001001111
#    24100.0ns 0 1 0 1 0 01001101100010000100010001001111
#    24150.0ns 1 1 0 1 0 01001101100010000100010001001111
#    24200.0ns 0 1 0 1 0 01001101100010000100010001001111
#    24250.0ns 1 1 0 1 0 01001101100010000100010001001111
#    24300.0ns 0 1 0 1 0 01001101100010000100010001001111
#    24350.0ns 1 1 0 1 0 01001101100010000100010001001111
#    24400.0ns 0 1 0 1 0 01001101100010000100010001001111
#    24450.0ns 1 1 0 1 0 01001101100010000100010001001111
#    24500.0ns 0 1 0 1 0 01001101100010000100010001001111
#    24550.0ns 1 1 0 1 0 01001101100010000100010001001111
#    24600.0ns 0 1 0 1 0 01001101100010000100010001001111
#    24650.0ns 1 1 0 1 0 01001101100010000100010001001111
#    24700.0ns 0 1 0 1 0 01001101100010000100010001001111
#    24750.0ns 1 1 0 1 0 01001101100010000100010001001111
#    24800.0ns 0 1 0 1 0 01001101100010000100010001001111
#    24850.0ns 1 1 0 1 0 01001101100010000100010001001111
#    24900.0ns 0 1 0 1 0 01001101100010000100010001001111
#    24950.0ns 1 1 0 1 0 01001101100010000100010001001111
#    25000.0ns 0 1 0 1 0 01001101100010000100010001001111
#    25050.0ns 1 1 0 1 0 01001101100010000100010001001111
#    25100.0ns 0 1 0 1 0 01001101100010000100010001001111
#    25150.0ns 1 1 0 1 0 01001101100010000100010001001111
#    25200.0ns 0 1 0 1 0 01001101100010000100010001001111
#    25250.0ns 1 1 0 1 0 01001101100010000100010001001111
#    25300.0ns 0 1 0 1 0 01001101100010000100010001001111
#    25350.0ns 1 1 0 1 0 01001101100010000100010001001111
#    25400.0ns 0 1 0 1 0 01001101100010000100010001001111
#    25450.0ns 1 1 0 1 0 01001101100010000100010001001111
#    25500.0ns 0 1 0 1 0 01001101100010000100010001001111
#    25550.0ns 1 1 0 1 0 01001101100010000100010001001111
#    25600.0ns 0 1 0 1 0 01001101100010000100010001001111
#    25650.0ns 1 1 0 1 0 01001101100010000100010001001111
#    25700.0ns 0 1 0 1 0 01001101100010000100010001001111
#    25750.0ns 1 1 0 1 0 01001101100010000100010001001111
#    25800.0ns 0 1 0 1 0 01001101100010000100010001001111
#    25850.0ns 1 1 0 1 0 01001101100010000100010001001111
#    25900.0ns 0 1 0 1 0 01001101100010000100010001001111
#    25950.0ns 1 1 0 1 0 01001101100010000100010001001111
#    26000.0ns 0 1 0 1 0 01001101100010000100010001001111
#    26050.0ns 1 1 0 1 0 01001101100010000100010001001111
#    26100.0ns 0 1 0 1 0 01001101100010000100010001001111
#    26150.0ns 1 1 0 1 0 01001101100010000100010001001111
#    26200.0ns 0 1 0 1 0 01001101100010000100010001001111
#    26250.0ns 1 1 0 1 0 01001101100010000100010001001111
#    26300.0ns 0 1 0 1 0 01001101100010000100010001001111
#    26350.0ns 1 1 0 1 0 01001101100010000100010001001111
#    26400.0ns 0 1 0 1 0 01001101100010000100010001001111
#    26450.0ns 1 1 0 1 0 01001101100010000100010001001111
#    26500.0ns 0 1 0 1 0 01001101100010000100010001001111
#    26550.0ns 1 1 0 1 0 01001101100010000100010001001111
#    26600.0ns 0 1 0 1 0 01001101100010000100010001001111
#    26650.0ns 1 1 0 1 0 01001101100010000100010001001111
#    26700.0ns 0 1 0 1 0 01001101100010000100010001001111
#    26750.0ns 1 1 0 1 0 01001101100010000100010001001111
#    26800.0ns 0 1 0 1 0 01001101100010000100010001001111
#    26850.0ns 1 1 0 1 0 01001101100010000100010001001111
#    26900.0ns 0 1 0 1 0 01001101100010000100010001001111
#    26950.0ns 1 1 0 1 0 01001101100010000100010001001111
#    27000.0ns 0 1 0 1 0 01001101100010000100010001001111
#    27050.0ns 1 1 0 1 0 01001101100010000100010001001111
#    27100.0ns 0 1 0 1 0 01001101100010000100010001001111
#    27150.0ns 1 1 0 1 0 01001101100010000100010001001111
#    27200.0ns 0 1 0 1 0 01001101100010000100010001001111
#    27250.0ns 1 1 0 1 0 01001101100010000100010001001111
#    27300.0ns 0 1 0 1 0 01001101100010000100010001001111
#    27350.0ns 1 1 0 1 0 01001101100010000100010001001111
#    27400.0ns 0 1 0 1 0 01001101100010000100010001001111
#    27450.0ns 1 1 0 1 0 01001101100010000100010001001111
#    27500.0ns 0 1 0 1 0 01001101100010000100010001001111
#    27550.0ns 1 1 0 1 0 01001101100010000100010001001111
#    27600.0ns 0 1 0 1 0 01001101100010000100010001001111
#    27650.0ns 1 1 0 1 0 01001101100010000100010001001111
#    27700.0ns 0 1 0 1 0 01001101100010000100010001001111
#    27750.0ns 1 1 0 1 0 01001101100010000100010001001111
#    27800.0ns 0 1 0 1 0 01001101100010000100010001001111
#    27850.0ns 1 1 0 1 0 01001101100010000100010001001111
#    27900.0ns 0 1 0 1 0 01001101100010000100010001001111
#    27950.0ns 1 1 0 1 0 01001101100010000100010001001111
#    28000.0ns 0 1 0 1 0 01001101100010000100010001001111
#    28050.0ns 1 1 0 1 0 01001101100010000100010001001111
#    28100.0ns 0 1 0 1 0 01001101100010000100010001001111
#    28150.0ns 1 1 0 1 0 01001101100010000100010001001111
#    28200.0ns 0 1 0 1 0 01001101100010000100010001001111
#    28250.0ns 1 1 0 1 0 01001101100010000100010001001111
#    28300.0ns 0 1 0 1 0 01001101100010000100010001001111
#    28350.0ns 1 1 0 1 0 01001101100010000100010001001111
#    28400.0ns 0 1 0 1 0 01001101100010000100010001001111
#    28450.0ns 1 1 0 1 0 01001101100010000100010001001111
#    28500.0ns 0 1 0 1 0 01001101100010000100010001001111
#    28550.0ns 1 1 0 1 0 01001101100010000100010001001111
#    28600.0ns 0 1 0 1 0 01001101100010000100010001001111
#    28650.0ns 1 1 0 1 0 01001101100010000100010001001111
#    28700.0ns 0 1 0 1 0 01001101100010000100010001001111
#    28750.0ns 1 1 0 1 0 01001101100010000100010001001111
#    28800.0ns 0 1 0 1 0 01001101100010000100010001001111
#    28850.0ns 1 1 0 1 0 01001101100010000100010001001111
#    28900.0ns 0 1 0 1 0 01001101100010000100010001001111
#    28950.0ns 1 1 0 1 0 01001101100010000100010001001111
#    29000.0ns 0 1 0 1 0 01001101100010000100010001001111
#    29050.0ns 1 1 0 1 0 01001101100010000100010001001111
#    29100.0ns 0 1 0 1 0 01001101100010000100010001001111
#    29150.0ns 1 1 0 1 0 01001101100010000100010001001111
#    29200.0ns 0 1 0 1 0 01001101100010000100010001001111
#    29250.0ns 1 1 0 1 0 01001101100010000100010001001111
# ** Note: $stop    : ../../../../../user_rtl/parallel_ntt_0_butterfly_tb.v(127)
#    Time: 29250100 ps  Iteration: 0  Instance: /parallel_ntt_0_butterfly_tb
# Break in Module parallel_ntt_0_butterfly_tb at ../../../../../user_rtl/parallel_ntt_0_butterfly_tb.v line 127
run 10us
#    29300.0ns 0 1 0 1 0 01001101100010000100010001001111
#    29350.0ns 1 1 0 1 0 01001101100010000100010001001111
#    29400.0ns 0 1 0 1 0 01001101100010000100010001001111
#    29450.0ns 1 1 0 1 0 01001101100010000100010001001111
#    29500.0ns 0 1 0 1 0 01001101100010000100010001001111
#    29550.0ns 1 1 0 1 0 01001101100010000100010001001111
#    29600.0ns 0 1 0 1 0 01001101100010000100010001001111
#    29650.0ns 1 1 0 1 0 01001101100010000100010001001111
#    29700.0ns 0 1 0 1 0 01001101100010000100010001001111
#    29750.0ns 1 1 0 1 0 01001101100010000100010001001111
#    29800.0ns 0 1 0 1 0 01001101100010000100010001001111
#    29850.0ns 1 1 0 1 0 01001101100010000100010001001111
# output results: 
# 1828682482
# 
#    29900.0ns 0 1 0 1 0 01001101100010000100010001001111
#    29950.0ns 1 1 0 1 0 01001101100010000100010001001111
# 4044953293
# 
#    30000.0ns 0 1 0 1 0 01001101100010000100010001001111
#    30050.0ns 1 1 0 1 0 01001101100010000100010001001111
# 2232387211
# 
#    30100.0ns 0 1 0 1 0 01001101100010000100010001001111
#    30150.0ns 1 1 0 1 0 01001101100010000100010001001111
# 1283258084
# 
#    30200.0ns 0 1 0 1 0 01001101100010000100010001001111
#    30250.0ns 1 1 0 1 0 01001101100010000100010001001111
#  216459432
# 
#    30300.0ns 0 1 0 1 0 01001101100010000100010001001111
#    30350.0ns 1 1 0 1 0 01001101100010000100010001001111
#  549648078
# 
#    30400.0ns 0 1 0 1 0 01001101100010000100010001001111
#    30450.0ns 1 1 0 1 0 01001101100010000100010001001111
# 2847165902
# 
#    30500.0ns 0 1 0 1 0 01001101100010000100010001001111
#    30550.0ns 1 1 0 1 0 01001101100010000100010001001111
# 4229511416
# 
#    30600.0ns 0 1 0 1 0 01001101100010000100010001001111
#    30650.0ns 1 1 0 1 0 01001101100010000100010001001111
# 1770205160
# 
#    30700.0ns 0 1 0 1 0 01001101100010000100010001001111
#    30750.0ns 1 1 0 1 0 01001101100010000100010001001111
# 2157024395
# 
#    30800.0ns 0 1 0 1 0 01001101100010000100010001001111
#    30850.0ns 1 1 0 1 0 01001101100010000100010001001111
# 3630866740
# 
#    30900.0ns 0 1 0 1 0 01001101100010000100010001001111
#    30950.0ns 1 1 0 1 0 01001101100010000100010001001111
#  392938734
# 
#    31000.0ns 0 1 0 1 0 01001101100010000100010001001111
#    31050.0ns 1 1 0 1 0 01001101100010000100010001001111
# 2469339793
# 
#    31100.0ns 0 1 0 1 0 01001101100010000100010001001111
#    31150.0ns 1 1 0 1 0 01001101100010000100010001001111
# 2080607835
# 
#    31200.0ns 0 1 0 1 0 01001101100010000100010001001111
#    31250.0ns 1 1 0 1 0 01001101100010000100010001001111
# 1041720155
# 
#    31300.0ns 0 1 0 1 0 01001101100010000100010001001111
#    31350.0ns 1 1 0 1 0 01001101100010000100010001001111
#  509726862
# 
#    31400.0ns 0 1 0 1 0 01001101100010000100010001001111
#    31450.0ns 1 1 0 1 0 01001101100010000100010001001111
#  553992624
# 
#    31500.0ns 0 1 0 1 0 01001101100010000100010001001111
#    31550.0ns 1 1 0 1 0 01001101100010000100010001001111
# 2097949960
# 
#    31600.0ns 0 1 0 1 0 01001101100010000100010001001111
#    31650.0ns 1 1 0 1 0 01001101100010000100010001001111
# 3056070691
# 
#    31700.0ns 0 1 0 1 0 01001101100010000100010001001111
#    31750.0ns 1 1 0 1 0 01001101100010000100010001001111
# 4244032988
# 
#    31800.0ns 0 1 0 1 0 01001101100010000100010001001111
#    31850.0ns 1 1 0 1 0 01001101100010000100010001001111
# 3843482121
# 
#    31900.0ns 0 1 0 1 0 01001101100010000100010001001111
#    31950.0ns 1 1 0 1 0 01001101100010000100010001001111
# 4123633401
# 
#    32000.0ns 0 1 0 1 0 01001101100010000100010001001111
#    32050.0ns 1 1 0 1 0 01001101100010000100010001001111
# 2293950867
# 
#    32100.0ns 0 1 0 1 0 01001101100010000100010001001111
#    32150.0ns 1 1 0 1 0 01001101100010000100010001001111
#  412157437
# 
#    32200.0ns 0 1 0 1 0 01001101100010000100010001001111
#    32250.0ns 1 1 0 1 0 01001101100010000100010001001111
# 3004053515
# 
#    32300.0ns 0 1 0 1 0 01001101100010000100010001001111
#    32350.0ns 1 1 0 1 0 01001101100010000100010001001111
#  672393174
# 
#    32400.0ns 0 1 0 1 0 01001101100010000100010001001111
#    32450.0ns 1 1 0 1 0 01001101100010000100010001001111
#  674357181
# 
#    32500.0ns 0 1 0 1 0 01001101100010000100010001001111
#    32550.0ns 1 1 0 1 0 01001101100010000100010001001111
# 3660465132
# 
#    32600.0ns 0 1 0 1 0 01001101100010000100010001001111
#    32650.0ns 1 1 0 1 0 01001101100010000100010001001111
# 2043962608
# 
#    32700.0ns 0 1 0 1 0 01001101100010000100010001001111
#    32750.0ns 1 1 0 1 0 01001101100010000100010001001111
# 1050690612
# 
#    32800.0ns 0 1 0 1 0 01001101100010000100010001001111
#    32850.0ns 1 1 0 1 0 01001101100010000100010001001111
# 3205957360
# 
#    32900.0ns 0 1 0 1 0 01001101100010000100010001001111
#    32950.0ns 1 1 0 1 0 01001101100010000100010001001111
# 3721384355
# 
#    33000.0ns 0 1 0 1 0 01001101100010000100010001001111
#    33050.0ns 1 1 0 1 0 01001101100010000100010001001111
#    33100.0ns 0 1 0 1 0 01001101100010000100010001001111
#    33150.0ns 1 1 0 1 0 01001101100010000100010001001111
#    33200.0ns 0 1 0 1 0 01001101100010000100010001001111
#    33250.0ns 1 1 0 1 0 01001101100010000100010001001111
#    33300.0ns 0 1 0 1 0 01001101100010000100010001001111
#    33350.0ns 1 1 0 1 0 01001101100010000100010001001111
#    33400.0ns 0 1 0 1 0 01001101100010000100010001001111
#    33450.0ns 1 1 0 1 0 01001101100010000100010001001111
#    33500.0ns 0 1 0 1 0 01001101100010000100010001001111
#    33550.0ns 1 1 0 1 0 01001101100010000100010001001111
#    33600.0ns 0 1 0 1 0 01001101100010000100010001001111
#    33650.0ns 1 1 0 1 0 01001101100010000100010001001111
#    33700.0ns 0 1 0 1 0 01001101100010000100010001001111
#    33750.0ns 1 1 0 1 0 01001101100010000100010001001111
#    33800.0ns 0 1 0 1 0 01001101100010000100010001001111
#    33850.0ns 1 1 0 1 0 01001101100010000100010001001111
#    33900.0ns 0 1 0 1 0 01001101100010000100010001001111
#    33950.0ns 1 1 0 1 0 01001101100010000100010001001111
#    34000.0ns 0 1 0 1 0 01001101100010000100010001001111
#    34050.0ns 1 1 0 1 0 01001101100010000100010001001111
#    34100.0ns 0 1 0 1 0 01001101100010000100010001001111
#    34150.0ns 1 1 0 1 0 01001101100010000100010001001111
#    34200.0ns 0 1 0 1 0 01001101100010000100010001001111
#    34250.0ns 1 1 0 1 0 01001101100010000100010001001111
#    34300.0ns 0 1 0 1 0 01001101100010000100010001001111
#    34350.0ns 1 1 0 1 0 01001101100010000100010001001111
#    34400.0ns 0 1 0 1 0 01001101100010000100010001001111
#    34450.0ns 1 1 0 1 0 01001101100010000100010001001111
#    34500.0ns 0 1 0 1 0 01001101100010000100010001001111
#    34550.0ns 1 1 0 1 0 01001101100010000100010001001111
#    34600.0ns 0 1 0 1 0 01001101100010000100010001001111
#    34650.0ns 1 1 0 1 0 01001101100010000100010001001111
#    34700.0ns 0 1 0 1 0 01001101100010000100010001001111
#    34750.0ns 1 1 0 1 0 01001101100010000100010001001111
#    34800.0ns 0 1 0 1 0 01001101100010000100010001001111
#    34850.0ns 1 1 0 1 0 01001101100010000100010001001111
#    34900.0ns 0 1 0 1 0 01001101100010000100010001001111
#    34950.0ns 1 1 0 1 0 01001101100010000100010001001111
#    35000.0ns 0 1 0 1 0 01001101100010000100010001001111
#    35050.0ns 1 1 0 1 0 01001101100010000100010001001111
# ** Note: $stop    : ../../../../../user_rtl/parallel_ntt_0_butterfly_tb.v(140)
#    Time: 35050100 ps  Iteration: 0  Instance: /parallel_ntt_0_butterfly_tb
# Break in Module parallel_ntt_0_butterfly_tb at ../../../../../user_rtl/parallel_ntt_0_butterfly_tb.v line 140
# End time: 15:40:30 on Nov 19,2021, Elapsed time: 0:01:33
# Errors: 0, Warnings: 0
