INFO: [VRFC 10-2263] Analyzing Verilog file "E:/Dropbox/FHE/my project/Parallel NTT/hardware/parallel_NTT/parallel_NTT.sim/sim_ntt/synth/func/xsim/parallel_ntt_0_butterfly_tb_func_synth.v" into library xil_defaultlib
INFO: [VRFC 10-311] analyzing module parallel_ntt_0
INFO: [VRFC 10-311] analyzing module parallel_ntt_0_Barret_reduce
INFO: [VRFC 10-311] analyzing module parallel_ntt_0_Barret_reduce__xdcDup__1
INFO: [VRFC 10-311] analyzing module parallel_ntt_0_Barret_reduce__xdcDup__2
INFO: [VRFC 10-311] analyzing module parallel_ntt_0_Barret_reduce__xdcDup__3
INFO: [VRFC 10-311] analyzing module parallel_ntt_0_NTT_processor
INFO: [VRFC 10-311] analyzing module parallel_ntt_0_NTT_processor__parameterized0
INFO: [VRFC 10-311] analyzing module parallel_ntt_0_NTT_processor__parameterized1
INFO: [VRFC 10-311] analyzing module parallel_ntt_0_NTT_processor__parameterized2
INFO: [VRFC 10-311] analyzing module parallel_ntt_0_mem_dp
INFO: [VRFC 10-311] analyzing module parallel_ntt_0_mem_dp_10
INFO: [VRFC 10-311] analyzing module parallel_ntt_0_mem_dp_34
INFO: [VRFC 10-311] analyzing module parallel_ntt_0_mem_dp_58
INFO: [VRFC 10-311] analyzing module parallel_ntt_0_mem_sp
INFO: [VRFC 10-311] analyzing module parallel_ntt_0_mem_sp__parameterized0
INFO: [VRFC 10-311] analyzing module parallel_ntt_0_mem_sp__parameterized1
INFO: [VRFC 10-311] analyzing module parallel_ntt_0_mem_sp__parameterized2
INFO: [VRFC 10-311] analyzing module parallel_ntt_0_mult_gen_32x32
INFO: [VRFC 10-311] analyzing module parallel_ntt_0_mult_gen_32x32__10
INFO: [VRFC 10-311] analyzing module parallel_ntt_0_mult_gen_32x32__4
INFO: [VRFC 10-311] analyzing module parallel_ntt_0_mult_gen_32x32__5
INFO: [VRFC 10-311] analyzing module parallel_ntt_0_mult_gen_32x32__6
INFO: [VRFC 10-311] analyzing module parallel_ntt_0_mult_gen_32x32__7
INFO: [VRFC 10-311] analyzing module parallel_ntt_0_mult_gen_32x32__8
INFO: [VRFC 10-311] analyzing module parallel_ntt_0_mult_gen_32x32__9
INFO: [VRFC 10-311] analyzing module parallel_ntt_0_mult_gen_64x33
INFO: [VRFC 10-311] analyzing module parallel_ntt_0_mult_gen_64x33__4
INFO: [VRFC 10-311] analyzing module parallel_ntt_0_mult_gen_64x33__5
INFO: [VRFC 10-311] analyzing module parallel_ntt_0_mult_gen_64x33__6
INFO: [VRFC 10-311] analyzing module parallel_ntt_0_parallel_NTT_top
INFO: [VRFC 10-311] analyzing module parallel_ntt_0_parallel_ntt_v1_0
INFO: [VRFC 10-311] analyzing module parallel_ntt_0_parallel_ntt_v1_0_M_AXIS
INFO: [VRFC 10-311] analyzing module parallel_ntt_0_parallel_ntt_v1_0_S_AXIS
INFO: [VRFC 10-311] analyzing module parallel_ntt_0_wrapper
INFO: [VRFC 10-311] analyzing module parallel_ntt_0_mult_gen_v12_0_14
INFO: [VRFC 10-311] analyzing module parallel_ntt_0_mult_gen_v12_0_14__10
INFO: [VRFC 10-311] analyzing module parallel_ntt_0_mult_gen_v12_0_14__4
INFO: [VRFC 10-311] analyzing module parallel_ntt_0_mult_gen_v12_0_14__5
INFO: [VRFC 10-311] analyzing module parallel_ntt_0_mult_gen_v12_0_14__6
INFO: [VRFC 10-311] analyzing module parallel_ntt_0_mult_gen_v12_0_14__7
INFO: [VRFC 10-311] analyzing module parallel_ntt_0_mult_gen_v12_0_14__8
INFO: [VRFC 10-311] analyzing module parallel_ntt_0_mult_gen_v12_0_14__9
INFO: [VRFC 10-311] analyzing module parallel_ntt_0_mult_gen_v12_0_14__parameterized1
INFO: [VRFC 10-311] analyzing module parallel_ntt_0_mult_gen_v12_0_14__parameterized1__4
INFO: [VRFC 10-311] analyzing module parallel_ntt_0_mult_gen_v12_0_14__parameterized1__5
INFO: [VRFC 10-311] analyzing module parallel_ntt_0_mult_gen_v12_0_14__parameterized1__6
INFO: [VRFC 10-311] analyzing module parallel_ntt_0_delay_line__parameterized1
INFO: [VRFC 10-311] analyzing module parallel_ntt_0_delay_line__parameterized10
INFO: [VRFC 10-311] analyzing module parallel_ntt_0_delay_line__parameterized10_24
INFO: [VRFC 10-311] analyzing module parallel_ntt_0_delay_line__parameterized10_48
INFO: [VRFC 10-311] analyzing module parallel_ntt_0_delay_line__parameterized10_72
INFO: [VRFC 10-311] analyzing module parallel_ntt_0_delay_line__parameterized11
INFO: [VRFC 10-311] analyzing module parallel_ntt_0_delay_line__parameterized11_27
INFO: [VRFC 10-311] analyzing module parallel_ntt_0_delay_line__parameterized11_51
INFO: [VRFC 10-311] analyzing module parallel_ntt_0_delay_line__parameterized11_75
INFO: [VRFC 10-311] analyzing module parallel_ntt_0_delay_line__parameterized12
INFO: [VRFC 10-311] analyzing module parallel_ntt_0_delay_line__parameterized12_28
INFO: [VRFC 10-311] analyzing module parallel_ntt_0_delay_line__parameterized12_52
INFO: [VRFC 10-311] analyzing module parallel_ntt_0_delay_line__parameterized12_76
INFO: [VRFC 10-311] analyzing module parallel_ntt_0_delay_line__parameterized13
INFO: [VRFC 10-311] analyzing module parallel_ntt_0_delay_line__parameterized13_17
INFO: [VRFC 10-311] analyzing module parallel_ntt_0_delay_line__parameterized13_41
INFO: [VRFC 10-311] analyzing module parallel_ntt_0_delay_line__parameterized13_65
INFO: [VRFC 10-311] analyzing module parallel_ntt_0_delay_line__parameterized14
INFO: [VRFC 10-311] analyzing module parallel_ntt_0_delay_line__parameterized14_18
INFO: [VRFC 10-311] analyzing module parallel_ntt_0_delay_line__parameterized14_42
INFO: [VRFC 10-311] analyzing module parallel_ntt_0_delay_line__parameterized14_66
INFO: [VRFC 10-311] analyzing module parallel_ntt_0_delay_line__parameterized1_14
INFO: [VRFC 10-311] analyzing module parallel_ntt_0_delay_line__parameterized1_2
INFO: [VRFC 10-311] analyzing module parallel_ntt_0_delay_line__parameterized1_22
INFO: [VRFC 10-311] analyzing module parallel_ntt_0_delay_line__parameterized1_25
INFO: [VRFC 10-311] analyzing module parallel_ntt_0_delay_line__parameterized1_3
INFO: [VRFC 10-311] analyzing module parallel_ntt_0_delay_line__parameterized1_32
INFO: [VRFC 10-311] analyzing module parallel_ntt_0_delay_line__parameterized1_38
INFO: [VRFC 10-311] analyzing module parallel_ntt_0_delay_line__parameterized1_46
INFO: [VRFC 10-311] analyzing module parallel_ntt_0_delay_line__parameterized1_49
INFO: [VRFC 10-311] analyzing module parallel_ntt_0_delay_line__parameterized1_56
INFO: [VRFC 10-311] analyzing module parallel_ntt_0_delay_line__parameterized1_62
INFO: [VRFC 10-311] analyzing module parallel_ntt_0_delay_line__parameterized1_70
INFO: [VRFC 10-311] analyzing module parallel_ntt_0_delay_line__parameterized1_73
INFO: [VRFC 10-311] analyzing module parallel_ntt_0_delay_line__parameterized1_8
INFO: [VRFC 10-311] analyzing module parallel_ntt_0_delay_line__parameterized1_80
INFO: [VRFC 10-311] analyzing module parallel_ntt_0_delay_line__parameterized2
INFO: [VRFC 10-311] analyzing module parallel_ntt_0_delay_line__parameterized2_15
INFO: [VRFC 10-311] analyzing module parallel_ntt_0_delay_line__parameterized2_33
INFO: [VRFC 10-311] analyzing module parallel_ntt_0_delay_line__parameterized2_39
INFO: [VRFC 10-311] analyzing module parallel_ntt_0_delay_line__parameterized2_57
INFO: [VRFC 10-311] analyzing module parallel_ntt_0_delay_line__parameterized2_63
INFO: [VRFC 10-311] analyzing module parallel_ntt_0_delay_line__parameterized2_81
INFO: [VRFC 10-311] analyzing module parallel_ntt_0_delay_line__parameterized2_9
INFO: [VRFC 10-311] analyzing module parallel_ntt_0_delay_line__parameterized4
INFO: [VRFC 10-311] analyzing module parallel_ntt_0_delay_line__parameterized4_0
INFO: [VRFC 10-311] analyzing module parallel_ntt_0_delay_line__parameterized4_12
INFO: [VRFC 10-311] analyzing module parallel_ntt_0_delay_line__parameterized4_19
INFO: [VRFC 10-311] analyzing module parallel_ntt_0_delay_line__parameterized4_30
INFO: [VRFC 10-311] analyzing module parallel_ntt_0_delay_line__parameterized4_36
INFO: [VRFC 10-311] analyzing module parallel_ntt_0_delay_line__parameterized4_43
INFO: [VRFC 10-311] analyzing module parallel_ntt_0_delay_line__parameterized4_54
INFO: [VRFC 10-311] analyzing module parallel_ntt_0_delay_line__parameterized4_6
INFO: [VRFC 10-311] analyzing module parallel_ntt_0_delay_line__parameterized4_60
INFO: [VRFC 10-311] analyzing module parallel_ntt_0_delay_line__parameterized4_67
INFO: [VRFC 10-311] analyzing module parallel_ntt_0_delay_line__parameterized4_78
INFO: [VRFC 10-311] analyzing module parallel_ntt_0_delay_line__parameterized6
INFO: [VRFC 10-311] analyzing module parallel_ntt_0_delay_line__parameterized6_1
INFO: [VRFC 10-311] analyzing module parallel_ntt_0_delay_line__parameterized6_13
INFO: [VRFC 10-311] analyzing module parallel_ntt_0_delay_line__parameterized6_20
INFO: [VRFC 10-311] analyzing module parallel_ntt_0_delay_line__parameterized6_31
INFO: [VRFC 10-311] analyzing module parallel_ntt_0_delay_line__parameterized6_37
INFO: [VRFC 10-311] analyzing module parallel_ntt_0_delay_line__parameterized6_44
INFO: [VRFC 10-311] analyzing module parallel_ntt_0_delay_line__parameterized6_55
INFO: [VRFC 10-311] analyzing module parallel_ntt_0_delay_line__parameterized6_61
INFO: [VRFC 10-311] analyzing module parallel_ntt_0_delay_line__parameterized6_68
INFO: [VRFC 10-311] analyzing module parallel_ntt_0_delay_line__parameterized6_7
INFO: [VRFC 10-311] analyzing module parallel_ntt_0_delay_line__parameterized6_79
INFO: [VRFC 10-311] analyzing module parallel_ntt_0_delay_line__parameterized8
INFO: [VRFC 10-311] analyzing module parallel_ntt_0_delay_line__parameterized8_21
INFO: [VRFC 10-311] analyzing module parallel_ntt_0_delay_line__parameterized8_26
INFO: [VRFC 10-311] analyzing module parallel_ntt_0_delay_line__parameterized8_4
INFO: [VRFC 10-311] analyzing module parallel_ntt_0_delay_line__parameterized8_45
INFO: [VRFC 10-311] analyzing module parallel_ntt_0_delay_line__parameterized8_50
INFO: [VRFC 10-311] analyzing module parallel_ntt_0_delay_line__parameterized8_69
INFO: [VRFC 10-311] analyzing module parallel_ntt_0_delay_line__parameterized8_74
INFO: [VRFC 10-311] analyzing module parallel_ntt_0_delay_line__parameterized9
INFO: [VRFC 10-311] analyzing module parallel_ntt_0_delay_line__parameterized9_23
INFO: [VRFC 10-311] analyzing module parallel_ntt_0_delay_line__parameterized9_47
INFO: [VRFC 10-311] analyzing module parallel_ntt_0_delay_line__parameterized9_71
INFO: [VRFC 10-311] analyzing module parallel_ntt_0_dsp
INFO: [VRFC 10-311] analyzing module parallel_ntt_0_dsp_11
INFO: [VRFC 10-311] analyzing module parallel_ntt_0_dsp_29
INFO: [VRFC 10-311] analyzing module parallel_ntt_0_dsp_35
INFO: [VRFC 10-311] analyzing module parallel_ntt_0_dsp_5
INFO: [VRFC 10-311] analyzing module parallel_ntt_0_dsp_53
INFO: [VRFC 10-311] analyzing module parallel_ntt_0_dsp_59
INFO: [VRFC 10-311] analyzing module parallel_ntt_0_dsp_77
INFO: [VRFC 10-311] analyzing module parallel_ntt_0_dsp__parameterized0
INFO: [VRFC 10-311] analyzing module parallel_ntt_0_dsp__parameterized0_16
INFO: [VRFC 10-311] analyzing module parallel_ntt_0_dsp__parameterized0_40
INFO: [VRFC 10-311] analyzing module parallel_ntt_0_dsp__parameterized0_64
INFO: [VRFC 10-311] analyzing module parallel_ntt_0_mult_gen_v12_0_14_viv
INFO: [VRFC 10-311] analyzing module parallel_ntt_0_mult_gen_v12_0_14_viv__10
INFO: [VRFC 10-311] analyzing module parallel_ntt_0_mult_gen_v12_0_14_viv__4
INFO: [VRFC 10-311] analyzing module parallel_ntt_0_mult_gen_v12_0_14_viv__5
INFO: [VRFC 10-311] analyzing module parallel_ntt_0_mult_gen_v12_0_14_viv__6
INFO: [VRFC 10-311] analyzing module parallel_ntt_0_mult_gen_v12_0_14_viv__7
INFO: [VRFC 10-311] analyzing module parallel_ntt_0_mult_gen_v12_0_14_viv__8
INFO: [VRFC 10-311] analyzing module parallel_ntt_0_mult_gen_v12_0_14_viv__9
INFO: [VRFC 10-311] analyzing module parallel_ntt_0_mult_gen_v12_0_14_viv__parameterized1
INFO: [VRFC 10-311] analyzing module parallel_ntt_0_mult_gen_v12_0_14_viv__parameterized1__4
INFO: [VRFC 10-311] analyzing module parallel_ntt_0_mult_gen_v12_0_14_viv__parameterized1__5
INFO: [VRFC 10-311] analyzing module parallel_ntt_0_mult_gen_v12_0_14_viv__parameterized1__6
INFO: [VRFC 10-311] analyzing module glbl
INFO: [VRFC 10-2263] Analyzing Verilog file "E:/Dropbox/FHE/my project/Parallel NTT/hardware/parallel_NTT/user_rtl/parallel_ntt_0_butterfly_tb.v" into library xil_defaultlib
INFO: [VRFC 10-311] analyzing module parallel_ntt_0_butterfly_tb
