Vivado Simulator 2018.1
Time resolution is 1 ps
 Time Clk Rstb Valid Ready Last Data
       0.0ns 0 0 0 1 0 00000000000000000000000000000000
       5.0ns 1 0 0 1 0 00000000000000000000000000000000
      10.0ns 0 0 0 1 0 00000000000000000000000000000000
      15.0ns 1 0 0 1 0 00000000000000000000000000000000
      20.0ns 0 0 0 1 0 00000000000000000000000000000000
      25.0ns 1 0 0 1 0 00000000000000000000000000000000
      30.0ns 0 0 0 1 0 00000000000000000000000000000000
      35.0ns 1 0 0 1 0 00000000000000000000000000000000
      40.0ns 0 0 0 1 0 00000000000000000000000000000000
      45.0ns 1 0 0 1 0 00000000000000000000000000000000
      50.0ns 0 0 0 1 0 00000000000000000000000000000000
      55.0ns 1 0 0 1 0 00000000000000000000000000000000
      60.0ns 0 0 0 1 0 00000000000000000000000000000000
      65.0ns 1 0 0 1 0 00000000000000000000000000000000
      70.0ns 0 0 0 1 0 00000000000000000000000000000000
      75.0ns 1 0 0 1 0 00000000000000000000000000000000
      80.0ns 0 0 0 1 0 00000000000000000000000000000000
      85.0ns 1 0 0 1 0 00000000000000000000000000000000
      90.0ns 0 0 0 1 0 00000000000000000000000000000000
      95.0ns 1 0 0 1 0 00000000000000000000000000000000
     100.0ns 0 0 0 1 0 00000000000000000000000000000000
     105.0ns 1 0 0 1 0 00000000000000000000000000000000
     110.0ns 0 0 0 1 0 00000000000000000000000000000000
     115.0ns 1 0 0 1 0 00000000000000000000000000000000
     120.0ns 0 0 0 1 0 00000000000000000000000000000000
     125.0ns 1 0 0 1 0 00000000000000000000000000000000
     130.0ns 0 0 0 1 0 00000000000000000000000000000000
     135.0ns 1 0 0 1 0 00000000000000000000000000000000
     140.0ns 0 0 0 1 0 00000000000000000000000000000000
     145.0ns 1 0 0 1 0 00000000000000000000000000000000
     150.0ns 0 0 0 1 0 00000000000000000000000000000000
     155.0ns 1 0 0 1 0 00000000000000000000000000000000
     160.0ns 0 0 0 1 0 00000000000000000000000000000000
     165.0ns 1 0 0 1 0 00000000000000000000000000000000
     170.0ns 0 0 0 1 0 00000000000000000000000000000000
     175.0ns 1 0 0 1 0 00000000000000000000000000000000
     180.0ns 0 0 0 1 0 00000000000000000000000000000000
     185.0ns 1 0 0 1 0 00000000000000000000000000000000
     190.0ns 0 0 0 1 0 00000000000000000000000000000000
     195.0ns 1 0 0 1 0 00000000000000000000000000000000
     200.0ns 0 1 0 1 0 00000000000000000000000000000000
     205.0ns 1 1 0 1 0 00000000000000000000000000000000
     210.0ns 0 1 1 1 0 00000000000000000000000000000000
     215.0ns 1 1 1 1 0 00000000000000000000000000000000
     220.0ns 0 1 1 1 0 00000000000000000000000000000001
     225.0ns 1 1 1 1 0 00000000000000000000000000000001
     230.0ns 0 1 1 1 0 00000000000000000000000000000010
     235.0ns 1 1 1 1 0 00000000000000000000000000000010
     240.0ns 0 1 1 1 0 00000000000000000000000000000011
     245.0ns 1 1 1 1 0 00000000000000000000000000000011
     250.0ns 0 1 1 1 0 00000000000000000000000000000100
     255.0ns 1 1 1 1 0 00000000000000000000000000000100
     260.0ns 0 1 1 1 0 00000000000000000000000000000101
     265.0ns 1 1 1 1 0 00000000000000000000000000000101
     270.0ns 0 1 1 1 0 00000000000000000000000000000110
     275.0ns 1 1 1 1 0 00000000000000000000000000000110
     280.0ns 0 1 1 1 0 00000000000000000000000000000111
     285.0ns 1 1 1 1 0 00000000000000000000000000000111
     290.0ns 0 1 1 1 0 00000000000000000000000000001000
     295.0ns 1 1 1 1 0 00000000000000000000000000001000
     300.0ns 0 1 1 1 0 00000000000000000000000000001001
     305.0ns 1 1 1 1 0 00000000000000000000000000001001
     310.0ns 0 1 1 1 0 00000000000000000000000000001010
     315.0ns 1 1 1 1 0 00000000000000000000000000001010
     320.0ns 0 1 1 1 0 00000000000000000000000000001011
     325.0ns 1 1 1 1 0 00000000000000000000000000001011
     330.0ns 0 1 1 1 0 00000000000000000000000000001100
     335.0ns 1 1 1 1 0 00000000000000000000000000001100
     340.0ns 0 1 1 1 0 00000000000000000000000000001101
     345.0ns 1 1 1 1 0 00000000000000000000000000001101
     350.0ns 0 1 1 1 0 00000000000000000000000000001110
     355.0ns 1 1 1 1 0 00000000000000000000000000001110
     360.0ns 0 1 1 1 0 00000000000000000000000000001111
     365.0ns 1 1 1 1 0 00000000000000000000000000001111
     370.0ns 0 1 1 1 0 00000000000000000000000000010000
     375.0ns 1 1 1 1 0 00000000000000000000000000010000
     380.0ns 0 1 1 1 0 00000000000000000000000000010001
     385.0ns 1 1 1 1 0 00000000000000000000000000010001
     390.0ns 0 1 1 1 0 00000000000000000000000000010010
     395.0ns 1 1 1 1 0 00000000000000000000000000010010
     400.0ns 0 1 1 1 0 00000000000000000000000000010011
     405.0ns 1 1 1 1 0 00000000000000000000000000010011
     410.0ns 0 1 1 1 0 00000000000000000000000000010100
     415.0ns 1 1 1 1 0 00000000000000000000000000010100
     420.0ns 0 1 1 1 0 00000000000000000000000000010101
     425.0ns 1 1 1 1 0 00000000000000000000000000010101
     430.0ns 0 1 1 1 0 00000000000000000000000000010110
     435.0ns 1 1 1 1 0 00000000000000000000000000010110
     440.0ns 0 1 1 1 0 00000000000000000000000000010111
     445.0ns 1 1 1 1 0 00000000000000000000000000010111
     450.0ns 0 1 1 1 0 00000000000000000000000000011000
     455.0ns 1 1 1 1 0 00000000000000000000000000011000
     460.0ns 0 1 1 1 0 00000000000000000000000000011001
     465.0ns 1 1 1 1 0 00000000000000000000000000011001
     470.0ns 0 1 1 1 0 00000000000000000000000000011010
     475.0ns 1 1 1 1 0 00000000000000000000000000011010
     480.0ns 0 1 1 1 0 00000000000000000000000000011011
     485.0ns 1 1 1 1 0 00000000000000000000000000011011
     490.0ns 0 1 1 1 0 00000000000000000000000000011100
     495.0ns 1 1 1 1 0 00000000000000000000000000011100
     500.0ns 0 1 1 1 0 00000000000000000000000000011101
     505.0ns 1 1 1 1 0 00000000000000000000000000011101
     510.0ns 0 1 1 1 0 00000000000000000000000000011110
     515.0ns 1 1 1 1 0 00000000000000000000000000011110
     520.0ns 0 1 1 1 1 00000000000000000000000000011111
     525.0ns 1 1 1 1 1 00000000000000000000000000011111
     530.0ns 0 1 0 1 0 00000000000000000000000000011111
     535.0ns 1 1 0 1 0 00000000000000000000000000011111
     540.0ns 0 1 0 1 0 00000000000000000000000000011111
     545.0ns 1 1 0 1 0 00000000000000000000000000011111
     550.0ns 0 1 0 1 0 00000000000000000000000000011111
     555.0ns 1 1 0 1 0 00000000000000000000000000011111
     560.0ns 0 1 0 1 0 00000000000000000000000000011111
     565.0ns 1 1 0 1 0 00000000000000000000000000011111
     570.0ns 0 1 0 1 0 00000000000000000000000000011111
     575.0ns 1 1 0 1 0 00000000000000000000000000011111
     580.0ns 0 0 0 1 0 00000000000000000000000000011111
     585.0ns 1 0 0 1 0 00000000000000000000000000011111
     590.0ns 0 0 0 1 0 00000000000000000000000000011111
     595.0ns 1 0 0 1 0 00000000000000000000000000011111
     600.0ns 0 0 0 1 0 00000000000000000000000000011111
     605.0ns 1 0 0 1 0 00000000000000000000000000011111
     610.0ns 0 0 0 1 0 00000000000000000000000000011111
     615.0ns 1 0 0 1 0 00000000000000000000000000011111
     620.0ns 0 0 0 1 0 00000000000000000000000000011111
     625.0ns 1 0 0 1 0 00000000000000000000000000011111
     630.0ns 0 0 0 1 0 00000000000000000000000000011111
     635.0ns 1 0 0 1 0 00000000000000000000000000011111
     640.0ns 0 0 0 1 0 00000000000000000000000000011111
     645.0ns 1 0 0 1 0 00000000000000000000000000011111
     650.0ns 0 0 0 1 0 00000000000000000000000000011111
     655.0ns 1 0 0 1 0 00000000000000000000000000011111
     660.0ns 0 0 0 1 0 00000000000000000000000000011111
     665.0ns 1 0 0 1 0 00000000000000000000000000011111
     670.0ns 0 0 0 1 0 00000000000000000000000000011111
     675.0ns 1 0 0 1 0 00000000000000000000000000011111
     680.0ns 0 0 0 1 0 00000000000000000000000000011111
     685.0ns 1 0 0 1 0 00000000000000000000000000011111
     690.0ns 0 0 0 1 0 00000000000000000000000000011111
     695.0ns 1 0 0 1 0 00000000000000000000000000011111
     700.0ns 0 0 0 1 0 00000000000000000000000000011111
     705.0ns 1 0 0 1 0 00000000000000000000000000011111
     710.0ns 0 0 0 1 0 00000000000000000000000000011111
     715.0ns 1 0 0 1 0 00000000000000000000000000011111
     720.0ns 0 0 0 1 0 00000000000000000000000000011111
     725.0ns 1 0 0 1 0 00000000000000000000000000011111
     730.0ns 0 0 0 1 0 00000000000000000000000000011111
     735.0ns 1 0 0 1 0 00000000000000000000000000011111
     740.0ns 0 0 0 1 0 00000000000000000000000000011111
     745.0ns 1 0 0 1 0 00000000000000000000000000011111
     750.0ns 0 0 0 1 0 00000000000000000000000000011111
     755.0ns 1 0 0 1 0 00000000000000000000000000011111
     760.0ns 0 0 0 1 0 00000000000000000000000000011111
     765.0ns 1 0 0 1 0 00000000000000000000000000011111
     770.0ns 0 0 0 1 0 00000000000000000000000000011111
     775.0ns 1 0 0 1 0 00000000000000000000000000011111
     780.0ns 0 1 0 1 0 00000000000000000000000000011111
     785.0ns 1 1 0 1 0 00000000000000000000000000011111
     790.0ns 0 1 0 1 0 00000000000000000000000000011111
     795.0ns 1 1 0 1 0 00000000000000000000000000011111
     800.0ns 0 1 0 1 0 00000000000000000000000000011111
     805.0ns 1 1 0 1 0 00000000000000000000000000011111
     810.0ns 0 1 0 1 0 00000000000000000000000000011111
     815.0ns 1 1 0 1 0 00000000000000000000000000011111
     820.0ns 0 1 0 1 0 00000000000000000000000000011111
     825.0ns 1 1 0 1 0 00000000000000000000000000011111
     830.0ns 0 1 0 1 0 00000000000000000000000000011111
     835.0ns 1 1 0 1 0 00000000000000000000000000011111
     840.0ns 0 1 0 1 0 00000000000000000000000000011111
     845.0ns 1 1 0 1 0 00000000000000000000000000011111
     850.0ns 0 1 0 1 0 00000000000000000000000000011111
     855.0ns 1 1 0 1 0 00000000000000000000000000011111
     860.0ns 0 1 0 1 0 00000000000000000000000000011111
     865.0ns 1 1 0 1 0 00000000000000000000000000011111
     870.0ns 0 1 0 1 0 00000000000000000000000000011111
     875.0ns 1 1 0 1 0 00000000000000000000000000011111
     880.0ns 0 1 0 1 0 00000000000000000000000000011111
     885.0ns 1 1 0 1 0 00000000000000000000000000011111
     890.0ns 0 1 0 1 0 00000000000000000000000000011111
     895.0ns 1 1 0 1 0 00000000000000000000000000011111
     900.0ns 0 1 0 1 0 00000000000000000000000000011111
     905.0ns 1 1 0 1 0 00000000000000000000000000011111
     910.0ns 0 1 0 1 0 00000000000000000000000000011111
     915.0ns 1 1 0 1 0 00000000000000000000000000011111
     920.0ns 0 1 0 1 0 00000000000000000000000000011111
     925.0ns 1 1 0 1 0 00000000000000000000000000011111
     930.0ns 0 1 0 1 0 00000000000000000000000000011111
     935.0ns 1 1 0 1 0 00000000000000000000000000011111
     940.0ns 0 1 0 1 0 00000000000000000000000000011111
     945.0ns 1 1 0 1 0 00000000000000000000000000011111
     950.0ns 0 1 0 1 0 00000000000000000000000000011111
     955.0ns 1 1 0 1 0 00000000000000000000000000011111
     960.0ns 0 1 0 1 0 00000000000000000000000000011111
     965.0ns 1 1 0 1 0 00000000000000000000000000011111
     970.0ns 0 1 0 1 0 00000000000000000000000000011111
     975.0ns 1 1 0 1 0 00000000000000000000000000011111
     980.0ns 0 1 0 1 0 00000000000000000000000000011111
     985.0ns 1 1 0 1 0 00000000000000000000000000011111
     990.0ns 0 1 0 1 0 00000000000000000000000000011111
     995.0ns 1 1 0 1 0 00000000000000000000000000011111
    1000.0ns 0 1 0 1 0 00000000000000000000000000011111
 Time Clk Rstb Valid Ready Last Data
       0.0ns 0 0 0 1 0 00000000000000000000000000000000
       5.0ns 1 0 0 1 0 00000000000000000000000000000000
      10.0ns 0 0 0 1 0 00000000000000000000000000000000
      15.0ns 1 0 0 1 0 00000000000000000000000000000000
      20.0ns 0 0 0 1 0 00000000000000000000000000000000
      25.0ns 1 0 0 1 0 00000000000000000000000000000000
      30.0ns 0 0 0 1 0 00000000000000000000000000000000
      35.0ns 1 0 0 1 0 00000000000000000000000000000000
      40.0ns 0 0 0 1 0 00000000000000000000000000000000
      45.0ns 1 0 0 1 0 00000000000000000000000000000000
      50.0ns 0 0 0 1 0 00000000000000000000000000000000
      55.0ns 1 0 0 1 0 00000000000000000000000000000000
      60.0ns 0 0 0 1 0 00000000000000000000000000000000
      65.0ns 1 0 0 1 0 00000000000000000000000000000000
      70.0ns 0 0 0 1 0 00000000000000000000000000000000
      75.0ns 1 0 0 1 0 00000000000000000000000000000000
      80.0ns 0 0 0 1 0 00000000000000000000000000000000
      85.0ns 1 0 0 1 0 00000000000000000000000000000000
      90.0ns 0 0 0 1 0 00000000000000000000000000000000
      95.0ns 1 0 0 1 0 00000000000000000000000000000000
     100.0ns 0 0 0 1 0 00000000000000000000000000000000
     105.0ns 1 0 0 1 0 00000000000000000000000000000000
     110.0ns 0 0 0 1 0 00000000000000000000000000000000
     115.0ns 1 0 0 1 0 00000000000000000000000000000000
     120.0ns 0 0 0 1 0 00000000000000000000000000000000
     125.0ns 1 0 0 1 0 00000000000000000000000000000000
     130.0ns 0 0 0 1 0 00000000000000000000000000000000
     135.0ns 1 0 0 1 0 00000000000000000000000000000000
     140.0ns 0 0 0 1 0 00000000000000000000000000000000
     145.0ns 1 0 0 1 0 00000000000000000000000000000000
     150.0ns 0 0 0 1 0 00000000000000000000000000000000
     155.0ns 1 0 0 1 0 00000000000000000000000000000000
     160.0ns 0 0 0 1 0 00000000000000000000000000000000
     165.0ns 1 0 0 1 0 00000000000000000000000000000000
     170.0ns 0 0 0 1 0 00000000000000000000000000000000
     175.0ns 1 0 0 1 0 00000000000000000000000000000000
     180.0ns 0 0 0 1 0 00000000000000000000000000000000
     185.0ns 1 0 0 1 0 00000000000000000000000000000000
     190.0ns 0 0 0 1 0 00000000000000000000000000000000
     195.0ns 1 0 0 1 0 00000000000000000000000000000000
     200.0ns 0 1 0 1 0 00000000000000000000000000000000
     205.0ns 1 1 0 1 0 00000000000000000000000000000000
     210.0ns 0 1 1 1 0 00000000000000000000000000000000
     215.0ns 1 1 1 1 0 00000000000000000000000000000000
     220.0ns 0 1 1 1 0 00000000000000000000000000000001
     225.0ns 1 1 1 1 0 00000000000000000000000000000001
     230.0ns 0 1 1 1 0 00000000000000000000000000000010
     235.0ns 1 1 1 1 0 00000000000000000000000000000010
     240.0ns 0 1 1 1 0 00000000000000000000000000000011
     245.0ns 1 1 1 1 0 00000000000000000000000000000011
     250.0ns 0 1 1 1 0 00000000000000000000000000000100
     255.0ns 1 1 1 1 0 00000000000000000000000000000100
     260.0ns 0 1 1 1 0 00000000000000000000000000000101
     265.0ns 1 1 1 1 0 00000000000000000000000000000101
     270.0ns 0 1 1 1 0 00000000000000000000000000000110
     275.0ns 1 1 1 1 0 00000000000000000000000000000110
     280.0ns 0 1 1 1 0 00000000000000000000000000000111
     285.0ns 1 1 1 1 0 00000000000000000000000000000111
     290.0ns 0 1 1 1 0 00000000000000000000000000001000
     295.0ns 1 1 1 1 0 00000000000000000000000000001000
     300.0ns 0 1 1 1 0 00000000000000000000000000001001
     305.0ns 1 1 1 1 0 00000000000000000000000000001001
     310.0ns 0 1 1 1 0 00000000000000000000000000001010
     315.0ns 1 1 1 1 0 00000000000000000000000000001010
     320.0ns 0 1 1 1 0 00000000000000000000000000001011
     325.0ns 1 1 1 1 0 00000000000000000000000000001011
     330.0ns 0 1 1 1 0 00000000000000000000000000001100
     335.0ns 1 1 1 1 0 00000000000000000000000000001100
     340.0ns 0 1 1 1 0 00000000000000000000000000001101
     345.0ns 1 1 1 1 0 00000000000000000000000000001101
     350.0ns 0 1 1 1 0 00000000000000000000000000001110
     355.0ns 1 1 1 1 0 00000000000000000000000000001110
     360.0ns 0 1 1 1 0 00000000000000000000000000001111
     365.0ns 1 1 1 1 0 00000000000000000000000000001111
     370.0ns 0 1 1 1 0 00000000000000000000000000010000
     375.0ns 1 1 1 1 0 00000000000000000000000000010000
     380.0ns 0 1 1 1 0 00000000000000000000000000010001
     385.0ns 1 1 1 1 0 00000000000000000000000000010001
     390.0ns 0 1 1 1 0 00000000000000000000000000010010
     395.0ns 1 1 1 1 0 00000000000000000000000000010010
     400.0ns 0 1 1 1 0 00000000000000000000000000010011
     405.0ns 1 1 1 1 0 00000000000000000000000000010011
     410.0ns 0 1 1 1 0 00000000000000000000000000010100
     415.0ns 1 1 1 1 0 00000000000000000000000000010100
     420.0ns 0 1 1 1 0 00000000000000000000000000010101
     425.0ns 1 1 1 1 0 00000000000000000000000000010101
     430.0ns 0 1 1 1 0 00000000000000000000000000010110
     435.0ns 1 1 1 1 0 00000000000000000000000000010110
     440.0ns 0 1 1 1 0 00000000000000000000000000010111
     445.0ns 1 1 1 1 0 00000000000000000000000000010111
     450.0ns 0 1 1 1 0 00000000000000000000000000011000
     455.0ns 1 1 1 1 0 00000000000000000000000000011000
     460.0ns 0 1 1 1 0 00000000000000000000000000011001
     465.0ns 1 1 1 1 0 00000000000000000000000000011001
     470.0ns 0 1 1 1 0 00000000000000000000000000011010
     475.0ns 1 1 1 1 0 00000000000000000000000000011010
     480.0ns 0 1 1 1 0 00000000000000000000000000011011
     485.0ns 1 1 1 1 0 00000000000000000000000000011011
     490.0ns 0 1 1 1 0 00000000000000000000000000011100
     495.0ns 1 1 1 1 0 00000000000000000000000000011100
     500.0ns 0 1 1 1 0 00000000000000000000000000011101
     505.0ns 1 1 1 1 0 00000000000000000000000000011101
     510.0ns 0 1 1 1 0 00000000000000000000000000011110
     515.0ns 1 1 1 1 0 00000000000000000000000000011110
     520.0ns 0 1 1 1 1 00000000000000000000000000011111
     525.0ns 1 1 1 1 1 00000000000000000000000000011111
     530.0ns 0 1 0 1 0 00000000000000000000000000011111
     535.0ns 1 1 0 1 0 00000000000000000000000000011111
     540.0ns 0 1 0 1 0 00000000000000000000000000011111
     545.0ns 1 1 0 1 0 00000000000000000000000000011111
     550.0ns 0 1 0 1 0 00000000000000000000000000011111
     555.0ns 1 1 0 1 0 00000000000000000000000000011111
     560.0ns 0 1 0 1 0 00000000000000000000000000011111
     565.0ns 1 1 0 1 0 00000000000000000000000000011111
     570.0ns 0 1 0 1 0 00000000000000000000000000011111
     575.0ns 1 1 0 1 0 00000000000000000000000000011111
     580.0ns 0 0 0 1 0 00000000000000000000000000011111
     585.0ns 1 0 0 1 0 00000000000000000000000000011111
     590.0ns 0 0 0 1 0 00000000000000000000000000011111
     595.0ns 1 0 0 1 0 00000000000000000000000000011111
     600.0ns 0 0 0 1 0 00000000000000000000000000011111
     605.0ns 1 0 0 1 0 00000000000000000000000000011111
     610.0ns 0 0 0 1 0 00000000000000000000000000011111
     615.0ns 1 0 0 1 0 00000000000000000000000000011111
     620.0ns 0 0 0 1 0 00000000000000000000000000011111
     625.0ns 1 0 0 1 0 00000000000000000000000000011111
     630.0ns 0 0 0 1 0 00000000000000000000000000011111
     635.0ns 1 0 0 1 0 00000000000000000000000000011111
     640.0ns 0 0 0 1 0 00000000000000000000000000011111
     645.0ns 1 0 0 1 0 00000000000000000000000000011111
     650.0ns 0 0 0 1 0 00000000000000000000000000011111
     655.0ns 1 0 0 1 0 00000000000000000000000000011111
     660.0ns 0 0 0 1 0 00000000000000000000000000011111
     665.0ns 1 0 0 1 0 00000000000000000000000000011111
     670.0ns 0 0 0 1 0 00000000000000000000000000011111
     675.0ns 1 0 0 1 0 00000000000000000000000000011111
     680.0ns 0 0 0 1 0 00000000000000000000000000011111
     685.0ns 1 0 0 1 0 00000000000000000000000000011111
     690.0ns 0 0 0 1 0 00000000000000000000000000011111
     695.0ns 1 0 0 1 0 00000000000000000000000000011111
     700.0ns 0 0 0 1 0 00000000000000000000000000011111
     705.0ns 1 0 0 1 0 00000000000000000000000000011111
     710.0ns 0 0 0 1 0 00000000000000000000000000011111
     715.0ns 1 0 0 1 0 00000000000000000000000000011111
     720.0ns 0 0 0 1 0 00000000000000000000000000011111
     725.0ns 1 0 0 1 0 00000000000000000000000000011111
     730.0ns 0 0 0 1 0 00000000000000000000000000011111
     735.0ns 1 0 0 1 0 00000000000000000000000000011111
     740.0ns 0 0 0 1 0 00000000000000000000000000011111
     745.0ns 1 0 0 1 0 00000000000000000000000000011111
     750.0ns 0 0 0 1 0 00000000000000000000000000011111
     755.0ns 1 0 0 1 0 00000000000000000000000000011111
     760.0ns 0 0 0 1 0 00000000000000000000000000011111
     765.0ns 1 0 0 1 0 00000000000000000000000000011111
     770.0ns 0 0 0 1 0 00000000000000000000000000011111
     775.0ns 1 0 0 1 0 00000000000000000000000000011111
     780.0ns 0 1 0 1 0 00000000000000000000000000011111
     785.0ns 1 1 0 1 0 00000000000000000000000000011111
     790.0ns 0 1 0 1 0 00000000000000000000000000011111
     795.0ns 1 1 0 1 0 00000000000000000000000000011111
     800.0ns 0 1 0 1 0 00000000000000000000000000011111
     805.0ns 1 1 0 1 0 00000000000000000000000000011111
     810.0ns 0 1 0 1 0 00000000000000000000000000011111
     815.0ns 1 1 0 1 0 00000000000000000000000000011111
     820.0ns 0 1 0 1 0 00000000000000000000000000011111
     825.0ns 1 1 0 1 0 00000000000000000000000000011111
     830.0ns 0 1 0 1 0 00000000000000000000000000011111
     835.0ns 1 1 0 1 0 00000000000000000000000000011111
     840.0ns 0 1 0 1 0 00000000000000000000000000011111
     845.0ns 1 1 0 1 0 00000000000000000000000000011111
     850.0ns 0 1 0 1 0 00000000000000000000000000011111
     855.0ns 1 1 0 1 0 00000000000000000000000000011111
     860.0ns 0 1 0 1 0 00000000000000000000000000011111
     865.0ns 1 1 0 1 0 00000000000000000000000000011111
     870.0ns 0 1 0 1 0 00000000000000000000000000011111
     875.0ns 1 1 0 1 0 00000000000000000000000000011111
     880.0ns 0 1 0 1 0 00000000000000000000000000011111
     885.0ns 1 1 0 1 0 00000000000000000000000000011111
     890.0ns 0 1 0 1 0 00000000000000000000000000011111
     895.0ns 1 1 0 1 0 00000000000000000000000000011111
     900.0ns 0 1 0 1 0 00000000000000000000000000011111
     905.0ns 1 1 0 1 0 00000000000000000000000000011111
     910.0ns 0 1 0 1 0 00000000000000000000000000011111
     915.0ns 1 1 0 1 0 00000000000000000000000000011111
     920.0ns 0 1 0 1 0 00000000000000000000000000011111
     925.0ns 1 1 0 1 0 00000000000000000000000000011111
     930.0ns 0 1 0 1 0 00000000000000000000000000011111
     935.0ns 1 1 0 1 0 00000000000000000000000000011111
     940.0ns 0 1 0 1 0 00000000000000000000000000011111
     945.0ns 1 1 0 1 0 00000000000000000000000000011111
     950.0ns 0 1 0 1 0 00000000000000000000000000011111
     955.0ns 1 1 0 1 0 00000000000000000000000000011111
     960.0ns 0 1 0 1 0 00000000000000000000000000011111
     965.0ns 1 1 0 1 0 00000000000000000000000000011111
     970.0ns 0 1 0 1 0 00000000000000000000000000011111
     975.0ns 1 1 0 1 0 00000000000000000000000000011111
     980.0ns 0 1 0 1 0 00000000000000000000000000011111
     985.0ns 1 1 0 1 0 00000000000000000000000000011111
     990.0ns 0 1 0 1 0 00000000000000000000000000011111
     995.0ns 1 1 0 1 0 00000000000000000000000000011111
    1000.0ns 0 1 0 1 0 00000000000000000000000000011111
    1005.0ns 1 1 0 1 0 00000000000000000000000000011111
    1010.0ns 0 1 0 1 0 00000000000000000000000000011111
    1015.0ns 1 1 0 1 0 00000000000000000000000000011111
    1020.0ns 0 1 0 1 0 00000000000000000000000000011111
    1025.0ns 1 1 0 1 0 00000000000000000000000000011111
    1030.0ns 0 1 0 1 0 00000000000000000000000000011111
    1035.0ns 1 1 0 1 0 00000000000000000000000000011111
    1040.0ns 0 1 0 1 0 00000000000000000000000000011111
    1045.0ns 1 1 0 1 0 00000000000000000000000000011111
    1050.0ns 0 1 0 1 0 00000000000000000000000000011111
    1055.0ns 1 1 0 1 0 00000000000000000000000000011111
    1060.0ns 0 1 0 1 0 00000000000000000000000000011111
    1065.0ns 1 1 0 1 0 00000000000000000000000000011111
    1070.0ns 0 1 0 1 0 00000000000000000000000000011111
    1075.0ns 1 1 0 1 0 00000000000000000000000000011111
    1080.0ns 0 1 0 1 0 00000000000000000000000000011111
    1085.0ns 1 1 0 1 0 00000000000000000000000000011111
    1090.0ns 0 1 0 1 0 00000000000000000000000000011111
    1095.0ns 1 1 0 1 0 00000000000000000000000000011111
    1100.0ns 0 1 0 1 0 00000000000000000000000000011111
    1105.0ns 1 1 0 1 0 00000000000000000000000000011111
    1110.0ns 0 1 0 1 0 00000000000000000000000000011111
    1115.0ns 1 1 0 1 0 00000000000000000000000000011111
    1120.0ns 0 1 0 1 0 00000000000000000000000000011111
    1125.0ns 1 1 0 1 0 00000000000000000000000000011111
    1130.0ns 0 1 0 1 0 00000000000000000000000000011111
    1135.0ns 1 1 0 1 0 00000000000000000000000000011111
    1140.0ns 0 1 0 1 0 00000000000000000000000000011111
    1145.0ns 1 1 0 1 0 00000000000000000000000000011111
    1150.0ns 0 1 0 1 0 00000000000000000000000000011111
    1155.0ns 1 1 0 1 0 00000000000000000000000000011111
    1160.0ns 0 1 0 1 0 00000000000000000000000000011111
    1165.0ns 1 1 0 1 0 00000000000000000000000000011111
    1170.0ns 0 1 0 1 0 00000000000000000000000000011111
    1175.0ns 1 1 0 1 0 00000000000000000000000000011111
    1180.0ns 0 1 0 1 0 00000000000000000000000000011111
    1185.0ns 1 1 0 1 0 00000000000000000000000000011111
    1190.0ns 0 1 0 1 0 00000000000000000000000000011111
    1195.0ns 1 1 0 1 0 00000000000000000000000000011111
    1200.0ns 0 1 0 1 0 00000000000000000000000000011111
    1205.0ns 1 1 0 1 0 00000000000000000000000000011111
    1210.0ns 0 1 0 1 0 00000000000000000000000000011111
    1215.0ns 1 1 0 1 0 00000000000000000000000000011111
    1220.0ns 0 1 0 1 0 00000000000000000000000000011111
    1225.0ns 1 1 0 1 0 00000000000000000000000000011111
    1230.0ns 0 1 0 1 0 00000000000000000000000000011111
    1235.0ns 1 1 0 1 0 00000000000000000000000000011111
    1240.0ns 0 1 0 1 0 00000000000000000000000000011111
    1245.0ns 1 1 0 1 0 00000000000000000000000000011111
    1250.0ns 0 1 0 1 0 00000000000000000000000000011111
    1255.0ns 1 1 0 1 0 00000000000000000000000000011111
    1260.0ns 0 1 0 1 0 00000000000000000000000000011111
    1265.0ns 1 1 0 1 0 00000000000000000000000000011111
    1270.0ns 0 1 0 1 0 00000000000000000000000000011111
    1275.0ns 1 1 0 1 0 00000000000000000000000000011111
    1280.0ns 0 1 0 1 0 00000000000000000000000000011111
    1285.0ns 1 1 0 1 0 00000000000000000000000000011111
    1290.0ns 0 1 0 1 0 00000000000000000000000000011111
    1295.0ns 1 1 0 1 0 00000000000000000000000000011111
    1300.0ns 0 1 0 1 0 00000000000000000000000000011111
    1305.0ns 1 1 0 1 0 00000000000000000000000000011111
    1310.0ns 0 1 0 1 0 00000000000000000000000000011111
    1315.0ns 1 1 0 1 0 00000000000000000000000000011111
    1320.0ns 0 1 0 1 0 00000000000000000000000000011111
    1325.0ns 1 1 0 1 0 00000000000000000000000000011111
    1330.0ns 0 1 0 1 0 00000000000000000000000000011111
    1335.0ns 1 1 0 1 0 00000000000000000000000000011111
    1340.0ns 0 1 0 1 0 00000000000000000000000000011111
    1345.0ns 1 1 0 1 0 00000000000000000000000000011111
    1350.0ns 0 1 0 1 0 00000000000000000000000000011111
    1355.0ns 1 1 0 1 0 00000000000000000000000000011111
    1360.0ns 0 1 0 1 0 00000000000000000000000000011111
    1365.0ns 1 1 0 1 0 00000000000000000000000000011111
    1370.0ns 0 1 0 1 0 00000000000000000000000000011111
    1375.0ns 1 1 0 1 0 00000000000000000000000000011111
    1380.0ns 0 1 0 1 0 00000000000000000000000000011111
    1385.0ns 1 1 0 1 0 00000000000000000000000000011111
    1390.0ns 0 1 0 1 0 00000000000000000000000000011111
    1395.0ns 1 1 0 1 0 00000000000000000000000000011111
    1400.0ns 0 1 0 1 0 00000000000000000000000000011111
    1405.0ns 1 1 0 1 0 00000000000000000000000000011111
    1410.0ns 0 1 0 1 0 00000000000000000000000000011111
    1415.0ns 1 1 0 1 0 00000000000000000000000000011111
    1420.0ns 0 1 0 1 0 00000000000000000000000000011111
    1425.0ns 1 1 0 1 0 00000000000000000000000000011111
    1430.0ns 0 1 0 1 0 00000000000000000000000000011111
    1435.0ns 1 1 0 1 0 00000000000000000000000000011111
    1440.0ns 0 1 0 1 0 00000000000000000000000000011111
    1445.0ns 1 1 0 1 0 00000000000000000000000000011111
    1450.0ns 0 1 0 1 0 00000000000000000000000000011111
    1455.0ns 1 1 0 1 0 00000000000000000000000000011111
    1460.0ns 0 1 0 1 0 00000000000000000000000000011111
    1465.0ns 1 1 0 1 0 00000000000000000000000000011111
    1470.0ns 0 1 0 1 0 00000000000000000000000000011111
    1475.0ns 1 1 0 1 0 00000000000000000000000000011111
    1480.0ns 0 1 0 1 0 00000000000000000000000000011111
    1485.0ns 1 1 0 1 0 00000000000000000000000000011111
    1490.0ns 0 1 0 1 0 00000000000000000000000000011111
    1495.0ns 1 1 0 1 0 00000000000000000000000000011111
    1500.0ns 0 1 0 1 0 00000000000000000000000000011111
    1505.0ns 1 1 0 1 0 00000000000000000000000000011111
    1510.0ns 0 1 0 1 0 00000000000000000000000000011111
    1515.0ns 1 1 0 1 0 00000000000000000000000000011111
    1520.0ns 0 1 0 1 0 00000000000000000000000000011111
    1525.0ns 1 1 0 1 0 00000000000000000000000000011111
    1530.0ns 0 1 0 1 0 00000000000000000000000000011111
    1535.0ns 1 1 0 1 0 00000000000000000000000000011111
    1540.0ns 0 1 0 1 0 00000000000000000000000000011111
    1545.0ns 1 1 0 1 0 00000000000000000000000000011111
    1550.0ns 0 1 0 1 0 00000000000000000000000000011111
    1555.0ns 1 1 0 1 0 00000000000000000000000000011111
    1560.0ns 0 1 0 1 0 00000000000000000000000000011111
    1565.0ns 1 1 0 1 0 00000000000000000000000000011111
    1570.0ns 0 1 0 1 0 00000000000000000000000000011111
    1575.0ns 1 1 0 1 0 00000000000000000000000000011111
    1580.0ns 0 1 0 1 0 00000000000000000000000000011111
    1585.0ns 1 1 0 1 0 00000000000000000000000000011111
    1590.0ns 0 1 0 1 0 00000000000000000000000000011111
    1595.0ns 1 1 0 1 0 00000000000000000000000000011111
    1600.0ns 0 1 0 1 0 00000000000000000000000000011111
    1605.0ns 1 1 0 1 0 00000000000000000000000000011111
    1610.0ns 0 1 0 1 0 00000000000000000000000000011111
    1615.0ns 1 1 0 1 0 00000000000000000000000000011111
    1620.0ns 0 1 0 1 0 00000000000000000000000000011111
    1625.0ns 1 1 0 1 0 00000000000000000000000000011111
    1630.0ns 0 1 0 1 0 00000000000000000000000000011111
    1635.0ns 1 1 0 1 0 00000000000000000000000000011111
    1640.0ns 0 1 0 1 0 00000000000000000000000000011111
    1645.0ns 1 1 0 1 0 00000000000000000000000000011111
    1650.0ns 0 1 0 1 0 00000000000000000000000000011111
    1655.0ns 1 1 0 1 0 00000000000000000000000000011111
    1660.0ns 0 1 0 1 0 00000000000000000000000000011111
    1665.0ns 1 1 0 1 0 00000000000000000000000000011111
    1670.0ns 0 1 0 1 0 00000000000000000000000000011111
    1675.0ns 1 1 0 1 0 00000000000000000000000000011111
    1680.0ns 0 1 0 1 0 00000000000000000000000000011111
    1685.0ns 1 1 0 1 0 00000000000000000000000000011111
    1690.0ns 0 1 0 1 0 00000000000000000000000000011111
    1695.0ns 1 1 0 1 0 00000000000000000000000000011111
    1700.0ns 0 1 0 1 0 00000000000000000000000000011111
    1705.0ns 1 1 0 1 0 00000000000000000000000000011111
    1710.0ns 0 1 0 1 0 00000000000000000000000000011111
    1715.0ns 1 1 0 1 0 00000000000000000000000000011111
    1720.0ns 0 1 0 1 0 00000000000000000000000000011111
    1725.0ns 1 1 0 1 0 00000000000000000000000000011111
    1730.0ns 0 1 0 1 0 00000000000000000000000000011111
    1735.0ns 1 1 0 1 0 00000000000000000000000000011111
    1740.0ns 0 1 0 1 0 00000000000000000000000000011111
    1745.0ns 1 1 0 1 0 00000000000000000000000000011111
    1750.0ns 0 1 0 1 0 00000000000000000000000000011111
    1755.0ns 1 1 0 1 0 00000000000000000000000000011111
    1760.0ns 0 1 0 1 0 00000000000000000000000000011111
    1765.0ns 1 1 0 1 0 00000000000000000000000000011111
    1770.0ns 0 1 0 1 0 00000000000000000000000000011111
    1775.0ns 1 1 0 1 0 00000000000000000000000000011111
    1780.0ns 0 1 0 1 0 00000000000000000000000000011111
    1785.0ns 1 1 0 1 0 00000000000000000000000000011111
    1790.0ns 0 1 0 1 0 00000000000000000000000000011111
    1795.0ns 1 1 0 1 0 00000000000000000000000000011111
    1800.0ns 0 1 0 1 0 00000000000000000000000000011111
    1805.0ns 1 1 0 1 0 00000000000000000000000000011111
    1810.0ns 0 1 0 1 0 00000000000000000000000000011111
    1815.0ns 1 1 0 1 0 00000000000000000000000000011111
    1820.0ns 0 1 0 1 0 00000000000000000000000000011111
    1825.0ns 1 1 0 1 0 00000000000000000000000000011111
    1830.0ns 0 1 0 1 0 00000000000000000000000000011111
    1835.0ns 1 1 0 1 0 00000000000000000000000000011111
    1840.0ns 0 1 0 1 0 00000000000000000000000000011111
    1845.0ns 1 1 0 1 0 00000000000000000000000000011111
    1850.0ns 0 1 0 1 0 00000000000000000000000000011111
    1855.0ns 1 1 0 1 0 00000000000000000000000000011111
    1860.0ns 0 1 0 1 0 00000000000000000000000000011111
    1865.0ns 1 1 0 1 0 00000000000000000000000000011111
    1870.0ns 0 1 0 1 0 00000000000000000000000000011111
    1875.0ns 1 1 0 1 0 00000000000000000000000000011111
    1880.0ns 0 1 0 1 0 00000000000000000000000000011111
    1885.0ns 1 1 0 1 0 00000000000000000000000000011111
    1890.0ns 0 1 0 1 0 00000000000000000000000000011111
    1895.0ns 1 1 0 1 0 00000000000000000000000000011111
    1900.0ns 0 1 0 1 0 00000000000000000000000000011111
    1905.0ns 1 1 0 1 0 00000000000000000000000000011111
    1910.0ns 0 1 0 1 0 00000000000000000000000000011111
    1915.0ns 1 1 0 1 0 00000000000000000000000000011111
    1920.0ns 0 1 0 1 0 00000000000000000000000000011111
    1925.0ns 1 1 0 1 0 00000000000000000000000000011111
    1930.0ns 0 1 0 1 0 00000000000000000000000000011111
    1935.0ns 1 1 0 1 0 00000000000000000000000000011111
    1940.0ns 0 1 0 1 0 00000000000000000000000000011111
    1945.0ns 1 1 0 1 0 00000000000000000000000000011111
    1950.0ns 0 1 0 1 0 00000000000000000000000000011111
    1955.0ns 1 1 0 1 0 00000000000000000000000000011111
    1960.0ns 0 1 0 1 0 00000000000000000000000000011111
    1965.0ns 1 1 0 1 0 00000000000000000000000000011111
    1970.0ns 0 1 0 1 0 00000000000000000000000000011111
    1975.0ns 1 1 0 1 0 00000000000000000000000000011111
    1980.0ns 0 1 0 1 0 00000000000000000000000000011111
    1985.0ns 1 1 0 1 0 00000000000000000000000000011111
    1990.0ns 0 1 0 1 0 00000000000000000000000000011111
    1995.0ns 1 1 0 1 0 00000000000000000000000000011111
    2000.0ns 0 1 0 1 0 00000000000000000000000000011111
    2005.0ns 1 1 0 1 0 00000000000000000000000000011111
    2010.0ns 0 1 0 1 0 00000000000000000000000000011111
    2015.0ns 1 1 0 1 0 00000000000000000000000000011111
    2020.0ns 0 1 0 1 0 00000000000000000000000000011111
    2025.0ns 1 1 0 1 0 00000000000000000000000000011111
    2030.0ns 0 1 0 1 0 00000000000000000000000000011111
    2035.0ns 1 1 0 1 0 00000000000000000000000000011111
    2040.0ns 0 1 0 1 0 00000000000000000000000000011111
    2045.0ns 1 1 0 1 0 00000000000000000000000000011111
    2050.0ns 0 1 0 1 0 00000000000000000000000000011111
    2055.0ns 1 1 0 1 0 00000000000000000000000000011111
    2060.0ns 0 1 0 1 0 00000000000000000000000000011111
    2065.0ns 1 1 0 1 0 00000000000000000000000000011111
    2070.0ns 0 1 0 1 0 00000000000000000000000000011111
    2075.0ns 1 1 0 1 0 00000000000000000000000000011111
    2080.0ns 0 1 0 1 0 00000000000000000000000000011111
    2085.0ns 1 1 0 1 0 00000000000000000000000000011111
    2090.0ns 0 1 0 1 0 00000000000000000000000000011111
    2095.0ns 1 1 0 1 0 00000000000000000000000000011111
    2100.0ns 0 1 0 1 0 00000000000000000000000000011111
    2105.0ns 1 1 0 1 0 00000000000000000000000000011111
    2110.0ns 0 1 0 1 0 00000000000000000000000000011111
    2115.0ns 1 1 0 1 0 00000000000000000000000000011111
    2120.0ns 0 1 0 1 0 00000000000000000000000000011111
    2125.0ns 1 1 0 1 0 00000000000000000000000000011111
    2130.0ns 0 1 0 1 0 00000000000000000000000000011111
    2135.0ns 1 1 0 1 0 00000000000000000000000000011111
    2140.0ns 0 1 0 1 0 00000000000000000000000000011111
    2145.0ns 1 1 0 1 0 00000000000000000000000000011111
    2150.0ns 0 1 0 1 0 00000000000000000000000000011111
    2155.0ns 1 1 0 1 0 00000000000000000000000000011111
    2160.0ns 0 1 0 1 0 00000000000000000000000000011111
    2165.0ns 1 1 0 1 0 00000000000000000000000000011111
    2170.0ns 0 1 0 1 0 00000000000000000000000000011111
    2175.0ns 1 1 0 1 0 00000000000000000000000000011111
    2180.0ns 0 1 0 1 0 00000000000000000000000000011111
    2185.0ns 1 1 0 1 0 00000000000000000000000000011111
    2190.0ns 0 1 0 1 0 00000000000000000000000000011111
    2195.0ns 1 1 0 1 0 00000000000000000000000000011111
    2200.0ns 0 1 0 1 0 00000000000000000000000000011111
    2205.0ns 1 1 0 1 0 00000000000000000000000000011111
    2210.0ns 0 1 0 1 0 00000000000000000000000000011111
    2215.0ns 1 1 0 1 0 00000000000000000000000000011111
    2220.0ns 0 1 0 1 0 00000000000000000000000000011111
    2225.0ns 1 1 0 1 0 00000000000000000000000000011111
    2230.0ns 0 1 0 1 0 00000000000000000000000000011111
    2235.0ns 1 1 0 1 0 00000000000000000000000000011111
    2240.0ns 0 1 0 1 0 00000000000000000000000000011111
    2245.0ns 1 1 0 1 0 00000000000000000000000000011111
    2250.0ns 0 1 0 1 0 00000000000000000000000000011111
    2255.0ns 1 1 0 1 0 00000000000000000000000000011111
    2260.0ns 0 1 0 1 0 00000000000000000000000000011111
    2265.0ns 1 1 0 1 0 00000000000000000000000000011111
    2270.0ns 0 1 0 1 0 00000000000000000000000000011111
    2275.0ns 1 1 0 1 0 00000000000000000000000000011111
    2280.0ns 0 1 0 1 0 00000000000000000000000000011111
    2285.0ns 1 1 0 1 0 00000000000000000000000000011111
    2290.0ns 0 1 0 1 0 00000000000000000000000000011111
    2295.0ns 1 1 0 1 0 00000000000000000000000000011111
    2300.0ns 0 1 0 1 0 00000000000000000000000000011111
    2305.0ns 1 1 0 1 0 00000000000000000000000000011111
    2310.0ns 0 1 0 1 0 00000000000000000000000000011111
    2315.0ns 1 1 0 1 0 00000000000000000000000000011111
    2320.0ns 0 1 0 1 0 00000000000000000000000000011111
    2325.0ns 1 1 0 1 0 00000000000000000000000000011111
    2330.0ns 0 1 0 1 0 00000000000000000000000000011111
    2335.0ns 1 1 0 1 0 00000000000000000000000000011111
    2340.0ns 0 1 0 1 0 00000000000000000000000000011111
    2345.0ns 1 1 0 1 0 00000000000000000000000000011111
    2350.0ns 0 1 0 1 0 00000000000000000000000000011111
    2355.0ns 1 1 0 1 0 00000000000000000000000000011111
    2360.0ns 0 1 0 1 0 00000000000000000000000000011111
    2365.0ns 1 1 0 1 0 00000000000000000000000000011111
    2370.0ns 0 1 0 1 0 00000000000000000000000000011111
    2375.0ns 1 1 0 1 0 00000000000000000000000000011111
    2380.0ns 0 1 0 1 0 00000000000000000000000000011111
    2385.0ns 1 1 0 1 0 00000000000000000000000000011111
    2390.0ns 0 1 0 1 0 00000000000000000000000000011111
    2395.0ns 1 1 0 1 0 00000000000000000000000000011111
    2400.0ns 0 1 0 1 0 00000000000000000000000000011111
    2405.0ns 1 1 0 1 0 00000000000000000000000000011111
    2410.0ns 0 1 0 1 0 00000000000000000000000000011111
    2415.0ns 1 1 0 1 0 00000000000000000000000000011111
    2420.0ns 0 1 0 1 0 00000000000000000000000000011111
    2425.0ns 1 1 0 1 0 00000000000000000000000000011111
    2430.0ns 0 1 0 1 0 00000000000000000000000000011111
    2435.0ns 1 1 0 1 0 00000000000000000000000000011111
    2440.0ns 0 1 0 1 0 00000000000000000000000000011111
    2445.0ns 1 1 0 1 0 00000000000000000000000000011111
    2450.0ns 0 1 0 1 0 00000000000000000000000000011111
    2455.0ns 1 1 0 1 0 00000000000000000000000000011111
    2460.0ns 0 1 0 1 0 00000000000000000000000000011111
    2465.0ns 1 1 0 1 0 00000000000000000000000000011111
    2470.0ns 0 1 0 1 0 00000000000000000000000000011111
    2475.0ns 1 1 0 1 0 00000000000000000000000000011111
    2480.0ns 0 1 0 1 0 00000000000000000000000000011111
    2485.0ns 1 1 0 1 0 00000000000000000000000000011111
    2490.0ns 0 1 0 1 0 00000000000000000000000000011111
    2495.0ns 1 1 0 1 0 00000000000000000000000000011111
    2500.0ns 0 1 0 1 0 00000000000000000000000000011111
    2505.0ns 1 1 0 1 0 00000000000000000000000000011111
    2510.0ns 0 1 0 1 0 00000000000000000000000000011111
    2515.0ns 1 1 0 1 0 00000000000000000000000000011111
    2520.0ns 0 1 0 1 0 00000000000000000000000000011111
    2525.0ns 1 1 0 1 0 00000000000000000000000000011111
    2530.0ns 0 1 0 1 0 00000000000000000000000000011111
    2535.0ns 1 1 0 1 0 00000000000000000000000000011111
    2540.0ns 0 1 0 1 0 00000000000000000000000000011111
    2545.0ns 1 1 0 1 0 00000000000000000000000000011111
    2550.0ns 0 1 0 1 0 00000000000000000000000000011111
    2555.0ns 1 1 0 1 0 00000000000000000000000000011111
    2560.0ns 0 1 0 1 0 00000000000000000000000000011111
    2565.0ns 1 1 0 1 0 00000000000000000000000000011111
    2570.0ns 0 1 0 1 0 00000000000000000000000000011111
    2575.0ns 1 1 0 1 0 00000000000000000000000000011111
    2580.0ns 0 1 0 1 0 00000000000000000000000000011111
    2585.0ns 1 1 0 1 0 00000000000000000000000000011111
    2590.0ns 0 1 0 1 0 00000000000000000000000000011111
    2595.0ns 1 1 0 1 0 00000000000000000000000000011111
    2600.0ns 0 1 0 1 0 00000000000000000000000000011111
    2605.0ns 1 1 0 1 0 00000000000000000000000000011111
    2610.0ns 0 1 0 1 0 00000000000000000000000000011111
    2615.0ns 1 1 0 1 0 00000000000000000000000000011111
    2620.0ns 0 1 0 1 0 00000000000000000000000000011111
    2625.0ns 1 1 0 1 0 00000000000000000000000000011111
    2630.0ns 0 1 0 1 0 00000000000000000000000000011111
    2635.0ns 1 1 0 1 0 00000000000000000000000000011111
    2640.0ns 0 1 0 1 0 00000000000000000000000000011111
    2645.0ns 1 1 0 1 0 00000000000000000000000000011111
    2650.0ns 0 1 0 1 0 00000000000000000000000000011111
    2655.0ns 1 1 0 1 0 00000000000000000000000000011111
    2660.0ns 0 1 0 1 0 00000000000000000000000000011111
    2665.0ns 1 1 0 1 0 00000000000000000000000000011111
    2670.0ns 0 1 0 1 0 00000000000000000000000000011111
    2675.0ns 1 1 0 1 0 00000000000000000000000000011111
    2680.0ns 0 1 0 1 0 00000000000000000000000000011111
    2685.0ns 1 1 0 1 0 00000000000000000000000000011111
    2690.0ns 0 1 0 1 0 00000000000000000000000000011111
    2695.0ns 1 1 0 1 0 00000000000000000000000000011111
    2700.0ns 0 1 0 1 0 00000000000000000000000000011111
    2705.0ns 1 1 0 1 0 00000000000000000000000000011111
    2710.0ns 0 1 0 1 0 00000000000000000000000000011111
    2715.0ns 1 1 0 1 0 00000000000000000000000000011111
    2720.0ns 0 1 0 1 0 00000000000000000000000000011111
    2725.0ns 1 1 0 1 0 00000000000000000000000000011111
    2730.0ns 0 1 0 1 0 00000000000000000000000000011111
    2735.0ns 1 1 0 1 0 00000000000000000000000000011111
    2740.0ns 0 1 0 1 0 00000000000000000000000000011111
    2745.0ns 1 1 0 1 0 00000000000000000000000000011111
    2750.0ns 0 1 0 1 0 00000000000000000000000000011111
    2755.0ns 1 1 0 1 0 00000000000000000000000000011111
    2760.0ns 0 1 0 1 0 00000000000000000000000000011111
    2765.0ns 1 1 0 1 0 00000000000000000000000000011111
    2770.0ns 0 1 0 1 0 00000000000000000000000000011111
    2775.0ns 1 1 0 1 0 00000000000000000000000000011111
    2780.0ns 0 1 0 1 0 00000000000000000000000000011111
    2785.0ns 1 1 0 1 0 00000000000000000000000000011111
    2790.0ns 0 1 0 1 0 00000000000000000000000000011111
    2795.0ns 1 1 0 1 0 00000000000000000000000000011111
    2800.0ns 0 1 0 1 0 00000000000000000000000000011111
    2805.0ns 1 1 0 1 0 00000000000000000000000000011111
    2810.0ns 0 1 0 1 0 00000000000000000000000000011111
    2815.0ns 1 1 0 1 0 00000000000000000000000000011111
    2820.0ns 0 1 0 1 0 00000000000000000000000000011111
    2825.0ns 1 1 0 1 0 00000000000000000000000000011111
    2830.0ns 0 1 0 1 0 00000000000000000000000000011111
    2835.0ns 1 1 0 1 0 00000000000000000000000000011111
    2840.0ns 0 1 0 1 0 00000000000000000000000000011111
    2845.0ns 1 1 0 1 0 00000000000000000000000000011111
    2850.0ns 0 1 0 1 0 00000000000000000000000000011111
    2855.0ns 1 1 0 1 0 00000000000000000000000000011111
    2860.0ns 0 1 0 1 0 00000000000000000000000000011111
    2865.0ns 1 1 0 1 0 00000000000000000000000000011111
    2870.0ns 0 1 0 1 0 00000000000000000000000000011111
    2875.0ns 1 1 0 1 0 00000000000000000000000000011111
    2880.0ns 0 1 0 1 0 00000000000000000000000000011111
    2885.0ns 1 1 0 1 0 00000000000000000000000000011111
    2890.0ns 0 1 0 1 0 00000000000000000000000000011111
    2895.0ns 1 1 0 1 0 00000000000000000000000000011111
    2900.0ns 0 1 0 1 0 00000000000000000000000000011111
    2905.0ns 1 1 0 1 0 00000000000000000000000000011111
    2910.0ns 0 1 0 1 0 00000000000000000000000000011111
    2915.0ns 1 1 0 1 0 00000000000000000000000000011111
    2920.0ns 0 1 0 1 0 00000000000000000000000000011111
    2925.0ns 1 1 0 1 0 00000000000000000000000000011111
    2930.0ns 0 1 0 1 0 00000000000000000000000000011111
    2935.0ns 1 1 0 1 0 00000000000000000000000000011111
    2940.0ns 0 1 0 1 0 00000000000000000000000000011111
    2945.0ns 1 1 0 1 0 00000000000000000000000000011111
    2950.0ns 0 1 0 1 0 00000000000000000000000000011111
    2955.0ns 1 1 0 1 0 00000000000000000000000000011111
    2960.0ns 0 1 0 1 0 00000000000000000000000000011111
    2965.0ns 1 1 0 1 0 00000000000000000000000000011111
    2970.0ns 0 1 0 1 0 00000000000000000000000000011111
    2975.0ns 1 1 0 1 0 00000000000000000000000000011111
    2980.0ns 0 1 0 1 0 00000000000000000000000000011111
    2985.0ns 1 1 0 1 0 00000000000000000000000000011111
    2990.0ns 0 1 0 1 0 00000000000000000000000000011111
    2995.0ns 1 1 0 1 0 00000000000000000000000000011111
    3000.0ns 0 1 0 1 0 00000000000000000000000000011111
    3005.0ns 1 1 0 1 0 00000000000000000000000000011111
    3010.0ns 0 1 0 1 0 00000000000000000000000000011111
    3015.0ns 1 1 0 1 0 00000000000000000000000000011111
    3020.0ns 0 1 0 1 0 00000000000000000000000000011111
    3025.0ns 1 1 0 1 0 00000000000000000000000000011111
    3030.0ns 0 1 0 1 0 00000000000000000000000000011111
    3035.0ns 1 1 0 1 0 00000000000000000000000000011111
    3040.0ns 0 1 0 1 0 00000000000000000000000000011111
    3045.0ns 1 1 0 1 0 00000000000000000000000000011111
    3050.0ns 0 1 0 1 0 00000000000000000000000000011111
    3055.0ns 1 1 0 1 0 00000000000000000000000000011111
    3060.0ns 0 1 0 1 0 00000000000000000000000000011111
    3065.0ns 1 1 0 1 0 00000000000000000000000000011111
    3070.0ns 0 1 0 1 0 00000000000000000000000000011111
    3075.0ns 1 1 0 1 0 00000000000000000000000000011111
    3080.0ns 0 1 0 1 0 00000000000000000000000000011111
    3085.0ns 1 1 0 1 0 00000000000000000000000000011111
    3090.0ns 0 1 0 1 0 00000000000000000000000000011111
    3095.0ns 1 1 0 1 0 00000000000000000000000000011111
    3100.0ns 0 1 0 1 0 00000000000000000000000000011111
    3105.0ns 1 1 0 1 0 00000000000000000000000000011111
    3110.0ns 0 1 0 1 0 00000000000000000000000000011111
    3115.0ns 1 1 0 1 0 00000000000000000000000000011111
    3120.0ns 0 1 0 1 0 00000000000000000000000000011111
    3125.0ns 1 1 0 1 0 00000000000000000000000000011111
    3130.0ns 0 1 0 1 0 00000000000000000000000000011111
    3135.0ns 1 1 0 1 0 00000000000000000000000000011111
    3140.0ns 0 1 0 1 0 00000000000000000000000000011111
    3145.0ns 1 1 0 1 0 00000000000000000000000000011111
    3150.0ns 0 1 0 1 0 00000000000000000000000000011111
    3155.0ns 1 1 0 1 0 00000000000000000000000000011111
    3160.0ns 0 1 0 1 0 00000000000000000000000000011111
    3165.0ns 1 1 0 1 0 00000000000000000000000000011111
    3170.0ns 0 1 0 1 0 00000000000000000000000000011111
    3175.0ns 1 1 0 1 0 00000000000000000000000000011111
    3180.0ns 0 1 0 1 0 00000000000000000000000000011111
    3185.0ns 1 1 0 1 0 00000000000000000000000000011111
    3190.0ns 0 1 0 1 0 00000000000000000000000000011111
    3195.0ns 1 1 0 1 0 00000000000000000000000000011111
    3200.0ns 0 1 0 1 0 00000000000000000000000000011111
    3205.0ns 1 1 0 1 0 00000000000000000000000000011111
    3210.0ns 0 1 0 1 0 00000000000000000000000000011111
    3215.0ns 1 1 0 1 0 00000000000000000000000000011111
    3220.0ns 0 1 0 1 0 00000000000000000000000000011111
    3225.0ns 1 1 0 1 0 00000000000000000000000000011111
    3230.0ns 0 1 0 1 0 00000000000000000000000000011111
    3235.0ns 1 1 0 1 0 00000000000000000000000000011111
    3240.0ns 0 1 0 1 0 00000000000000000000000000011111
    3245.0ns 1 1 0 1 0 00000000000000000000000000011111
    3250.0ns 0 1 0 1 0 00000000000000000000000000011111
    3255.0ns 1 1 0 1 0 00000000000000000000000000011111
    3260.0ns 0 1 0 1 0 00000000000000000000000000011111
    3265.0ns 1 1 0 1 0 00000000000000000000000000011111
    3270.0ns 0 1 0 1 0 00000000000000000000000000011111
    3275.0ns 1 1 0 1 0 00000000000000000000000000011111
    3280.0ns 0 1 0 1 0 00000000000000000000000000011111
    3285.0ns 1 1 0 1 0 00000000000000000000000000011111
    3290.0ns 0 1 0 1 0 00000000000000000000000000011111
    3295.0ns 1 1 0 1 0 00000000000000000000000000011111
    3300.0ns 0 1 0 1 0 00000000000000000000000000011111
    3305.0ns 1 1 0 1 0 00000000000000000000000000011111
    3310.0ns 0 1 0 1 0 00000000000000000000000000011111
    3315.0ns 1 1 0 1 0 00000000000000000000000000011111
    3320.0ns 0 1 0 1 0 00000000000000000000000000011111
    3325.0ns 1 1 0 1 0 00000000000000000000000000011111
    3330.0ns 0 1 0 1 0 00000000000000000000000000011111
    3335.0ns 1 1 0 1 0 00000000000000000000000000011111
    3340.0ns 0 1 0 1 0 00000000000000000000000000011111
    3345.0ns 1 1 0 1 0 00000000000000000000000000011111
    3350.0ns 0 1 0 1 0 00000000000000000000000000011111
    3355.0ns 1 1 0 1 0 00000000000000000000000000011111
    3360.0ns 0 1 0 1 0 00000000000000000000000000011111
    3365.0ns 1 1 0 1 0 00000000000000000000000000011111
    3370.0ns 0 1 0 1 0 00000000000000000000000000011111
    3375.0ns 1 1 0 1 0 00000000000000000000000000011111
    3380.0ns 0 1 0 1 0 00000000000000000000000000011111
    3385.0ns 1 1 0 1 0 00000000000000000000000000011111
    3390.0ns 0 1 0 1 0 00000000000000000000000000011111
    3395.0ns 1 1 0 1 0 00000000000000000000000000011111
    3400.0ns 0 1 0 1 0 00000000000000000000000000011111
    3405.0ns 1 1 0 1 0 00000000000000000000000000011111
    3410.0ns 0 1 0 1 0 00000000000000000000000000011111
    3415.0ns 1 1 0 1 0 00000000000000000000000000011111
    3420.0ns 0 1 0 1 0 00000000000000000000000000011111
    3425.0ns 1 1 0 1 0 00000000000000000000000000011111
    3430.0ns 0 1 0 1 0 00000000000000000000000000011111
    3435.0ns 1 1 0 1 0 00000000000000000000000000011111
    3440.0ns 0 1 0 1 0 00000000000000000000000000011111
    3445.0ns 1 1 0 1 0 00000000000000000000000000011111
    3450.0ns 0 1 0 1 0 00000000000000000000000000011111
    3455.0ns 1 1 0 1 0 00000000000000000000000000011111
    3460.0ns 0 1 0 1 0 00000000000000000000000000011111
    3465.0ns 1 1 0 1 0 00000000000000000000000000011111
    3470.0ns 0 1 0 1 0 00000000000000000000000000011111
    3475.0ns 1 1 0 1 0 00000000000000000000000000011111
    3480.0ns 0 1 0 1 0 00000000000000000000000000011111
    3485.0ns 1 1 0 1 0 00000000000000000000000000011111
    3490.0ns 0 1 0 1 0 00000000000000000000000000011111
    3495.0ns 1 1 0 1 0 00000000000000000000000000011111
    3500.0ns 0 1 0 1 0 00000000000000000000000000011111
    3505.0ns 1 1 0 1 0 00000000000000000000000000011111
    3510.0ns 0 1 0 1 0 00000000000000000000000000011111
    3515.0ns 1 1 0 1 0 00000000000000000000000000011111
    3520.0ns 0 1 0 1 0 00000000000000000000000000011111
    3525.0ns 1 1 0 1 0 00000000000000000000000000011111
    3530.0ns 0 1 0 1 0 00000000000000000000000000011111
    3535.0ns 1 1 0 1 0 00000000000000000000000000011111
    3540.0ns 0 1 0 1 0 00000000000000000000000000011111
    3545.0ns 1 1 0 1 0 00000000000000000000000000011111
    3550.0ns 0 1 0 1 0 00000000000000000000000000011111
    3555.0ns 1 1 0 1 0 00000000000000000000000000011111
    3560.0ns 0 1 0 1 0 00000000000000000000000000011111
    3565.0ns 1 1 0 1 0 00000000000000000000000000011111
    3570.0ns 0 1 0 1 0 00000000000000000000000000011111
    3575.0ns 1 1 0 1 0 00000000000000000000000000011111
    3580.0ns 0 1 0 1 0 00000000000000000000000000011111
    3585.0ns 1 1 0 1 0 00000000000000000000000000011111
    3590.0ns 0 1 0 1 0 00000000000000000000000000011111
    3595.0ns 1 1 0 1 0 00000000000000000000000000011111
    3600.0ns 0 1 0 1 0 00000000000000000000000000011111
    3605.0ns 1 1 0 1 0 00000000000000000000000000011111
    3610.0ns 0 1 0 1 0 00000000000000000000000000011111
    3615.0ns 1 1 0 1 0 00000000000000000000000000011111
    3620.0ns 0 1 0 1 0 00000000000000000000000000011111
    3625.0ns 1 1 0 1 0 00000000000000000000000000011111
    3630.0ns 0 1 0 1 0 00000000000000000000000000011111
    3635.0ns 1 1 0 1 0 00000000000000000000000000011111
    3640.0ns 0 1 0 1 0 00000000000000000000000000011111
    3645.0ns 1 1 0 1 0 00000000000000000000000000011111
    3650.0ns 0 1 0 1 0 00000000000000000000000000011111
    3655.0ns 1 1 0 1 0 00000000000000000000000000011111
    3660.0ns 0 1 0 1 0 00000000000000000000000000011111
    3665.0ns 1 1 0 1 0 00000000000000000000000000011111
    3670.0ns 0 1 0 1 0 00000000000000000000000000011111
    3675.0ns 1 1 0 1 0 00000000000000000000000000011111
    3680.0ns 0 1 0 1 0 00000000000000000000000000011111
    3685.0ns 1 1 0 1 0 00000000000000000000000000011111
    3690.0ns 0 1 0 1 0 00000000000000000000000000011111
    3695.0ns 1 1 0 1 0 00000000000000000000000000011111
    3700.0ns 0 1 0 1 0 00000000000000000000000000011111
    3705.0ns 1 1 0 1 0 00000000000000000000000000011111
    3710.0ns 0 1 0 1 0 00000000000000000000000000011111
    3715.0ns 1 1 0 1 0 00000000000000000000000000011111
    3720.0ns 0 1 0 1 0 00000000000000000000000000011111
    3725.0ns 1 1 0 1 0 00000000000000000000000000011111
    3730.0ns 0 1 0 1 0 00000000000000000000000000011111
    3735.0ns 1 1 0 1 0 00000000000000000000000000011111
    3740.0ns 0 1 0 1 0 00000000000000000000000000011111
    3745.0ns 1 1 0 1 0 00000000000000000000000000011111
    3750.0ns 0 1 0 1 0 00000000000000000000000000011111
    3755.0ns 1 1 0 1 0 00000000000000000000000000011111
    3760.0ns 0 1 0 1 0 00000000000000000000000000011111
    3765.0ns 1 1 0 1 0 00000000000000000000000000011111
    3770.0ns 0 1 0 1 0 00000000000000000000000000011111
    3775.0ns 1 1 0 1 0 00000000000000000000000000011111
    3780.0ns 0 1 0 1 0 00000000000000000000000000011111
    3785.0ns 1 1 0 1 0 00000000000000000000000000011111
    3790.0ns 0 1 0 1 0 00000000000000000000000000011111
    3795.0ns 1 1 0 1 0 00000000000000000000000000011111
    3800.0ns 0 1 0 1 0 00000000000000000000000000011111
    3805.0ns 1 1 0 1 0 00000000000000000000000000011111
    3810.0ns 0 1 0 1 0 00000000000000000000000000011111
    3815.0ns 1 1 0 1 0 00000000000000000000000000011111
    3820.0ns 0 1 0 1 0 00000000000000000000000000011111
    3825.0ns 1 1 0 1 0 00000000000000000000000000011111
    3830.0ns 0 1 0 1 0 00000000000000000000000000011111
    3835.0ns 1 1 0 1 0 00000000000000000000000000011111
    3840.0ns 0 1 0 1 0 00000000000000000000000000011111
    3845.0ns 1 1 0 1 0 00000000000000000000000000011111
    3850.0ns 0 1 0 1 0 00000000000000000000000000011111
    3855.0ns 1 1 0 1 0 00000000000000000000000000011111
    3860.0ns 0 1 0 1 0 00000000000000000000000000011111
    3865.0ns 1 1 0 1 0 00000000000000000000000000011111
    3870.0ns 0 1 0 1 0 00000000000000000000000000011111
    3875.0ns 1 1 0 1 0 00000000000000000000000000011111
    3880.0ns 0 1 0 1 0 00000000000000000000000000011111
    3885.0ns 1 1 0 1 0 00000000000000000000000000011111
    3890.0ns 0 1 0 1 0 00000000000000000000000000011111
    3895.0ns 1 1 0 1 0 00000000000000000000000000011111
    3900.0ns 0 1 0 1 0 00000000000000000000000000011111
    3905.0ns 1 1 0 1 0 00000000000000000000000000011111
    3910.0ns 0 1 0 1 0 00000000000000000000000000011111
    3915.0ns 1 1 0 1 0 00000000000000000000000000011111
    3920.0ns 0 1 0 1 0 00000000000000000000000000011111
    3925.0ns 1 1 0 1 0 00000000000000000000000000011111
    3930.0ns 0 1 0 1 0 00000000000000000000000000011111
    3935.0ns 1 1 0 1 0 00000000000000000000000000011111
    3940.0ns 0 1 0 1 0 00000000000000000000000000011111
    3945.0ns 1 1 0 1 0 00000000000000000000000000011111
    3950.0ns 0 1 0 1 0 00000000000000000000000000011111
    3955.0ns 1 1 0 1 0 00000000000000000000000000011111
    3960.0ns 0 1 0 1 0 00000000000000000000000000011111
    3965.0ns 1 1 0 1 0 00000000000000000000000000011111
    3970.0ns 0 1 0 1 0 00000000000000000000000000011111
    3975.0ns 1 1 0 1 0 00000000000000000000000000011111
    3980.0ns 0 1 0 1 0 00000000000000000000000000011111
    3985.0ns 1 1 0 1 0 00000000000000000000000000011111
    3990.0ns 0 1 0 1 0 00000000000000000000000000011111
    3995.0ns 1 1 0 1 0 00000000000000000000000000011111
    4000.0ns 0 1 0 1 0 00000000000000000000000000011111
    4005.0ns 1 1 0 1 0 00000000000000000000000000011111
    4010.0ns 0 1 0 1 0 00000000000000000000000000011111
    4015.0ns 1 1 0 1 0 00000000000000000000000000011111
    4020.0ns 0 1 0 1 0 00000000000000000000000000011111
    4025.0ns 1 1 0 1 0 00000000000000000000000000011111
    4030.0ns 0 1 0 1 0 00000000000000000000000000011111
    4035.0ns 1 1 0 1 0 00000000000000000000000000011111
    4040.0ns 0 1 0 1 0 00000000000000000000000000011111
    4045.0ns 1 1 0 1 0 00000000000000000000000000011111
    4050.0ns 0 1 0 1 0 00000000000000000000000000011111
    4055.0ns 1 1 0 1 0 00000000000000000000000000011111
    4060.0ns 0 1 0 1 0 00000000000000000000000000011111
    4065.0ns 1 1 0 1 0 00000000000000000000000000011111
    4070.0ns 0 1 0 1 0 00000000000000000000000000011111
    4075.0ns 1 1 0 1 0 00000000000000000000000000011111
    4080.0ns 0 1 0 1 0 00000000000000000000000000011111
    4085.0ns 1 1 0 1 0 00000000000000000000000000011111
    4090.0ns 0 1 0 1 0 00000000000000000000000000011111
    4095.0ns 1 1 0 1 0 00000000000000000000000000011111
    4100.0ns 0 1 0 1 0 00000000000000000000000000011111
    4105.0ns 1 1 0 1 0 00000000000000000000000000011111
    4110.0ns 0 1 0 1 0 00000000000000000000000000011111
    4115.0ns 1 1 0 1 0 00000000000000000000000000011111
    4120.0ns 0 1 0 1 0 00000000000000000000000000011111
    4125.0ns 1 1 0 1 0 00000000000000000000000000011111
    4130.0ns 0 1 0 1 0 00000000000000000000000000011111
    4135.0ns 1 1 0 1 0 00000000000000000000000000011111
    4140.0ns 0 1 0 1 0 00000000000000000000000000011111
    4145.0ns 1 1 0 1 0 00000000000000000000000000011111
    4150.0ns 0 1 0 1 0 00000000000000000000000000011111
    4155.0ns 1 1 0 1 0 00000000000000000000000000011111
    4160.0ns 0 1 0 1 0 00000000000000000000000000011111
    4165.0ns 1 1 0 1 0 00000000000000000000000000011111
    4170.0ns 0 1 0 1 0 00000000000000000000000000011111
    4175.0ns 1 1 0 1 0 00000000000000000000000000011111
    4180.0ns 0 1 0 1 0 00000000000000000000000000011111
    4185.0ns 1 1 0 1 0 00000000000000000000000000011111
    4190.0ns 0 1 0 1 0 00000000000000000000000000011111
    4195.0ns 1 1 0 1 0 00000000000000000000000000011111
    4200.0ns 0 1 0 1 0 00000000000000000000000000011111
    4205.0ns 1 1 0 1 0 00000000000000000000000000011111
    4210.0ns 0 1 0 1 0 00000000000000000000000000011111
    4215.0ns 1 1 0 1 0 00000000000000000000000000011111
    4220.0ns 0 1 0 1 0 00000000000000000000000000011111
    4225.0ns 1 1 0 1 0 00000000000000000000000000011111
    4230.0ns 0 1 0 1 0 00000000000000000000000000011111
    4235.0ns 1 1 0 1 0 00000000000000000000000000011111
    4240.0ns 0 1 0 1 0 00000000000000000000000000011111
    4245.0ns 1 1 0 1 0 00000000000000000000000000011111
    4250.0ns 0 1 0 1 0 00000000000000000000000000011111
    4255.0ns 1 1 0 1 0 00000000000000000000000000011111
    4260.0ns 0 1 0 1 0 00000000000000000000000000011111
    4265.0ns 1 1 0 1 0 00000000000000000000000000011111
    4270.0ns 0 1 0 1 0 00000000000000000000000000011111
    4275.0ns 1 1 0 1 0 00000000000000000000000000011111
    4280.0ns 0 1 0 1 0 00000000000000000000000000011111
    4285.0ns 1 1 0 1 0 00000000000000000000000000011111
    4290.0ns 0 1 0 1 0 00000000000000000000000000011111
    4295.0ns 1 1 0 1 0 00000000000000000000000000011111
    4300.0ns 0 1 0 1 0 00000000000000000000000000011111
    4305.0ns 1 1 0 1 0 00000000000000000000000000011111
    4310.0ns 0 1 0 1 0 00000000000000000000000000011111
    4315.0ns 1 1 0 1 0 00000000000000000000000000011111
    4320.0ns 0 1 0 1 0 00000000000000000000000000011111
    4325.0ns 1 1 0 1 0 00000000000000000000000000011111
    4330.0ns 0 1 0 1 0 00000000000000000000000000011111
    4335.0ns 1 1 0 1 0 00000000000000000000000000011111
    4340.0ns 0 1 0 1 0 00000000000000000000000000011111
    4345.0ns 1 1 0 1 0 00000000000000000000000000011111
