# do {parallel_ntt_0_butterfly_tb_compile.do}
# ** Warning: (vlib-34) Library already exists at "modelsim_lib/work".
# ** Warning: (vlib-34) Library already exists at "modelsim_lib/msim".
# ** Warning: (vlib-34) Library already exists at "modelsim_lib/msim/xil_defaultlib".
# Model Technology ModelSim SE-64 vmap 10.5 Lib Mapping Utility 2016.02 Feb 13 2016
# vmap xil_defaultlib modelsim_lib/msim/xil_defaultlib 
# Modifying modelsim.ini
# ** Warning: (vcom-159) Mode option -64 is not supported in this context and will be ignored.
# Model Technology ModelSim SE-64 vcom 10.5 Compiler 2016.02 Feb 13 2016
# Start time: 16:54:31 on Feb 06,2022
# vcom -64 -93 -work xil_defaultlib ../../../../parallel_NTT.ip_user_files/ip/parallel_ntt_0/src/mult_gen_32x32/sim/mult_gen_32x32.vhd ../../../../parallel_NTT.ip_user_files/ip/parallel_ntt_0/src/mult_gen_64x33/sim/mult_gen_64x33.vhd 
# -- Loading package STANDARD
# -- Loading package TEXTIO
# -- Loading package std_logic_1164
# -- Loading package NUMERIC_STD
# -- Compiling entity mult_gen_32x32
# -- Compiling architecture mult_gen_32x32_arch of mult_gen_32x32
# -- Compiling entity mult_gen_64x33
# -- Compiling architecture mult_gen_64x33_arch of mult_gen_64x33
# End time: 16:54:31 on Feb 06,2022, Elapsed time: 0:00:00
# Errors: 0, Warnings: 1
# ** Warning: (vlog-159) Mode option -64 is not supported in this context and will be ignored.
# Model Technology ModelSim SE-64 vlog 10.5 Compiler 2016.02 Feb 13 2016
# Start time: 16:54:31 on Feb 06,2022
# vlog -64 -incr -work xil_defaultlib "+incdir+../../../../user_rtl" "+incdir+../../../../parallel_NTT.ip_user_files/ip/parallel_ntt_0/src" ../../../../parallel_NTT.ip_user_files/ip/parallel_ntt_0/hdl/parallel_ntt_v2_0_S_AXIS.v ../../../../parallel_NTT.ip_user_files/ip/parallel_ntt_0/src/NTT_processor.v ../../../../parallel_NTT.ip_user_files/ip/parallel_ntt_0/src/mem_sp.v ../../../../parallel_NTT.ip_user_files/ip/parallel_ntt_0/src/Barret_reduce.v ../../../../parallel_NTT.ip_user_files/ip/parallel_ntt_0/src/parallel_NTT_top.v ../../../../parallel_NTT.ip_user_files/ip/parallel_ntt_0/src/mem_dp.v ../../../../parallel_NTT.ip_user_files/ip/parallel_ntt_0/hdl/parallel_ntt_v2_0_M_AXIS.v ../../../../parallel_NTT.ip_user_files/ip/parallel_ntt_0/hdl/parallel_ntt_v2_0.v ../../../../parallel_NTT.ip_user_files/ip/parallel_ntt_0/sim/parallel_ntt_0.v ../../../../user_rtl/parallel_ntt_0_wrapper.v ../../../../user_rtl/parallel_ntt_0_butterfly_tb.v 
# -- Skipping module parallel_ntt_v2_0_S_AXIS
# -- Skipping module NTT_processor
# -- Skipping module mem_sp
# -- Skipping module Barret_reduce
# -- Skipping module parallel_NTT_top
# -- Skipping module mem_dp
# -- Skipping module parallel_ntt_v2_0_M_AXIS
# -- Skipping module parallel_ntt_v2_0
# -- Skipping module parallel_ntt_0
# -- Skipping module parallel_ntt_0_wrapper
# -- Skipping module parallel_ntt_0_butterfly_tb
# 
# Top level modules:
# 	parallel_ntt_0_butterfly_tb
# End time: 16:54:31 on Feb 06,2022, Elapsed time: 0:00:00
# Errors: 0, Warnings: 1
# Model Technology ModelSim SE-64 vlog 10.5 Compiler 2016.02 Feb 13 2016
# Start time: 16:54:31 on Feb 06,2022
# vlog -work xil_defaultlib glbl.v 
# -- Compiling module glbl
# 
# Top level modules:
# 	glbl
# End time: 16:54:31 on Feb 06,2022, Elapsed time: 0:00:00
# Errors: 0, Warnings: 0
